TN:
SF:src\controllers\brandController.js
FN:3,(anonymous_0)
FN:13,(anonymous_1)
FN:27,(anonymous_2)
FN:47,(anonymous_3)
FN:68,(anonymous_4)
FNF:5
FNH:5
FNDA:2,(anonymous_0)
FNDA:3,(anonymous_1)
FNDA:6,(anonymous_2)
FNDA:5,(anonymous_3)
FNDA:5,(anonymous_4)
DA:1,1
DA:3,1
DA:4,2
DA:5,2
DA:6,1
DA:8,1
DA:9,1
DA:13,1
DA:14,3
DA:15,3
DA:16,3
DA:17,2
DA:18,1
DA:20,1
DA:22,1
DA:23,1
DA:27,1
DA:28,6
DA:29,6
DA:30,6
DA:31,2
DA:34,4
DA:35,4
DA:36,1
DA:39,3
DA:40,1
DA:42,2
DA:43,2
DA:47,1
DA:48,5
DA:49,5
DA:50,5
DA:51,2
DA:54,3
DA:55,3
DA:57,3
DA:58,1
DA:60,2
DA:61,2
DA:62,1
DA:64,1
DA:68,1
DA:69,5
DA:70,5
DA:71,5
DA:72,2
DA:75,3
DA:76,3
DA:77,1
DA:79,2
DA:80,2
DA:81,1
DA:83,1
DA:87,1
LF:54
LH:54
BRDA:17,0,0,1
BRDA:17,0,1,1
BRDA:29,1,0,6
BRDA:29,1,1,1
BRDA:30,2,0,2
BRDA:30,2,1,4
BRDA:35,3,0,1
BRDA:35,3,1,3
BRDA:43,4,0,1
BRDA:43,4,1,1
BRDA:49,5,0,5
BRDA:49,5,1,1
BRDA:50,6,0,2
BRDA:50,6,1,3
BRDA:61,7,0,1
BRDA:61,7,1,1
BRDA:70,8,0,5
BRDA:70,8,1,1
BRDA:71,9,0,2
BRDA:71,9,1,3
BRDA:80,10,0,1
BRDA:80,10,1,1
BRF:22
BRH:22
end_of_record
TN:
SF:src\controllers\reviewController.js
FN:4,(anonymous_0)
FN:18,(anonymous_1)
FN:46,(anonymous_2)
FN:63,(anonymous_3)
FN:91,(anonymous_4)
FN:112,(anonymous_5)
FN:129,(anonymous_6)
FNF:7
FNH:7
FNDA:3,(anonymous_0)
FNDA:12,(anonymous_1)
FNDA:7,(anonymous_2)
FNDA:7,(anonymous_3)
FNDA:4,(anonymous_4)
FNDA:4,(anonymous_5)
FNDA:3,(anonymous_6)
DA:1,1
DA:2,1
DA:4,1
DA:5,3
DA:6,3
DA:7,3
DA:8,1
DA:11,2
DA:12,1
DA:14,1
DA:18,1
DA:19,12
DA:20,12
DA:21,12
DA:22,12
DA:24,12
DA:25,2
DA:29,10
DA:30,10
DA:32,10
DA:33,10
DA:34,10
DA:37,8
DA:38,8
DA:39,2
DA:40,1
DA:42,2
DA:46,10
DA:48,7
DA:59,7
DA:61,7
DA:62,7
DA:64,7
DA:70,10
DA:71,3
DA:77,7
DA:85,6
DA:87,1
DA:91,1
DA:92,4
DA:93,4
DA:94,4
DA:95,4
DA:97,4
DA:98,1
DA:101,3
DA:102,1
DA:104,2
DA:105,2
DA:106,1
DA:108,1
DA:112,1
DA:113,4
DA:114,4
DA:115,4
DA:116,4
DA:118,4
DA:119,2
DA:121,2
DA:122,2
DA:123,1
DA:125,1
DA:129,1
DA:130,3
DA:131,3
DA:132,3
DA:133,1
DA:135,2
DA:136,1
DA:138,1
DA:139,1
DA:143,1
LF:72
LH:72
BRDA:7,0,0,1
BRDA:7,0,1,2
BRDA:22,1,0,12
BRDA:22,1,1,11
BRDA:22,1,2,8
BRDA:22,1,3,7
BRDA:24,2,0,2
BRDA:24,2,1,10
BRDA:24,3,0,12
BRDA:24,3,1,11
BRDA:29,4,0,10
BRDA:29,4,1,0
BRDA:38,5,0,6
BRDA:38,5,1,2
BRDA:39,6,0,1
BRDA:39,6,1,1
BRDA:39,7,0,2
BRDA:39,7,1,2
BRDA:40,8,0,1
BRDA:40,8,1,0
BRDA:40,9,0,1
BRDA:40,9,1,1
BRDA:48,10,0,7
BRDA:48,10,1,7
BRDA:48,10,2,2
BRDA:48,10,3,2
BRDA:48,10,4,1
BRDA:48,10,5,1
BRDA:48,10,6,0
BRDA:48,10,7,0
BRDA:48,10,8,0
BRDA:48,10,9,0
BRDA:59,11,0,0
BRDA:59,11,1,7
BRDA:61,12,0,7
BRDA:61,12,1,0
BRDA:64,13,0,7
BRDA:64,13,1,2
BRDA:64,13,2,1
BRDA:70,14,0,3
BRDA:70,14,1,7
BRDA:97,15,0,1
BRDA:97,15,1,3
BRDA:105,16,0,1
BRDA:105,16,1,1
BRDA:105,17,0,2
BRDA:105,17,1,1
BRDA:115,18,0,4
BRDA:115,18,1,1
BRDA:122,19,0,1
BRDA:122,19,1,1
BRDA:122,20,0,2
BRDA:122,20,1,1
BRDA:131,21,0,3
BRDA:131,21,1,0
BRDA:132,22,0,1
BRDA:132,22,1,2
BRF:57
BRH:48
end_of_record
TN:
SF:src\controllers\wishlistController.js
FN:3,(anonymous_0)
FN:17,(anonymous_1)
FN:32,(anonymous_2)
FNF:3
FNH:3
FNDA:3,(anonymous_0)
FNDA:3,(anonymous_1)
FNDA:3,(anonymous_2)
DA:1,1
DA:3,1
DA:4,3
DA:5,3
DA:6,3
DA:7,1
DA:10,2
DA:11,1
DA:13,1
DA:17,1
DA:18,3
DA:19,3
DA:20,3
DA:21,3
DA:22,1
DA:25,2
DA:26,1
DA:28,1
DA:32,1
DA:33,3
DA:34,3
DA:35,3
DA:36,3
DA:37,1
DA:40,2
DA:41,1
DA:43,1
DA:47,1
LF:28
LH:28
BRDA:6,0,0,1
BRDA:6,0,1,2
BRDA:21,1,0,1
BRDA:21,1,1,2
BRDA:36,2,0,1
BRDA:36,2,1,2
BRF:6
BRH:6
end_of_record
TN:
SF:src\middleware\authMiddleware.js
FN:3,(anonymous_0)
FNF:1
FNH:1
FNDA:4,(anonymous_0)
DA:1,1
DA:3,1
DA:4,4
DA:5,4
DA:6,4
DA:7,1
DA:13,3
DA:14,3
DA:15,1
DA:21,2
DA:22,1
DA:23,1
DA:25,1
DA:32,1
LF:14
LH:14
BRDA:6,0,0,1
BRDA:6,0,1,3
BRDA:14,1,0,1
BRDA:14,1,1,2
BRDA:25,2,0,1
BRDA:25,2,1,1
BRDA:27,3,0,1
BRDA:27,3,1,0
BRF:8
BRH:7
end_of_record
TN:
SF:src\services\brandService.js
FN:5,(anonymous_0)
FN:14,(anonymous_1)
FN:24,(anonymous_2)
FN:47,(anonymous_3)
FN:76,(anonymous_4)
FNF:5
FNH:5
FNDA:2,(anonymous_0)
FNDA:7,(anonymous_1)
FNDA:2,(anonymous_2)
FNDA:4,(anonymous_3)
FNDA:2,(anonymous_4)
DA:1,2
DA:2,2
DA:3,2
DA:5,2
DA:6,2
DA:11,2
DA:14,2
DA:15,7
DA:21,7
DA:24,2
DA:25,2
DA:26,1
DA:29,1
DA:30,1
DA:38,1
DA:44,1
DA:47,2
DA:48,4
DA:49,4
DA:50,1
DA:53,3
DA:54,3
DA:55,3
DA:57,3
DA:73,3
DA:76,2
DA:77,2
DA:78,2
DA:79,1
DA:82,1
DA:88,1
DA:91,2
LF:32
LH:32
BRDA:11,0,0,2
BRDA:11,0,1,1
BRDA:25,1,0,1
BRDA:25,1,1,1
BRDA:25,2,0,2
BRDA:25,2,1,1
BRDA:33,3,0,1
BRDA:33,3,1,1
BRDA:34,4,0,1
BRDA:34,4,1,1
BRDA:49,5,0,1
BRDA:49,5,1,3
BRDA:53,6,0,1
BRDA:53,6,1,2
BRDA:53,7,0,3
BRDA:53,7,1,1
BRDA:54,8,0,0
BRDA:54,8,1,3
BRDA:54,9,0,3
BRDA:54,9,1,2
BRDA:55,10,0,0
BRDA:55,10,1,3
BRDA:55,11,0,3
BRDA:55,11,1,2
BRDA:78,12,0,1
BRDA:78,12,1,1
BRF:26
BRH:24
end_of_record
TN:
SF:src\services\reviewService.js
FN:5,(anonymous_0)
FN:19,(anonymous_1)
FN:40,(anonymous_2)
FN:50,(anonymous_3)
FN:78,(anonymous_4)
FN:97,(anonymous_5)
FNF:6
FNH:6
FNDA:2,(anonymous_0)
FNDA:2,(anonymous_1)
FNDA:8,(anonymous_2)
FNDA:4,(anonymous_3)
FNDA:4,(anonymous_4)
FNDA:2,(anonymous_5)
DA:1,2
DA:2,2
DA:3,2
DA:5,2
DA:6,2
DA:16,2
DA:19,2
DA:20,2
DA:21,2
DA:31,2
DA:37,2
DA:40,2
DA:41,8
DA:47,8
DA:50,2
DA:51,4
DA:52,4
DA:53,1
DA:55,3
DA:56,1
DA:59,2
DA:75,2
DA:78,2
DA:79,4
DA:80,4
DA:81,1
DA:83,3
DA:84,3
DA:85,1
DA:88,2
DA:94,2
DA:97,2
DA:98,2
DA:103,2
DA:106,2
LF:35
LH:35
BRDA:16,0,0,2
BRDA:16,0,1,1
BRDA:25,1,0,2
BRDA:25,1,1,2
BRDA:27,2,0,2
BRDA:27,2,1,1
BRDA:52,3,0,1
BRDA:52,3,1,3
BRDA:55,4,0,1
BRDA:55,4,1,2
BRDA:69,5,0,2
BRDA:69,5,1,1
BRDA:78,6,0,1
BRDA:80,7,0,1
BRDA:80,7,1,3
BRDA:84,8,0,1
BRDA:84,8,1,2
BRDA:84,9,0,3
BRDA:84,9,1,1
BRDA:103,10,0,2
BRDA:103,10,1,1
BRF:21
BRH:21
end_of_record
TN:
SF:src\services\wishlistService.js
FN:4,(anonymous_0)
FN:14,(anonymous_1)
FN:28,(anonymous_2)
FN:30,(anonymous_3)
FNF:4
FNH:4
FNDA:3,(anonymous_0)
FNDA:2,(anonymous_1)
FNDA:1,(anonymous_2)
FNDA:1,(anonymous_3)
DA:1,2
DA:2,2
DA:4,2
DA:5,3
DA:11,3
DA:14,2
DA:15,2
DA:16,2
DA:17,1
DA:19,2
DA:25,2
DA:28,2
DA:29,1
DA:30,1
DA:31,1
DA:37,1
DA:40,2
LF:17
LH:17
BRDA:11,0,0,3
BRDA:11,0,1,1
BRDA:16,1,0,1
BRDA:16,1,1,1
BRF:4
BRH:4
end_of_record
TN:
SF:src\utils\cognitoVerifier.js
FN:10,(anonymous_0)
FN:22,(anonymous_1)
FNF:2
FNH:2
FNDA:5,(anonymous_0)
FNDA:3,(anonymous_1)
DA:1,2
DA:3,2
DA:10,2
DA:11,5
DA:12,5
DA:13,1
DA:15,4
DA:16,4
DA:17,4
DA:18,4
DA:22,2
DA:23,3
DA:24,2
DA:25,2
DA:26,1
DA:28,1
DA:31,2
LF:17
LH:17
BRDA:7,0,0,2
BRDA:7,0,1,0
BRDA:23,1,0,1
BRDA:23,1,1,2
BRDA:25,2,0,1
BRDA:25,2,1,1
BRDA:25,3,0,2
BRDA:25,3,1,1
BRF:8
BRH:7
end_of_record
TN:
SF:src\utils\db.js
FNF:0
FNH:0
DA:1,8
DA:2,8
DA:4,8
DA:5,8
DA:8,8
DA:9,0
DA:12,8
DA:14,8
DA:15,8
DA:16,8
DA:18,8
LF:11
LH:10
BRDA:6,0,0,8
BRDA:6,0,1,0
BRDA:8,1,0,0
BRDA:8,1,1,8
BRDA:14,2,0,8
BRDA:14,2,1,5
BRDA:15,3,0,8
BRDA:15,3,1,5
BRDA:16,4,0,8
BRDA:16,4,1,8
BRF:10
BRH:8
end_of_record
