TN:
SF:src\app.js
FN:17,(anonymous_0)
FN:28,(anonymous_1)
FN:42,(anonymous_2)
FNF:3
FNH:3
FNDA:1,(anonymous_0)
FNDA:4,(anonymous_1)
FNDA:4,(anonymous_2)
DA:1,2
DA:2,2
DA:3,2
DA:4,2
DA:5,2
DA:6,2
DA:8,2
DA:9,2
DA:10,2
DA:12,2
DA:13,2
DA:14,2
DA:17,2
DA:18,1
DA:21,2
DA:22,2
DA:25,2
DA:26,2
DA:29,4
DA:30,4
DA:31,3
DA:33,1
DA:39,2
DA:40,2
DA:42,2
DA:43,4
DA:55,2
DA:57,2
DA:58,2
DA:60,2
DA:61,2
DA:63,2
LF:32
LH:32
BRDA:13,0,0,2
BRDA:13,0,1,0
BRDA:18,1,0,1
BRDA:18,1,1,0
BRDA:29,2,0,4
BRDA:29,2,1,3
BRDA:29,2,2,2
BRDA:29,2,3,2
BRDA:30,3,0,3
BRDA:30,3,1,1
BRDA:57,4,0,2
BRDA:57,4,1,0
BRF:12
BRH:9
end_of_record
TN:
SF:src\config\cognitoConfig.js
FN:9,(anonymous_0)
FN:29,(anonymous_1)
FNF:2
FNH:2
FNDA:4,(anonymous_0)
FNDA:4,(anonymous_1)
DA:3,6
DA:9,6
DA:10,4
DA:12,4
DA:13,1
DA:16,4
DA:17,1
DA:20,4
DA:21,1
DA:24,4
DA:25,3
DA:29,6
DA:30,4
DA:31,1
DA:34,6
LF:15
LH:15
BRDA:12,0,0,1
BRDA:12,0,1,3
BRDA:16,1,0,1
BRDA:16,1,1,3
BRDA:20,2,0,1
BRDA:20,2,1,3
BRDA:24,3,0,3
BRDA:24,3,1,1
BRF:8
BRH:8
end_of_record
TN:
SF:src\controllers\userController.js
FN:4,(anonymous_0)
FN:20,(anonymous_1)
FN:29,(anonymous_2)
FN:38,(anonymous_3)
FN:48,(anonymous_4)
FNF:5
FNH:5
FNDA:2,(anonymous_0)
FNDA:2,(anonymous_1)
FNDA:2,(anonymous_2)
FNDA:3,(anonymous_3)
FNDA:2,(anonymous_4)
DA:1,3
DA:2,3
DA:4,3
DA:5,2
DA:6,2
DA:8,2
DA:9,2
DA:10,1
DA:12,1
DA:14,1
DA:16,1
DA:20,3
DA:21,2
DA:22,2
DA:23,1
DA:25,1
DA:29,3
DA:30,2
DA:31,2
DA:32,1
DA:34,1
DA:38,3
DA:39,3
DA:40,3
DA:41,2
DA:42,1
DA:44,1
DA:48,3
DA:49,2
DA:50,2
DA:51,1
DA:53,1
DA:57,3
LF:33
LH:33
BRDA:41,0,0,1
BRDA:41,0,1,1
BRF:2
BRH:2
end_of_record
TN:
SF:src\middleware\authMiddleware.js
FN:4,(anonymous_0)
FNF:1
FNH:1
FNDA:4,(anonymous_0)
DA:1,3
DA:2,3
DA:4,3
DA:5,4
DA:6,4
DA:8,4
DA:9,1
DA:14,3
DA:15,3
DA:17,3
DA:18,1
DA:24,2
DA:25,2
DA:26,1
DA:27,1
DA:28,1
DA:30,1
DA:31,1
DA:33,1
DA:40,3
LF:20
LH:20
BRDA:8,0,0,1
BRDA:8,0,1,3
BRDA:17,1,0,1
BRDA:17,1,1,2
BRDA:30,2,0,1
BRDA:30,2,1,1
BRDA:31,3,0,1
BRDA:31,3,1,0
BRF:8
BRH:7
end_of_record
TN:
SF:src\middleware\errorMiddleware.js
FN:1,(anonymous_0)
FNF:1
FNH:1
FNDA:2,(anonymous_0)
DA:1,3
DA:2,2
DA:3,2
DA:10,3
LF:4
LH:4
BRDA:2,0,0,2
BRDA:2,0,1,1
BRDA:5,1,0,2
BRDA:5,1,1,1
BRDA:6,2,0,2
BRDA:6,2,1,0
BRF:6
BRH:5
end_of_record
TN:
SF:src\middleware\notFoundMiddleware.js
FN:1,(anonymous_0)
FNF:1
FNH:1
FNDA:1,(anonymous_0)
DA:1,3
DA:2,1
DA:5,3
LF:3
LH:3
BRF:0
BRH:0
end_of_record
TN:
SF:src\middleware\roleMiddleware.js
FN:3,(anonymous_0)
FN:4,(anonymous_1)
FN:11,(anonymous_2)
FNF:3
FNH:3
FNDA:14,(anonymous_0)
FNDA:4,(anonymous_1)
FNDA:2,(anonymous_2)
DA:1,3
DA:3,3
DA:4,14
DA:5,4
DA:6,4
DA:7,1
DA:10,2
DA:11,2
DA:13,2
DA:14,1
DA:21,1
DA:23,1
DA:28,3
LF:13
LH:13
BRDA:6,0,0,1
BRDA:6,0,1,2
BRDA:10,1,0,2
BRDA:10,1,1,0
BRDA:13,2,0,1
BRDA:13,2,1,1
BRF:6
BRH:5
end_of_record
TN:
SF:src\routes\userRoutes.js
FNF:0
FNH:0
DA:1,2
DA:2,2
DA:3,2
DA:4,2
DA:5,2
DA:7,2
DA:8,2
DA:10,2
DA:11,2
DA:12,2
DA:14,2
LF:11
LH:11
BRF:0
BRH:0
end_of_record
TN:
SF:src\services\userService.js
FN:4,(anonymous_0)
FN:15,(anonymous_1)
FN:30,(anonymous_2)
FN:42,(anonymous_3)
FN:59,(anonymous_4)
FN:98,(anonymous_5)
FNF:6
FNH:6
FNDA:2,(anonymous_0)
FNDA:9,(anonymous_1)
FNDA:2,(anonymous_2)
FNDA:2,(anonymous_3)
FNDA:3,(anonymous_4)
FNDA:1,(anonymous_5)
DA:1,4
DA:2,4
DA:4,4
DA:15,4
DA:16,9
DA:18,9
DA:25,9
DA:27,9
DA:30,4
DA:31,2
DA:33,2
DA:34,1
DA:37,1
DA:38,1
DA:39,1
DA:42,4
DA:43,2
DA:45,2
DA:46,1
DA:48,1
DA:56,2
DA:59,4
DA:60,3
DA:62,3
DA:63,1
DA:64,1
DA:65,1
DA:68,2
DA:77,2
DA:95,2
DA:98,4
DA:99,1
DA:100,1
DA:103,4
LF:34
LH:34
BRDA:27,0,0,9
BRDA:27,0,1,4
BRDA:33,1,0,1
BRDA:33,1,1,1
BRDA:45,2,0,1
BRDA:45,2,1,1
BRDA:62,3,0,1
BRDA:62,3,1,2
BRDA:69,4,0,1
BRDA:69,4,1,1
BRDA:70,5,0,1
BRDA:70,5,1,1
BRDA:71,6,0,1
BRDA:71,6,1,1
BRDA:72,7,0,1
BRDA:72,7,1,1
BRDA:73,8,0,1
BRDA:73,8,1,1
BRDA:88,9,0,1
BRDA:88,9,1,1
BRDA:99,10,0,0
BRF:21
BRH:20
end_of_record
TN:
SF:src\utils\cognitoVerifier.js
FN:5,(anonymous_0)
FN:16,(anonymous_1)
FN:31,(anonymous_2)
FN:47,(anonymous_3)
FN:82,(anonymous_4)
FNF:5
FNH:5
FNDA:3,(anonymous_0)
FNDA:3,(anonymous_1)
FNDA:7,(anonymous_2)
FNDA:5,(anonymous_3)
FNDA:3,(anonymous_4)
DA:5,4
DA:6,3
DA:7,1
DA:8,1
DA:10,0
DA:13,3
DA:16,4
DA:17,3
DA:19,3
DA:28,4
DA:29,4
DA:31,4
DA:32,7
DA:39,5
DA:42,2
DA:43,2
DA:44,2
DA:47,4
DA:48,5
DA:49,5
DA:50,5
DA:51,1
DA:53,4
DA:54,1
DA:55,1
DA:56,1
DA:57,1
DA:60,3
DA:61,1
DA:62,1
DA:63,1
DA:64,1
DA:67,2
DA:68,1
DA:69,1
DA:70,1
DA:71,1
DA:74,1
DA:75,1
DA:76,1
DA:77,1
DA:78,1
DA:82,4
DA:83,3
DA:84,1
DA:87,2
DA:89,2
DA:90,1
DA:93,1
DA:96,4
LF:50
LH:49
BRDA:6,0,0,1
BRDA:6,0,1,2
BRDA:32,1,0,5
BRDA:32,1,1,2
BRDA:33,2,0,7
BRDA:33,2,1,6
BRDA:33,2,2,6
BRDA:33,2,3,5
BRDA:33,2,4,5
BRDA:53,3,0,1
BRDA:53,3,1,3
BRDA:60,4,0,1
BRDA:60,4,1,2
BRDA:60,5,0,3
BRDA:60,5,1,2
BRDA:67,6,0,1
BRDA:67,6,1,1
BRDA:67,7,0,2
BRDA:67,7,1,1
BRDA:83,8,0,1
BRDA:83,8,1,2
BRDA:89,9,0,1
BRDA:89,9,1,1
BRDA:89,10,0,2
BRDA:89,10,1,1
BRF:25
BRH:25
end_of_record
TN:
SF:src\utils\fileHandler.js
FNF:0
FNH:0
DA:1,6
DA:2,6
DA:3,6
DA:5,6
DA:9,6
DA:10,3
DA:13,6
DA:15,6
DA:17,6
LF:9
LH:9
BRDA:9,0,0,3
BRDA:9,0,1,3
BRF:2
BRH:2
end_of_record
TN:
SF:src\utils\responseHandler.js
FN:1,(anonymous_0)
FN:5,(anonymous_1)
FNF:2
FNH:2
FNDA:6,(anonymous_0)
FNDA:5,(anonymous_1)
DA:1,5
DA:2,6
DA:5,5
DA:6,5
DA:9,5
LF:5
LH:5
BRDA:1,0,0,5
BRDA:5,1,0,0
BRF:2
BRH:1
end_of_record
TN:
SF:src\validations\userValidation.js
FN:3,(anonymous_0)
FNF:1
FNH:1
FNDA:1,(anonymous_0)
DA:1,3
DA:3,3
DA:4,1
DA:5,1
DA:6,0
DA:8,1
DA:11,3
DA:25,3
LF:8
LH:7
BRDA:5,0,0,0
BRDA:5,0,1,1
BRF:2
BRH:1
end_of_record
