TN:
SF:src\config\cognitoConfig.js
FN:9,(anonymous_0)
FN:29,(anonymous_1)
FNF:2
FNH:2
FNDA:1,(anonymous_0)
FNDA:1,(anonymous_1)
DA:3,1
DA:9,1
DA:10,1
DA:12,1
DA:13,0
DA:16,1
DA:17,0
DA:20,1
DA:21,0
DA:24,1
DA:25,0
DA:29,1
DA:30,1
DA:31,1
DA:34,1
LF:15
LH:11
BRDA:12,0,0,0
BRDA:12,0,1,1
BRDA:16,1,0,0
BRDA:16,1,1,1
BRDA:20,2,0,0
BRDA:20,2,1,1
BRDA:24,3,0,0
BRDA:24,3,1,1
BRF:8
BRH:4
end_of_record
TN:
SF:src\controllers\userController.js
FN:4,(anonymous_0)
FN:20,(anonymous_1)
FN:29,(anonymous_2)
FN:38,(anonymous_3)
FN:48,(anonymous_4)
FNF:5
FNH:5
FNDA:2,(anonymous_0)
FNDA:2,(anonymous_1)
FNDA:2,(anonymous_2)
FNDA:3,(anonymous_3)
FNDA:2,(anonymous_4)
DA:1,1
DA:2,1
DA:4,1
DA:5,2
DA:6,2
DA:8,2
DA:9,2
DA:10,1
DA:12,1
DA:14,1
DA:16,1
DA:20,1
DA:21,2
DA:22,2
DA:23,1
DA:25,1
DA:29,1
DA:30,2
DA:31,2
DA:32,1
DA:34,1
DA:38,1
DA:39,3
DA:40,3
DA:41,2
DA:42,1
DA:44,1
DA:48,1
DA:49,2
DA:50,2
DA:51,1
DA:53,1
DA:57,1
LF:33
LH:33
BRDA:41,0,0,1
BRDA:41,0,1,1
BRF:2
BRH:2
end_of_record
TN:
SF:src\middleware\authMiddleware.js
FN:4,(anonymous_0)
FNF:1
FNH:1
FNDA:4,(anonymous_0)
DA:1,1
DA:2,1
DA:4,1
DA:5,4
DA:6,4
DA:8,4
DA:9,1
DA:14,3
DA:15,3
DA:17,3
DA:18,1
DA:24,2
DA:25,2
DA:26,1
DA:27,1
DA:28,1
DA:30,1
DA:31,1
DA:33,1
DA:40,1
LF:20
LH:20
BRDA:8,0,0,1
BRDA:8,0,1,3
BRDA:17,1,0,1
BRDA:17,1,1,2
BRDA:30,2,0,1
BRDA:30,2,1,1
BRDA:31,3,0,1
BRDA:31,3,1,0
BRF:8
BRH:7
end_of_record
TN:
SF:src\middleware\errorMiddleware.js
FN:1,(anonymous_0)
FNF:1
FNH:1
FNDA:2,(anonymous_0)
DA:1,1
DA:2,2
DA:3,2
DA:10,1
LF:4
LH:4
BRDA:2,0,0,2
BRDA:2,0,1,1
BRDA:5,1,0,2
BRDA:5,1,1,1
BRDA:6,2,0,2
BRDA:6,2,1,0
BRF:6
BRH:5
end_of_record
TN:
SF:src\middleware\notFoundMiddleware.js
FN:1,(anonymous_0)
FNF:1
FNH:1
FNDA:1,(anonymous_0)
DA:1,1
DA:2,1
DA:5,1
LF:3
LH:3
BRF:0
BRH:0
end_of_record
TN:
SF:src\middleware\roleMiddleware.js
FN:3,(anonymous_0)
FN:4,(anonymous_1)
FN:11,(anonymous_2)
FNF:3
FNH:3
FNDA:4,(anonymous_0)
FNDA:4,(anonymous_1)
FNDA:2,(anonymous_2)
DA:1,1
DA:3,1
DA:4,4
DA:5,4
DA:6,4
DA:7,1
DA:10,2
DA:11,2
DA:13,2
DA:14,1
DA:21,1
DA:23,1
DA:28,1
LF:13
LH:13
BRDA:6,0,0,1
BRDA:6,0,1,2
BRDA:10,1,0,2
BRDA:10,1,1,0
BRDA:13,2,0,1
BRDA:13,2,1,1
BRF:6
BRH:5
end_of_record
TN:
SF:src\services\userService.js
FN:4,(anonymous_0)
FN:15,(anonymous_1)
FN:30,(anonymous_2)
FN:42,(anonymous_3)
FN:59,(anonymous_4)
FN:98,(anonymous_5)
FNF:6
FNH:6
FNDA:2,(anonymous_0)
FNDA:8,(anonymous_1)
FNDA:2,(anonymous_2)
FNDA:2,(anonymous_3)
FNDA:2,(anonymous_4)
FNDA:1,(anonymous_5)
DA:1,2
DA:2,2
DA:4,2
DA:15,2
DA:16,8
DA:18,8
DA:25,8
DA:27,8
DA:30,2
DA:31,2
DA:33,2
DA:34,1
DA:37,1
DA:38,1
DA:39,1
DA:42,2
DA:43,2
DA:45,2
DA:46,1
DA:48,1
DA:56,2
DA:59,2
DA:60,2
DA:62,2
DA:63,1
DA:64,1
DA:65,1
DA:68,1
DA:77,1
DA:95,1
DA:98,2
DA:99,1
DA:100,1
DA:103,2
LF:34
LH:34
BRDA:27,0,0,8
BRDA:27,0,1,4
BRDA:33,1,0,1
BRDA:33,1,1,1
BRDA:45,2,0,1
BRDA:45,2,1,1
BRDA:62,3,0,1
BRDA:62,3,1,1
BRDA:69,4,0,1
BRDA:69,4,1,0
BRDA:70,5,0,0
BRDA:70,5,1,1
BRDA:71,6,0,0
BRDA:71,6,1,1
BRDA:72,7,0,0
BRDA:72,7,1,1
BRDA:73,8,0,0
BRDA:73,8,1,1
BRDA:88,9,0,0
BRDA:88,9,1,1
BRDA:99,10,0,0
BRF:21
BRH:14
end_of_record
TN:
SF:src\utils\cognitoVerifier.js
FN:5,(anonymous_0)
FN:16,(anonymous_1)
FN:31,(anonymous_2)
FN:47,(anonymous_3)
FN:82,(anonymous_4)
FNF:5
FNH:5
FNDA:3,(anonymous_0)
FNDA:3,(anonymous_1)
FNDA:7,(anonymous_2)
FNDA:5,(anonymous_3)
FNDA:3,(anonymous_4)
DA:5,2
DA:6,3
DA:7,1
DA:8,1
DA:10,0
DA:13,3
DA:16,2
DA:17,3
DA:19,3
DA:28,2
DA:29,2
DA:31,2
DA:32,7
DA:39,5
DA:42,2
DA:43,2
DA:44,2
DA:47,2
DA:48,5
DA:49,5
DA:50,5
DA:51,1
DA:53,4
DA:54,1
DA:55,1
DA:56,1
DA:57,1
DA:60,3
DA:61,1
DA:62,1
DA:63,1
DA:64,1
DA:67,2
DA:68,1
DA:69,1
DA:70,1
DA:71,1
DA:74,1
DA:75,1
DA:76,1
DA:77,1
DA:78,1
DA:82,2
DA:83,3
DA:84,1
DA:87,2
DA:89,2
DA:90,1
DA:93,1
DA:96,2
LF:50
LH:49
BRDA:6,0,0,1
BRDA:6,0,1,2
BRDA:32,1,0,5
BRDA:32,1,1,2
BRDA:33,2,0,7
BRDA:33,2,1,6
BRDA:33,2,2,6
BRDA:33,2,3,5
BRDA:33,2,4,5
BRDA:53,3,0,1
BRDA:53,3,1,3
BRDA:60,4,0,1
BRDA:60,4,1,2
BRDA:60,5,0,3
BRDA:60,5,1,2
BRDA:67,6,0,1
BRDA:67,6,1,1
BRDA:67,7,0,2
BRDA:67,7,1,1
BRDA:83,8,0,1
BRDA:83,8,1,2
BRDA:89,9,0,1
BRDA:89,9,1,1
BRDA:89,10,0,2
BRDA:89,10,1,1
BRF:25
BRH:25
end_of_record
TN:
SF:src\utils\createTables.js
FN:13,(anonymous_0)
FN:23,(anonymous_1)
FN:42,(anonymous_2)
FN:48,(anonymous_3)
FNF:4
FNH:3
FNDA:1,(anonymous_0)
FNDA:1,(anonymous_1)
FNDA:1,(anonymous_2)
FNDA:0,(anonymous_3)
DA:1,1
DA:3,1
DA:5,1
DA:13,1
DA:14,1
DA:15,1
DA:16,1
DA:18,0
DA:19,0
DA:23,1
DA:24,1
DA:26,1
DA:27,1
DA:28,1
DA:31,0
DA:39,0
DA:42,1
DA:43,1
DA:44,1
DA:45,1
DA:48,1
DA:49,0
DA:50,0
LF:23
LH:17
BRDA:18,0,0,0
BRDA:18,0,1,0
BRDA:24,1,0,1
BRDA:24,1,1,0
BRDA:26,2,0,1
BRDA:26,2,1,0
BRF:6
BRH:2
end_of_record
TN:
SF:src\utils\fileHandler.js
FNF:0
FNH:0
DA:1,3
DA:2,3
DA:4,3
DA:8,3
DA:10,3
DA:12,3
LF:6
LH:6
BRF:0
BRH:0
end_of_record
TN:
SF:src\utils\responseHandler.js
FN:1,(anonymous_0)
FN:5,(anonymous_1)
FNF:2
FNH:2
FNDA:6,(anonymous_0)
FNDA:5,(anonymous_1)
DA:1,3
DA:2,6
DA:5,3
DA:6,5
DA:9,3
LF:5
LH:5
BRDA:1,0,0,5
BRDA:5,1,0,0
BRF:2
BRH:1
end_of_record
TN:
SF:src\validations\userValidation.js
FN:3,(anonymous_0)
FNF:1
FNH:1
FNDA:1,(anonymous_0)
DA:1,1
DA:3,1
DA:4,1
DA:5,1
DA:6,0
DA:8,1
DA:11,1
DA:25,1
LF:8
LH:7
BRDA:5,0,0,0
BRDA:5,0,1,1
BRF:2
BRH:1
end_of_record
TN:
SF:tests\validationHelper.js
FN:1,(anonymous_0)
FN:3,(anonymous_1)
FN:8,(anonymous_2)
FN:17,(anonymous_3)
FN:23,(anonymous_4)
FN:29,(anonymous_5)
FNF:6
FNH:4
FNDA:1,(anonymous_0)
FNDA:11,(anonymous_1)
FNDA:11,(anonymous_2)
FNDA:0,(anonymous_3)
FNDA:0,(anonymous_4)
FNDA:11,(anonymous_5)
DA:1,1
DA:2,1
DA:3,11
DA:4,11
DA:5,11
DA:6,11
DA:8,11
DA:9,11
DA:10,11
DA:11,11
DA:12,11
DA:13,11
DA:17,11
DA:18,0
DA:19,0
DA:20,0
DA:23,11
DA:24,0
DA:25,0
DA:26,0
DA:29,11
DA:30,11
DA:33,11
DA:36,1
LF:24
LH:18
BRDA:9,0,0,11
BRDA:9,0,1,0
BRDA:33,1,0,0
BRDA:33,1,1,11
BRF:4
BRH:2
end_of_record
