TN:
SF:src\clients\apiClient.js
FN:29,(anonymous_0)
FN:39,(anonymous_1)
FN:40,(anonymous_2)
FN:65,(anonymous_3)
FNF:4
FNH:3
FNDA:23,(anonymous_0)
FNDA:1,(anonymous_1)
FNDA:3,(anonymous_2)
FNDA:0,(anonymous_3)
DA:1,8
DA:2,8
DA:3,8
DA:6,8
DA:14,8
DA:29,8
DA:30,23
DA:38,23
DA:39,1
DA:41,3
DA:43,3
DA:44,1
DA:48,2
DA:49,2
DA:54,2
DA:56,2
DA:57,0
DA:59,0
DA:61,0
DA:65,0
DA:66,0
DA:70,2
DA:71,2
DA:72,2
DA:73,2
DA:75,2
DA:79,23
DA:82,8
LF:28
LH:23
BRDA:43,0,0,1
BRDA:43,0,1,2
BRDA:48,1,0,2
BRDA:48,1,1,1
BRDA:54,2,0,2
BRDA:54,2,1,2
BRDA:54,2,2,1
BRDA:56,3,0,0
BRDA:56,3,1,2
BRDA:56,4,0,2
BRDA:56,4,1,1
BRDA:62,5,0,0
BRDA:62,5,1,0
BRDA:70,6,0,2
BRDA:70,6,1,1
BRDA:70,6,2,1
BRDA:72,7,0,2
BRDA:72,7,1,0
BRF:18
BRH:14
end_of_record
TN:
SF:src\clients\categoryClient.js
FN:10,(anonymous_0)
FN:27,(anonymous_1)
FNF:2
FNH:2
FNDA:1,(anonymous_0)
FNDA:1,(anonymous_1)
DA:1,3
DA:3,3
DA:10,3
DA:13,1
DA:17,1
DA:20,1
DA:27,3
DA:28,1
DA:29,1
DA:31,1
DA:32,1
DA:33,1
DA:34,1
DA:36,0
DA:40,3
LF:15
LH:14
BRDA:13,0,0,0
BRDA:13,0,1,1
BRDA:20,1,0,1
BRDA:20,1,1,1
BRF:4
BRH:3
end_of_record
TN:
SF:src\clients\couponClient.js
FN:10,(anonymous_0)
FN:26,(anonymous_1)
FNF:2
FNH:2
FNDA:1,(anonymous_0)
FNDA:1,(anonymous_1)
DA:1,3
DA:3,3
DA:10,3
DA:11,1
DA:15,1
DA:18,1
DA:26,3
DA:27,1
DA:30,1
DA:31,1
DA:32,1
DA:35,0
DA:36,0
DA:37,0
DA:40,0
DA:41,0
DA:42,0
DA:43,0
DA:44,0
DA:46,0
DA:56,3
LF:21
LH:12
BRDA:11,0,0,0
BRDA:11,0,1,1
BRDA:18,1,0,1
BRDA:18,1,1,1
BRDA:48,2,0,0
BRDA:48,2,1,0
BRDA:48,2,2,0
BRF:7
BRH:3
end_of_record
TN:
SF:src\clients\inventoryClient.js
FN:10,(anonymous_0)
FN:26,(anonymous_1)
FN:41,(anonymous_2)
FNF:3
FNH:2
FNDA:1,(anonymous_0)
FNDA:0,(anonymous_1)
FNDA:1,(anonymous_2)
DA:1,3
DA:3,3
DA:10,3
DA:11,1
DA:15,1
DA:18,1
DA:26,3
DA:27,0
DA:31,0
DA:34,0
DA:41,3
DA:42,1
DA:43,1
DA:44,1
DA:45,1
DA:46,1
DA:47,1
DA:49,0
DA:53,3
LF:19
LH:15
BRDA:11,0,0,0
BRDA:11,0,1,1
BRDA:18,1,0,1
BRDA:18,1,1,1
BRDA:27,2,0,0
BRDA:27,2,1,0
BRDA:34,3,0,0
BRDA:34,3,1,0
BRDA:44,4,0,1
BRDA:44,4,1,0
BRF:10
BRH:4
end_of_record
TN:
SF:src\clients\orderClient.js
FN:11,(anonymous_0)
FN:28,(anonymous_1)
FNF:2
FNH:1
FNDA:1,(anonymous_0)
FNDA:0,(anonymous_1)
DA:1,3
DA:3,3
DA:11,3
DA:12,1
DA:13,1
DA:17,1
DA:21,1
DA:28,3
DA:29,0
DA:30,0
DA:31,0
DA:32,0
DA:33,0
DA:34,0
DA:36,0
DA:40,3
LF:16
LH:9
BRDA:11,0,0,1
BRDA:13,1,0,0
BRDA:13,1,1,1
BRDA:31,2,0,0
BRDA:31,2,1,0
BRF:5
BRH:2
end_of_record
TN:
SF:src\clients\paymentClient.js
FN:10,(anonymous_0)
FN:25,(anonymous_1)
FNF:2
FNH:2
FNDA:1,(anonymous_0)
FNDA:1,(anonymous_1)
DA:1,3
DA:3,3
DA:10,3
DA:11,1
DA:15,1
DA:18,1
DA:25,3
DA:26,1
DA:27,1
DA:28,1
DA:29,1
DA:30,1
DA:31,1
DA:33,0
DA:37,3
LF:15
LH:14
BRDA:11,0,0,0
BRDA:11,0,1,1
BRDA:18,1,0,1
BRDA:18,1,1,1
BRDA:28,2,0,1
BRDA:28,2,1,0
BRF:6
BRH:4
end_of_record
TN:
SF:src\clients\productClient.js
FN:10,(anonymous_0)
FN:26,(anonymous_1)
FNF:2
FNH:2
FNDA:1,(anonymous_0)
FNDA:1,(anonymous_1)
DA:1,3
DA:3,3
DA:10,3
DA:11,1
DA:15,1
DA:19,1
DA:26,3
DA:27,1
DA:28,1
DA:29,1
DA:30,1
DA:31,1
DA:32,1
DA:34,0
DA:38,3
LF:15
LH:14
BRDA:11,0,0,0
BRDA:11,0,1,1
BRDA:19,1,0,1
BRDA:19,1,1,1
BRDA:19,1,2,1
BRDA:29,2,0,1
BRDA:29,2,1,0
BRF:7
BRH:5
end_of_record
TN:
SF:src\config\cognitoConfig.js
FN:19,(anonymous_0)
FN:44,(anonymous_1)
FNF:2
FNH:2
FNDA:1,(anonymous_0)
FNDA:1,(anonymous_1)
DA:10,1
DA:19,1
DA:20,1
DA:22,1
DA:23,0
DA:26,1
DA:27,0
DA:30,1
DA:31,0
DA:34,1
DA:35,0
DA:44,1
DA:45,1
DA:46,1
DA:49,1
LF:15
LH:11
BRDA:22,0,0,0
BRDA:22,0,1,1
BRDA:26,1,0,0
BRDA:26,1,1,1
BRDA:30,2,0,0
BRDA:30,2,1,1
BRDA:34,3,0,0
BRDA:34,3,1,1
BRF:8
BRH:4
end_of_record
TN:
SF:src\controllers\analyticsController.js
FN:4,(anonymous_0)
FN:14,(anonymous_1)
FN:25,(anonymous_2)
FN:35,(anonymous_3)
FN:45,(anonymous_4)
FN:55,(anonymous_5)
FN:65,(anonymous_6)
FN:75,(anonymous_7)
FN:85,(anonymous_8)
FNF:9
FNH:9
FNDA:2,(anonymous_0)
FNDA:2,(anonymous_1)
FNDA:2,(anonymous_2)
FNDA:2,(anonymous_3)
FNDA:2,(anonymous_4)
FNDA:2,(anonymous_5)
FNDA:2,(anonymous_6)
FNDA:2,(anonymous_7)
FNDA:2,(anonymous_8)
DA:1,1
DA:2,1
DA:4,1
DA:5,2
DA:6,2
DA:7,2
DA:8,1
DA:10,1
DA:14,1
DA:15,2
DA:16,2
DA:17,2
DA:18,2
DA:19,1
DA:21,1
DA:25,1
DA:26,2
DA:27,2
DA:28,2
DA:29,1
DA:31,1
DA:35,1
DA:36,2
DA:37,2
DA:38,2
DA:39,1
DA:41,1
DA:45,1
DA:46,2
DA:47,2
DA:48,2
DA:49,1
DA:51,1
DA:55,1
DA:56,2
DA:57,2
DA:58,2
DA:59,1
DA:61,1
DA:65,1
DA:66,2
DA:67,2
DA:68,2
DA:69,1
DA:71,1
DA:75,1
DA:76,2
DA:77,2
DA:78,2
DA:79,1
DA:81,1
DA:85,1
DA:86,2
DA:87,2
DA:88,1
DA:90,1
DA:94,1
LF:57
LH:57
BRF:0
BRH:0
end_of_record
TN:
SF:src\middleware\authMiddleware.js
FN:6,(anonymous_0)
FNF:1
FNH:1
FNDA:4,(anonymous_0)
DA:3,1
DA:4,1
DA:6,1
DA:7,4
DA:8,4
DA:10,4
DA:11,1
DA:17,3
DA:19,3
DA:20,1
DA:26,2
DA:27,2
DA:29,1
DA:30,1
DA:32,1
DA:33,1
DA:35,1
DA:42,1
LF:18
LH:18
BRDA:10,0,0,1
BRDA:10,0,1,3
BRDA:19,1,0,1
BRDA:19,1,1,2
BRDA:32,2,0,1
BRDA:32,2,1,1
BRDA:33,3,0,1
BRDA:33,3,1,0
BRF:8
BRH:7
end_of_record
TN:
SF:src\middleware\errorMiddleware.js
FN:1,(anonymous_0)
FNF:1
FNH:1
FNDA:2,(anonymous_0)
DA:1,1
DA:2,2
DA:3,2
DA:10,1
LF:4
LH:4
BRDA:2,0,0,2
BRDA:2,0,1,1
BRDA:5,1,0,2
BRDA:5,1,1,1
BRDA:6,2,0,2
BRDA:6,2,1,0
BRF:6
BRH:5
end_of_record
TN:
SF:src\middleware\notFoundMiddleware.js
FN:1,(anonymous_0)
FNF:1
FNH:1
FNDA:1,(anonymous_0)
DA:1,1
DA:2,1
DA:5,1
LF:3
LH:3
BRF:0
BRH:0
end_of_record
TN:
SF:src\middleware\roleMiddleware.js
FN:3,(anonymous_0)
FN:4,(anonymous_1)
FN:12,(anonymous_2)
FNF:3
FNH:3
FNDA:4,(anonymous_0)
FNDA:4,(anonymous_1)
FNDA:2,(anonymous_2)
DA:1,1
DA:3,1
DA:4,4
DA:5,4
DA:6,4
DA:7,1
DA:10,2
DA:12,2
DA:13,2
DA:16,2
DA:17,1
DA:24,1
DA:26,1
DA:31,1
LF:14
LH:14
BRDA:6,0,0,1
BRDA:6,0,1,2
BRDA:10,1,0,2
BRDA:10,1,1,0
BRDA:16,2,0,1
BRDA:16,2,1,1
BRF:6
BRH:5
end_of_record
TN:
SF:src\services\analyticsService.js
FN:15,(anonymous_0)
FN:64,(anonymous_1)
FN:66,(anonymous_2)
FN:67,(anonymous_3)
FN:68,(anonymous_4)
FN:69,(anonymous_5)
FN:70,(anonymous_6)
FN:71,(anonymous_7)
FN:82,(anonymous_8)
FN:99,(anonymous_9)
FN:104,(anonymous_10)
FN:111,(anonymous_11)
FN:119,(anonymous_12)
FN:154,(anonymous_13)
FN:164,(anonymous_14)
FN:165,(anonymous_15)
FN:169,(anonymous_16)
FN:176,(anonymous_17)
FN:194,(anonymous_18)
FN:206,(anonymous_19)
FN:233,(anonymous_20)
FN:256,(anonymous_21)
FN:264,(anonymous_22)
FN:269,(anonymous_23)
FN:270,(anonymous_24)
FN:271,(anonymous_25)
FN:289,(anonymous_26)
FN:292,(anonymous_27)
FN:294,(anonymous_28)
FN:295,(anonymous_29)
FN:304,(anonymous_30)
FN:308,(anonymous_31)
FN:311,(anonymous_32)
FN:336,(anonymous_33)
FN:343,(anonymous_34)
FN:348,(anonymous_35)
FN:349,(anonymous_36)
FN:350,(anonymous_37)
FN:368,(anonymous_38)
FN:383,(anonymous_39)
FN:387,(anonymous_40)
FN:391,(anonymous_41)
FN:396,(anonymous_42)
FN:410,(anonymous_43)
FN:423,(anonymous_44)
FN:425,(anonymous_45)
FN:453,(anonymous_46)
FN:468,(anonymous_47)
FN:479,(anonymous_48)
FN:493,(anonymous_49)
FN:502,(anonymous_50)
FN:528,(anonymous_51)
FN:550,(anonymous_52)
FN:582,(anonymous_53)
FN:628,(anonymous_54)
FN:641,(anonymous_55)
FN:647,(anonymous_56)
FNF:57
FNH:56
FNDA:8,(anonymous_0)
FNDA:2,(anonymous_1)
FNDA:1,(anonymous_2)
FNDA:1,(anonymous_3)
FNDA:1,(anonymous_4)
FNDA:1,(anonymous_5)
FNDA:1,(anonymous_6)
FNDA:1,(anonymous_7)
FNDA:3,(anonymous_8)
FNDA:1,(anonymous_9)
FNDA:1,(anonymous_10)
FNDA:1,(anonymous_11)
FNDA:0,(anonymous_12)
FNDA:8,(anonymous_13)
FNDA:16,(anonymous_14)
FNDA:16,(anonymous_15)
FNDA:16,(anonymous_16)
FNDA:16,(anonymous_17)
FNDA:1,(anonymous_18)
FNDA:4,(anonymous_19)
FNDA:1,(anonymous_20)
FNDA:1,(anonymous_21)
FNDA:3,(anonymous_22)
FNDA:1,(anonymous_23)
FNDA:1,(anonymous_24)
FNDA:2,(anonymous_25)
FNDA:1,(anonymous_26)
FNDA:2,(anonymous_27)
FNDA:3,(anonymous_28)
FNDA:1,(anonymous_29)
FNDA:2,(anonymous_30)
FNDA:1,(anonymous_31)
FNDA:3,(anonymous_32)
FNDA:1,(anonymous_33)
FNDA:2,(anonymous_34)
FNDA:1,(anonymous_35)
FNDA:1,(anonymous_36)
FNDA:1,(anonymous_37)
FNDA:2,(anonymous_38)
FNDA:1,(anonymous_39)
FNDA:1,(anonymous_40)
FNDA:2,(anonymous_41)
FNDA:2,(anonymous_42)
FNDA:1,(anonymous_43)
FNDA:2,(anonymous_44)
FNDA:2,(anonymous_45)
FNDA:3,(anonymous_46)
FNDA:2,(anonymous_47)
FNDA:3,(anonymous_48)
FNDA:1,(anonymous_49)
FNDA:3,(anonymous_50)
FNDA:2,(anonymous_51)
FNDA:4,(anonymous_52)
FNDA:4,(anonymous_53)
FNDA:2,(anonymous_54)
FNDA:12,(anonymous_55)
FNDA:7,(anonymous_56)
DA:1,2
DA:2,2
DA:3,2
DA:4,2
DA:5,2
DA:6,2
DA:15,2
DA:16,8
DA:17,8
DA:18,8
DA:20,8
DA:22,1
DA:23,1
DA:25,1
DA:26,1
DA:27,1
DA:28,1
DA:29,1
DA:31,1
DA:32,1
DA:33,1
DA:35,1
DA:36,1
DA:37,1
DA:40,1
DA:41,1
DA:44,1
DA:45,1
DA:47,1
DA:48,1
DA:49,1
DA:52,1
DA:53,1
DA:54,1
DA:57,8
DA:64,2
DA:65,2
DA:66,1
DA:67,1
DA:68,1
DA:69,1
DA:70,1
DA:71,1
DA:74,2
DA:76,2
DA:77,2
DA:78,2
DA:79,2
DA:80,2
DA:82,2
DA:83,3
DA:84,3
DA:85,1
DA:86,2
DA:87,1
DA:89,1
DA:92,3
DA:93,1
DA:94,1
DA:98,2
DA:99,1
DA:102,2
DA:103,2
DA:104,2
DA:105,1
DA:106,1
DA:109,2
DA:110,2
DA:111,1
DA:112,1
DA:113,1
DA:114,0
DA:115,0
DA:116,0
DA:119,1
DA:120,0
DA:121,0
DA:122,0
DA:123,0
DA:124,0
DA:128,2
DA:130,2
DA:154,2
DA:155,8
DA:157,8
DA:163,8
DA:164,16
DA:165,16
DA:166,8
DA:168,8
DA:169,8
DA:170,16
DA:171,16
DA:174,8
DA:176,16
DA:178,8
DA:194,2
DA:195,1
DA:196,1
DA:198,1
DA:199,1
DA:200,1
DA:201,1
DA:202,1
DA:204,1
DA:206,1
DA:207,4
DA:208,4
DA:209,1
DA:210,3
DA:211,2
DA:213,1
DA:216,4
DA:217,1
DA:218,1
DA:221,4
DA:222,4
DA:223,1
DA:225,4
DA:226,4
DA:227,1
DA:231,1
DA:233,1
DA:239,1
DA:241,1
DA:256,2
DA:257,1
DA:263,1
DA:264,3
DA:266,1
DA:268,1
DA:269,1
DA:271,1
DA:272,2
DA:273,2
DA:281,2
DA:282,2
DA:286,1
DA:288,1
DA:289,1
DA:292,2
DA:293,1
DA:294,3
DA:295,1
DA:303,1
DA:304,2
DA:307,1
DA:308,1
DA:311,1
DA:312,3
DA:313,3
DA:324,1
DA:336,2
DA:337,1
DA:342,1
DA:343,2
DA:345,1
DA:347,1
DA:348,1
DA:350,1
DA:351,1
DA:352,1
DA:354,1
DA:355,1
DA:356,1
DA:363,1
DA:364,1
DA:368,1
DA:369,2
DA:370,2
DA:371,1
DA:380,1
DA:382,1
DA:383,1
DA:386,1
DA:387,1
DA:390,1
DA:391,2
DA:396,2
DA:410,2
DA:411,1
DA:416,1
DA:418,1
DA:419,1
DA:420,1
DA:421,1
DA:423,2
DA:425,1
DA:426,2
DA:427,2
DA:428,2
DA:430,2
DA:431,1
DA:432,1
DA:433,1
DA:436,2
DA:438,2
DA:439,2
DA:447,2
DA:448,2
DA:449,2
DA:450,2
DA:453,1
DA:454,3
DA:455,1
DA:465,1
DA:467,1
DA:468,2
DA:471,1
DA:479,3
DA:493,2
DA:494,1
DA:496,1
DA:497,1
DA:498,1
DA:499,1
DA:500,1
DA:502,1
DA:503,3
DA:504,3
DA:505,3
DA:507,3
DA:508,3
DA:509,1
DA:510,2
DA:511,1
DA:515,1
DA:528,2
DA:529,2
DA:530,2
DA:531,2
DA:533,1
DA:536,2
DA:537,2
DA:538,2
DA:539,2
DA:540,2
DA:541,2
DA:542,2
DA:543,2
DA:545,2
DA:546,2
DA:547,2
DA:549,2
DA:550,1
DA:551,4
DA:552,4
DA:553,4
DA:555,4
DA:556,1
DA:557,1
DA:558,3
DA:559,1
DA:560,1
DA:561,2
DA:562,1
DA:563,1
DA:564,1
DA:565,1
DA:566,1
DA:569,4
DA:570,2
DA:571,2
DA:572,1
DA:573,1
DA:574,1
DA:579,1
DA:580,1
DA:582,1
DA:583,4
DA:584,4
DA:585,4
DA:587,4
DA:588,1
DA:589,1
DA:590,3
DA:591,1
DA:592,1
DA:593,2
DA:594,1
DA:595,1
DA:596,1
DA:597,1
DA:598,1
DA:601,4
DA:602,2
DA:603,2
DA:604,1
DA:605,1
DA:606,1
DA:611,2
DA:628,2
DA:629,2
DA:631,2
DA:640,2
DA:642,12
DA:643,12
DA:647,7
DA:649,2
DA:658,2
LF:300
LH:292
BRDA:20,0,0,1
BRDA:20,0,1,1
BRDA:20,0,2,1
BRDA:20,0,3,1
BRDA:20,0,4,1
BRDA:20,0,5,1
BRDA:20,0,6,1
BRDA:20,0,7,1
BRDA:47,1,0,1
BRDA:47,1,1,0
BRDA:48,2,0,1
BRDA:48,2,1,0
BRDA:74,3,0,2
BRDA:74,3,1,0
BRDA:83,4,0,3
BRDA:83,4,1,0
BRDA:84,5,0,1
BRDA:84,5,1,2
BRDA:84,6,0,3
BRDA:84,6,1,2
BRDA:86,7,0,1
BRDA:86,7,1,1
BRDA:86,8,0,2
BRDA:86,8,1,1
BRDA:92,9,0,1
BRDA:92,9,1,2
BRDA:93,10,0,1
BRDA:93,10,1,0
BRDA:99,11,0,1
BRDA:99,11,1,1
BRDA:105,12,0,1
BRDA:105,12,1,0
BRDA:106,13,0,1
BRDA:106,13,1,0
BRDA:110,14,0,1
BRDA:110,14,1,1
BRDA:110,15,0,2
BRDA:110,15,1,2
BRDA:112,16,0,1
BRDA:112,16,1,0
BRDA:113,17,0,1
BRDA:113,17,1,0
BRDA:114,18,0,0
BRDA:114,18,1,0
BRDA:114,19,0,0
BRDA:114,19,1,0
BRDA:114,19,2,0
BRDA:115,20,0,0
BRDA:115,20,1,0
BRDA:116,21,0,0
BRDA:116,21,1,0
BRDA:120,22,0,0
BRDA:120,22,1,0
BRDA:121,23,0,0
BRDA:121,23,1,0
BRDA:122,24,0,0
BRDA:122,24,1,0
BRDA:122,25,0,0
BRDA:122,25,1,0
BRDA:122,25,2,0
BRDA:123,26,0,0
BRDA:123,26,1,0
BRDA:124,27,0,0
BRDA:124,27,1,0
BRDA:128,28,0,1
BRDA:128,28,1,1
BRDA:163,29,0,8
BRDA:163,29,1,0
BRDA:165,30,0,16
BRDA:165,30,1,0
BRDA:166,31,0,8
BRDA:166,31,1,0
BRDA:171,32,0,16
BRDA:171,32,1,16
BRDA:171,33,0,16
BRDA:171,33,1,0
BRDA:179,34,0,8
BRDA:179,34,1,0
BRDA:196,35,0,1
BRDA:196,35,1,0
BRDA:207,36,0,4
BRDA:207,36,1,0
BRDA:208,37,0,1
BRDA:208,37,1,3
BRDA:208,38,0,4
BRDA:208,38,1,4
BRDA:210,39,0,2
BRDA:210,39,1,1
BRDA:210,40,0,3
BRDA:210,40,1,2
BRDA:216,41,0,1
BRDA:216,41,1,3
BRDA:217,42,0,1
BRDA:217,42,1,0
BRDA:222,43,0,1
BRDA:222,43,1,3
BRDA:226,44,0,1
BRDA:226,44,1,3
BRDA:227,45,0,1
BRDA:227,45,1,0
BRDA:239,46,0,1
BRDA:239,46,1,0
BRDA:263,47,0,1
BRDA:263,47,1,0
BRDA:271,48,0,1
BRDA:271,48,1,0
BRDA:272,49,0,2
BRDA:272,49,1,0
BRDA:281,50,0,2
BRDA:281,50,1,0
BRDA:282,51,0,2
BRDA:282,51,1,0
BRDA:317,52,0,3
BRDA:317,52,1,0
BRDA:318,53,0,3
BRDA:318,53,1,0
BRDA:319,54,0,3
BRDA:319,54,1,0
BRDA:320,55,0,3
BRDA:320,55,1,0
BRDA:342,56,0,1
BRDA:342,56,1,0
BRDA:343,57,0,2
BRDA:343,57,1,2
BRDA:350,58,0,1
BRDA:350,58,1,0
BRDA:352,59,0,0
BRDA:352,59,1,1
BRDA:354,60,0,1
BRDA:354,60,1,0
BRDA:358,61,0,1
BRDA:358,61,1,1
BRDA:358,61,2,0
BRDA:363,62,0,1
BRDA:363,62,1,0
BRDA:364,63,0,1
BRDA:364,63,1,0
BRDA:369,64,0,2
BRDA:369,64,1,2
BRDA:370,65,0,1
BRDA:370,65,1,1
BRDA:416,66,0,1
BRDA:416,66,1,0
BRDA:428,67,0,2
BRDA:428,67,1,1
BRDA:430,68,0,1
BRDA:430,68,1,1
BRDA:432,69,0,1
BRDA:432,69,1,0
BRDA:436,70,0,2
BRDA:436,70,1,0
BRDA:438,71,0,2
BRDA:438,71,1,0
BRDA:448,72,0,2
BRDA:448,72,1,0
BRDA:449,73,0,1
BRDA:449,73,1,1
BRDA:450,74,0,1
BRDA:450,74,1,1
BRDA:454,75,0,1
BRDA:454,75,1,2
BRDA:472,76,0,1
BRDA:472,76,1,0
BRDA:503,77,0,3
BRDA:503,77,1,0
BRDA:504,78,0,3
BRDA:504,78,1,0
BRDA:505,79,0,3
BRDA:505,79,1,0
BRDA:508,80,0,1
BRDA:508,80,1,2
BRDA:510,81,0,1
BRDA:510,81,1,1
BRDA:510,82,0,2
BRDA:510,82,1,0
BRDA:549,83,0,1
BRDA:549,83,1,1
BRDA:549,84,0,2
BRDA:549,84,1,2
BRDA:551,85,0,4
BRDA:551,85,1,0
BRDA:552,86,0,4
BRDA:552,86,1,0
BRDA:553,87,0,4
BRDA:553,87,1,0
BRDA:555,88,0,1
BRDA:555,88,1,3
BRDA:558,89,0,1
BRDA:558,89,1,2
BRDA:558,90,0,3
BRDA:558,90,1,2
BRDA:558,90,2,2
BRDA:561,91,0,1
BRDA:561,91,1,1
BRDA:564,92,0,1
BRDA:564,92,1,0
BRDA:569,93,0,2
BRDA:569,93,1,2
BRDA:569,94,0,4
BRDA:569,94,1,4
BRDA:571,95,0,1
BRDA:571,95,1,1
BRDA:573,96,0,1
BRDA:573,96,1,0
BRDA:580,97,0,1
BRDA:580,97,1,0
BRDA:583,98,0,4
BRDA:583,98,1,0
BRDA:584,99,0,4
BRDA:584,99,1,0
BRDA:585,100,0,4
BRDA:585,100,1,0
BRDA:587,101,0,1
BRDA:587,101,1,3
BRDA:590,102,0,1
BRDA:590,102,1,2
BRDA:590,103,0,3
BRDA:590,103,1,2
BRDA:590,103,2,2
BRDA:593,104,0,1
BRDA:593,104,1,1
BRDA:596,105,0,1
BRDA:596,105,1,0
BRDA:601,106,0,2
BRDA:601,106,1,2
BRDA:601,107,0,4
BRDA:601,107,1,2
BRDA:603,108,0,1
BRDA:603,108,1,1
BRDA:605,109,0,1
BRDA:605,109,1,0
BRDA:650,110,0,1
BRDA:650,110,1,1
BRF:233
BRH:155
end_of_record
TN:
SF:src\utils\cognitoVerifier.js
FN:11,(anonymous_0)
FN:24,(anonymous_1)
FN:39,(anonymous_2)
FN:55,(anonymous_3)
FN:90,(anonymous_4)
FNF:5
FNH:5
FNDA:3,(anonymous_0)
FNDA:3,(anonymous_1)
FNDA:7,(anonymous_2)
FNDA:5,(anonymous_3)
FNDA:3,(anonymous_4)
DA:11,2
DA:12,3
DA:13,1
DA:14,1
DA:16,0
DA:21,3
DA:24,2
DA:25,3
DA:27,3
DA:36,2
DA:37,2
DA:39,2
DA:40,7
DA:47,5
DA:50,2
DA:51,2
DA:52,2
DA:55,2
DA:56,5
DA:57,5
DA:58,5
DA:59,1
DA:61,4
DA:62,1
DA:63,1
DA:64,1
DA:65,1
DA:68,3
DA:69,1
DA:70,1
DA:71,1
DA:72,1
DA:75,2
DA:76,1
DA:77,1
DA:78,1
DA:79,1
DA:82,1
DA:83,1
DA:84,1
DA:85,1
DA:86,1
DA:90,2
DA:91,3
DA:92,1
DA:95,2
DA:97,2
DA:98,1
DA:101,1
DA:104,2
LF:50
LH:49
BRDA:12,0,0,1
BRDA:12,0,1,2
BRDA:40,1,0,5
BRDA:40,1,1,2
BRDA:41,2,0,7
BRDA:41,2,1,6
BRDA:41,2,2,6
BRDA:41,2,3,5
BRDA:41,2,4,5
BRDA:61,3,0,1
BRDA:61,3,1,3
BRDA:68,4,0,1
BRDA:68,4,1,2
BRDA:68,5,0,3
BRDA:68,5,1,2
BRDA:75,6,0,1
BRDA:75,6,1,1
BRDA:75,7,0,2
BRDA:75,7,1,1
BRDA:91,8,0,1
BRDA:91,8,1,2
BRDA:97,9,0,1
BRDA:97,9,1,1
BRDA:97,10,0,2
BRDA:97,10,1,1
BRF:25
BRH:25
end_of_record
TN:
SF:src\utils\responseHandler.js
FN:1,(anonymous_0)
FN:7,(anonymous_1)
FNF:2
FNH:2
FNDA:10,(anonymous_0)
FNDA:4,(anonymous_1)
DA:1,3
DA:2,10
DA:3,10
DA:4,10
DA:7,3
DA:8,4
DA:11,3
LF:7
LH:7
BRDA:1,0,0,9
BRDA:1,1,0,10
BRDA:3,2,0,0
BRDA:3,2,1,10
BRDA:7,3,0,0
BRF:5
BRH:3
end_of_record
