TN:
SF:src\app.js
FN:17,(anonymous_0)
FN:27,(anonymous_1)
FN:36,(anonymous_2)
FNF:3
FNH:3
FNDA:1,(anonymous_0)
FNDA:4,(anonymous_1)
FNDA:4,(anonymous_2)
DA:1,2
DA:2,2
DA:3,2
DA:4,2
DA:5,2
DA:6,2
DA:8,2
DA:9,2
DA:10,2
DA:12,2
DA:13,2
DA:14,2
DA:17,2
DA:18,1
DA:21,2
DA:22,2
DA:24,2
DA:25,2
DA:28,4
DA:29,4
DA:33,2
DA:34,2
DA:36,2
DA:37,4
DA:46,2
DA:48,2
DA:49,2
DA:51,2
DA:52,2
DA:54,2
LF:30
LH:30
BRDA:13,0,0,2
BRDA:13,0,1,0
BRDA:18,1,0,1
BRDA:18,1,1,0
BRDA:28,2,0,4
BRDA:28,2,1,3
BRDA:28,2,2,2
BRDA:28,2,3,2
BRDA:48,3,0,2
BRDA:48,3,1,0
BRF:10
BRH:7
end_of_record
TN:
SF:src\config\cognitoConfig.js
FN:27,(anonymous_0)
FN:54,(anonymous_1)
FNF:2
FNH:2
FNDA:1,(anonymous_0)
FNDA:1,(anonymous_1)
DA:17,3
DA:27,3
DA:28,1
DA:30,1
DA:31,0
DA:34,1
DA:35,0
DA:38,1
DA:39,0
DA:42,1
DA:43,0
DA:54,3
DA:55,1
DA:56,1
DA:59,3
LF:15
LH:11
BRDA:30,0,0,0
BRDA:30,0,1,1
BRDA:34,1,0,0
BRDA:34,1,1,1
BRDA:38,2,0,0
BRDA:38,2,1,1
BRDA:42,3,0,0
BRDA:42,3,1,1
BRF:8
BRH:4
end_of_record
TN:
SF:src\constants\paymentConstants.js
FNF:0
FNH:0
DA:9,5
DA:20,5
DA:28,5
LF:3
LH:3
BRF:0
BRH:0
end_of_record
TN:
SF:src\controllers\paymentController.js
FN:4,(anonymous_0)
FN:15,(anonymous_1)
FN:25,(anonymous_2)
FN:35,(anonymous_3)
FN:45,(anonymous_4)
FNF:5
FNH:5
FNDA:2,(anonymous_0)
FNDA:3,(anonymous_1)
FNDA:3,(anonymous_2)
FNDA:2,(anonymous_3)
FNDA:2,(anonymous_4)
DA:1,3
DA:2,3
DA:4,3
DA:5,2
DA:6,2
DA:7,2
DA:8,2
DA:9,1
DA:11,1
DA:15,3
DA:16,3
DA:17,3
DA:18,2
DA:19,1
DA:21,1
DA:25,3
DA:26,3
DA:27,3
DA:28,2
DA:29,1
DA:31,1
DA:35,3
DA:36,2
DA:37,2
DA:38,2
DA:39,1
DA:41,1
DA:45,3
DA:46,2
DA:47,2
DA:48,1
DA:50,1
DA:54,3
LF:33
LH:33
BRDA:18,0,0,1
BRDA:18,0,1,1
BRDA:28,1,0,1
BRDA:28,1,1,1
BRF:4
BRH:4
end_of_record
TN:
SF:src\middleware\authMiddleware.js
FN:56,(anonymous_0)
FNF:1
FNH:1
FNDA:4,(anonymous_0)
DA:17,3
DA:18,3
DA:56,3
DA:57,4
DA:59,4
DA:61,4
DA:62,1
DA:69,3
DA:71,3
DA:72,1
DA:79,2
DA:82,2
DA:86,1
DA:89,1
DA:92,1
DA:93,1
DA:95,1
DA:102,3
LF:18
LH:18
BRDA:61,0,0,1
BRDA:61,0,1,3
BRDA:71,1,0,1
BRDA:71,1,1,2
BRDA:92,2,0,1
BRDA:92,2,1,1
BRDA:93,3,0,1
BRDA:93,3,1,0
BRF:8
BRH:7
end_of_record
TN:
SF:src\middleware\errorMiddleware.js
FN:1,(anonymous_0)
FNF:1
FNH:1
FNDA:2,(anonymous_0)
DA:1,3
DA:2,2
DA:3,2
DA:10,3
LF:4
LH:4
BRDA:2,0,0,2
BRDA:2,0,1,1
BRDA:5,1,0,2
BRDA:5,1,1,1
BRDA:6,2,0,2
BRDA:6,2,1,0
BRF:6
BRH:5
end_of_record
TN:
SF:src\middleware\notFoundMiddleware.js
FN:1,(anonymous_0)
FNF:1
FNH:1
FNDA:1,(anonymous_0)
DA:1,3
DA:2,1
DA:5,3
LF:3
LH:3
BRF:0
BRH:0
end_of_record
TN:
SF:src\middleware\roleMiddleware.js
FN:3,(anonymous_0)
FN:4,(anonymous_1)
FN:12,(anonymous_2)
FNF:3
FNH:3
FNDA:14,(anonymous_0)
FNDA:4,(anonymous_1)
FNDA:2,(anonymous_2)
DA:1,3
DA:3,3
DA:4,14
DA:5,4
DA:6,4
DA:7,1
DA:10,2
DA:12,2
DA:13,2
DA:16,2
DA:17,1
DA:24,1
DA:26,1
DA:31,3
LF:14
LH:14
BRDA:6,0,0,1
BRDA:6,0,1,2
BRDA:10,1,0,2
BRDA:10,1,1,0
BRDA:16,2,0,1
BRDA:16,2,1,1
BRF:6
BRH:5
end_of_record
TN:
SF:src\routes\paymentRoutes.js
FNF:0
FNH:0
DA:1,2
DA:2,2
DA:6,2
DA:8,2
DA:9,2
DA:12,2
DA:21,2
DA:29,2
DA:37,2
DA:46,2
DA:53,2
LF:11
LH:11
BRF:0
BRH:0
end_of_record
TN:
SF:src\services\paymentService.js
FN:8,(anonymous_0)
FN:19,(anonymous_1)
FN:86,(anonymous_2)
FN:93,(anonymous_3)
FN:104,(anonymous_4)
FN:216,(anonymous_5)
FNF:6
FNH:6
FNDA:5,(anonymous_0)
FNDA:6,(anonymous_1)
FNDA:8,(anonymous_2)
FNDA:1,(anonymous_3)
FNDA:7,(anonymous_4)
FNDA:1,(anonymous_5)
DA:1,4
DA:2,4
DA:3,4
DA:4,4
DA:5,4
DA:6,4
DA:8,4
DA:9,5
DA:10,5
DA:19,4
DA:20,6
DA:21,6
DA:22,1
DA:23,5
DA:24,1
DA:25,4
DA:26,1
DA:27,3
DA:28,1
DA:30,2
DA:31,2
DA:33,2
DA:47,2
DA:48,2
DA:52,2
DA:67,2
DA:69,2
DA:73,2
DA:74,2
DA:76,2
DA:78,2
DA:80,0
DA:83,2
DA:86,4
DA:87,8
DA:90,8
DA:93,4
DA:94,1
DA:101,1
DA:104,4
DA:105,7
DA:106,7
DA:107,1
DA:108,6
DA:109,1
DA:110,5
DA:111,1
DA:112,4
DA:113,1
DA:116,3
DA:117,3
DA:120,3
DA:122,1
DA:129,1
DA:144,1
DA:145,1
DA:146,1
DA:147,1
DA:148,1
DA:150,0
DA:153,1
DA:157,2
DA:158,1
DA:172,1
DA:173,1
DA:174,1
DA:175,1
DA:176,1
DA:178,0
DA:181,1
DA:185,1
DA:186,1
DA:187,0
DA:189,1
DA:203,1
DA:204,1
DA:205,1
DA:206,1
DA:207,1
DA:209,0
DA:212,1
DA:216,4
DA:217,1
DA:220,1
DA:223,4
LF:85
LH:80
BRDA:21,0,0,1
BRDA:21,0,1,5
BRDA:23,1,0,1
BRDA:23,1,1,4
BRDA:25,2,0,1
BRDA:25,2,1,3
BRDA:25,3,0,4
BRDA:25,3,1,3
BRDA:27,4,0,1
BRDA:27,4,1,2
BRDA:40,5,0,1
BRDA:40,5,1,1
BRDA:90,6,0,8
BRDA:90,6,1,1
BRDA:94,7,0,0
BRDA:101,8,0,1
BRDA:101,8,1,0
BRDA:106,9,0,1
BRDA:106,9,1,6
BRDA:108,10,0,1
BRDA:108,10,1,5
BRDA:110,11,0,1
BRDA:110,11,1,4
BRDA:112,12,0,1
BRDA:112,12,1,3
BRDA:112,13,0,4
BRDA:112,13,1,2
BRDA:120,14,0,1
BRDA:120,14,1,2
BRDA:122,15,0,1
BRDA:122,15,1,0
BRDA:122,15,2,0
BRDA:157,16,0,1
BRDA:157,16,1,1
BRDA:185,17,0,1
BRDA:185,17,1,0
BRDA:186,18,0,0
BRDA:186,18,1,1
BRDA:217,19,0,0
BRF:39
BRH:32
end_of_record
TN:
SF:src\services\snsService.js
FN:13,(anonymous_0)
FN:28,(anonymous_1)
FNF:2
FNH:1
FNDA:3,(anonymous_0)
FNDA:0,(anonymous_1)
DA:1,6
DA:2,6
DA:4,6
DA:5,6
DA:7,6
DA:8,6
DA:9,6
DA:10,2
DA:13,6
DA:14,3
DA:15,3
DA:17,3
DA:28,0
DA:32,3
DA:33,3
DA:34,3
DA:36,3
DA:48,3
DA:49,3
DA:50,2
DA:51,2
DA:52,2
DA:54,1
DA:55,1
DA:56,1
DA:60,6
LF:26
LH:25
BRDA:4,0,0,6
BRDA:4,0,1,0
BRDA:4,0,2,0
BRDA:9,1,0,2
BRDA:9,1,1,4
BRDA:13,2,0,1
BRDA:13,3,0,2
BRDA:22,4,0,3
BRDA:22,4,1,2
BRDA:22,4,2,2
BRDA:23,5,0,3
BRDA:23,5,1,3
BRDA:23,5,2,2
BRDA:24,6,0,3
BRDA:24,6,1,3
BRDA:24,6,2,3
BRDA:25,7,0,3
BRDA:25,7,1,3
BRDA:26,8,0,3
BRDA:26,8,1,3
BRDA:27,9,0,3
BRDA:27,9,1,3
BRDA:28,10,0,3
BRDA:28,10,1,3
BRF:24
BRH:22
end_of_record
TN:
SF:src\utils\cognitoVerifier.js
FN:25,(anonymous_0)
FN:48,(anonymous_1)
FN:73,(anonymous_2)
FN:114,(anonymous_3)
FN:158,(anonymous_4)
FNF:5
FNH:5
FNDA:3,(anonymous_0)
FNDA:3,(anonymous_1)
FNDA:7,(anonymous_2)
FNDA:5,(anonymous_3)
FNDA:3,(anonymous_4)
DA:25,4
DA:26,3
DA:27,1
DA:28,1
DA:30,0
DA:35,3
DA:48,4
DA:49,3
DA:51,3
DA:63,4
DA:64,4
DA:73,4
DA:75,7
DA:82,5
DA:86,2
DA:87,2
DA:88,2
DA:114,4
DA:115,5
DA:116,5
DA:117,5
DA:118,1
DA:121,4
DA:122,1
DA:123,1
DA:124,1
DA:125,1
DA:128,3
DA:129,1
DA:130,1
DA:131,1
DA:132,1
DA:135,2
DA:136,1
DA:137,1
DA:138,1
DA:139,1
DA:143,1
DA:144,1
DA:145,1
DA:146,1
DA:147,1
DA:158,4
DA:159,3
DA:160,1
DA:163,2
DA:165,2
DA:166,1
DA:169,1
DA:172,4
LF:50
LH:49
BRDA:26,0,0,1
BRDA:26,0,1,2
BRDA:75,1,0,5
BRDA:75,1,1,2
BRDA:76,2,0,7
BRDA:76,2,1,6
BRDA:76,2,2,6
BRDA:76,2,3,5
BRDA:76,2,4,5
BRDA:121,3,0,1
BRDA:121,3,1,3
BRDA:128,4,0,1
BRDA:128,4,1,2
BRDA:128,5,0,3
BRDA:128,5,1,2
BRDA:135,6,0,1
BRDA:135,6,1,1
BRDA:135,7,0,2
BRDA:135,7,1,1
BRDA:159,8,0,1
BRDA:159,8,1,2
BRDA:165,9,0,1
BRDA:165,9,1,1
BRDA:165,10,0,2
BRDA:165,10,1,1
BRF:25
BRH:25
end_of_record
TN:
SF:src\utils\fileHandler.js
FNF:0
FNH:0
DA:1,7
DA:2,7
DA:4,7
DA:5,7
DA:8,7
DA:9,2
DA:12,7
DA:14,7
DA:15,7
DA:17,7
LF:10
LH:10
BRDA:8,0,0,2
BRDA:8,0,1,5
BRF:2
BRH:2
end_of_record
TN:
SF:src\utils\orderApi.js
FN:7,(anonymous_0)
FNF:1
FNH:1
FNDA:1,(anonymous_0)
DA:1,5
DA:2,5
DA:7,5
DA:8,1
DA:11,1
DA:21,5
LF:6
LH:6
BRDA:11,0,0,1
BRDA:11,0,1,1
BRF:2
BRH:2
end_of_record
TN:
SF:src\utils\responseHandler.js
FN:1,(anonymous_0)
FN:5,(anonymous_1)
FNF:2
FNH:2
FNDA:6,(anonymous_0)
FNDA:6,(anonymous_1)
DA:1,5
DA:2,6
DA:5,5
DA:6,6
DA:9,5
LF:5
LH:5
BRDA:1,0,0,4
BRDA:5,1,0,0
BRF:2
BRH:1
end_of_record
TN:
SF:src\validations\paymentValidation.js
FN:4,(anonymous_0)
FN:27,(anonymous_1)
FNF:2
FNH:2
FNDA:2,(anonymous_0)
FNDA:12,(anonymous_1)
DA:1,3
DA:2,3
DA:4,3
DA:5,2
DA:6,2
DA:7,0
DA:8,2
DA:11,3
DA:22,3
DA:27,12
DA:32,3
LF:11
LH:10
BRDA:6,0,0,0
BRDA:6,0,1,2
BRF:2
BRH:1
end_of_record
