TN:
SF:src\config\cognitoConfig.js
FN:27,(anonymous_0)
FN:54,(anonymous_1)
FNF:2
FNH:2
FNDA:1,(anonymous_0)
FNDA:1,(anonymous_1)
DA:17,1
DA:27,1
DA:28,1
DA:30,1
DA:31,0
DA:34,1
DA:35,0
DA:38,1
DA:39,0
DA:42,1
DA:43,0
DA:54,1
DA:55,1
DA:56,1
DA:59,1
LF:15
LH:11
BRDA:30,0,0,0
BRDA:30,0,1,1
BRDA:34,1,0,0
BRDA:34,1,1,1
BRDA:38,2,0,0
BRDA:38,2,1,1
BRDA:42,3,0,0
BRDA:42,3,1,1
BRF:8
BRH:4
end_of_record
TN:
SF:src\controllers\inventoryController.js
FN:4,(anonymous_0)
FN:13,(anonymous_1)
FN:22,(anonymous_2)
FN:32,(anonymous_3)
FN:42,(anonymous_4)
FN:52,(anonymous_5)
FN:62,(anonymous_6)
FN:72,(anonymous_7)
FN:82,(anonymous_8)
FN:99,(anonymous_9)
FN:109,(anonymous_10)
FN:121,(anonymous_11)
FN:134,(anonymous_12)
FN:151,(anonymous_13)
FN:160,(anonymous_14)
FNF:15
FNH:15
FNDA:2,(anonymous_0)
FNDA:2,(anonymous_1)
FNDA:3,(anonymous_2)
FNDA:3,(anonymous_3)
FNDA:3,(anonymous_4)
FNDA:2,(anonymous_5)
FNDA:2,(anonymous_6)
FNDA:2,(anonymous_7)
FNDA:2,(anonymous_8)
FNDA:2,(anonymous_9)
FNDA:2,(anonymous_10)
FNDA:2,(anonymous_11)
FNDA:2,(anonymous_12)
FNDA:2,(anonymous_13)
FNDA:2,(anonymous_14)
DA:1,1
DA:2,1
DA:4,1
DA:5,2
DA:6,2
DA:7,1
DA:9,1
DA:13,1
DA:14,2
DA:15,2
DA:16,1
DA:18,1
DA:22,1
DA:23,3
DA:24,3
DA:25,2
DA:26,1
DA:28,1
DA:32,1
DA:33,3
DA:34,3
DA:35,2
DA:36,1
DA:38,1
DA:42,1
DA:43,3
DA:44,3
DA:45,2
DA:46,1
DA:48,1
DA:52,1
DA:53,2
DA:54,2
DA:55,2
DA:56,1
DA:58,1
DA:62,1
DA:63,2
DA:64,2
DA:65,2
DA:66,1
DA:68,1
DA:72,1
DA:73,2
DA:74,2
DA:75,2
DA:76,1
DA:78,1
DA:82,1
DA:83,2
DA:85,2
DA:87,2
DA:92,1
DA:95,1
DA:99,1
DA:100,2
DA:101,2
DA:102,2
DA:103,1
DA:105,1
DA:109,1
DA:110,2
DA:111,2
DA:115,1
DA:117,1
DA:121,1
DA:122,2
DA:125,2
DA:127,1
DA:130,1
DA:134,1
DA:135,2
DA:136,2
DA:137,2
DA:138,2
DA:139,1
DA:140,1
DA:147,1
DA:151,1
DA:152,2
DA:153,2
DA:154,1
DA:156,1
DA:160,1
DA:161,2
DA:162,2
DA:164,2
DA:170,1
DA:172,1
DA:176,1
LF:90
LH:90
BRDA:25,0,0,1
BRDA:25,0,1,1
BRDA:35,1,0,1
BRDA:35,1,1,1
BRDA:45,2,0,1
BRDA:45,2,1,1
BRF:6
BRH:6
end_of_record
TN:
SF:src\handlers\paymentEventHandler.js
FN:3,(anonymous_0)
FNF:1
FNH:1
FNDA:2,(anonymous_0)
DA:1,1
DA:3,1
DA:4,2
DA:6,2
DA:7,1
DA:8,1
DA:11,1
DA:12,3
DA:13,3
DA:14,3
DA:15,3
DA:16,3
DA:17,3
DA:19,3
DA:23,3
DA:27,1
DA:32,1
DA:35,1
DA:38,1
DA:41,1
DA:44,1
DA:47,0
DA:50,0
DA:53,3
DA:54,0
DA:55,0
DA:58,3
DA:60,0
DA:61,0
DA:65,1
LF:30
LH:24
BRDA:6,0,0,1
BRDA:6,0,1,1
BRDA:6,1,0,2
BRDA:6,1,1,1
BRDA:6,1,2,1
BRDA:17,2,0,3
BRDA:17,2,1,3
BRDA:23,3,0,1
BRDA:23,3,1,1
BRDA:23,3,2,1
BRDA:23,3,3,1
BRDA:23,3,4,1
BRDA:23,3,5,0
BRDA:53,4,0,0
BRDA:53,4,1,3
BRDA:53,5,0,3
BRDA:53,5,1,3
BRF:17
BRH:15
end_of_record
TN:
SF:src\middleware\authMiddleware.js
FN:56,(anonymous_0)
FNF:1
FNH:1
FNDA:4,(anonymous_0)
DA:17,1
DA:18,1
DA:56,1
DA:57,4
DA:59,4
DA:61,4
DA:62,1
DA:69,3
DA:71,3
DA:72,1
DA:79,2
DA:82,2
DA:86,1
DA:89,1
DA:92,1
DA:93,1
DA:95,1
DA:102,1
LF:18
LH:18
BRDA:61,0,0,1
BRDA:61,0,1,3
BRDA:71,1,0,1
BRDA:71,1,1,2
BRDA:92,2,0,1
BRDA:92,2,1,1
BRDA:93,3,0,1
BRDA:93,3,1,0
BRF:8
BRH:7
end_of_record
TN:
SF:src\middleware\errorMiddleware.js
FN:1,(anonymous_0)
FNF:1
FNH:1
FNDA:2,(anonymous_0)
DA:1,1
DA:2,2
DA:3,2
DA:10,1
LF:4
LH:4
BRDA:2,0,0,2
BRDA:2,0,1,1
BRDA:5,1,0,2
BRDA:5,1,1,1
BRDA:6,2,0,2
BRDA:6,2,1,0
BRF:6
BRH:5
end_of_record
TN:
SF:src\middleware\notFoundMiddleware.js
FN:1,(anonymous_0)
FNF:1
FNH:1
FNDA:1,(anonymous_0)
DA:1,1
DA:2,1
DA:5,1
LF:3
LH:3
BRF:0
BRH:0
end_of_record
TN:
SF:src\middleware\roleMiddleware.js
FN:3,(anonymous_0)
FN:4,(anonymous_1)
FN:12,(anonymous_2)
FNF:3
FNH:3
FNDA:4,(anonymous_0)
FNDA:4,(anonymous_1)
FNDA:2,(anonymous_2)
DA:1,1
DA:3,1
DA:4,4
DA:5,4
DA:6,4
DA:7,1
DA:10,2
DA:12,2
DA:13,2
DA:16,2
DA:17,1
DA:24,1
DA:26,1
DA:31,1
LF:14
LH:14
BRDA:6,0,0,1
BRDA:6,0,1,2
BRDA:10,1,0,2
BRDA:10,1,1,0
BRDA:16,2,0,1
BRDA:16,2,1,1
BRF:6
BRH:5
end_of_record
TN:
SF:src\middleware\serviceAuthMiddleware.js
FN:3,(anonymous_0)
FNF:1
FNH:1
FNDA:2,(anonymous_0)
DA:3,1
DA:4,2
DA:6,2
DA:7,1
DA:13,1
DA:14,0
DA:20,1
DA:23,1
LF:8
LH:7
BRDA:6,0,0,1
BRDA:6,0,1,1
BRDA:13,1,0,0
BRDA:13,1,1,1
BRF:4
BRH:3
end_of_record
TN:
SF:src\services\inventoryService.js
FN:15,(anonymous_0)
FN:22,(anonymous_1)
FN:41,(anonymous_2)
FN:55,(anonymous_3)
FN:63,(anonymous_4)
FN:75,(anonymous_5)
FN:79,(anonymous_6)
FN:84,(anonymous_7)
FN:100,(anonymous_8)
FN:155,(anonymous_9)
FN:198,(anonymous_10)
FN:248,(anonymous_11)
FN:253,(anonymous_12)
FN:280,(anonymous_13)
FN:313,(anonymous_14)
FN:352,(anonymous_15)
FN:391,(anonymous_16)
FN:401,(anonymous_17)
FN:405,(anonymous_18)
FN:433,(anonymous_19)
FN:491,(anonymous_20)
FN:530,(anonymous_21)
FN:547,(anonymous_22)
FN:552,(anonymous_23)
FN:560,(anonymous_24)
FN:567,(anonymous_25)
FN:595,(anonymous_26)
FN:615,(anonymous_27)
FN:667,(anonymous_28)
FN:676,(anonymous_29)
FN:715,(anonymous_30)
FNF:31
FNH:30
FNDA:10,(anonymous_0)
FNDA:9,(anonymous_1)
FNDA:16,(anonymous_2)
FNDA:2,(anonymous_3)
FNDA:2,(anonymous_4)
FNDA:2,(anonymous_5)
FNDA:1,(anonymous_6)
FNDA:1,(anonymous_7)
FNDA:1,(anonymous_8)
FNDA:3,(anonymous_9)
FNDA:1,(anonymous_10)
FNDA:1,(anonymous_11)
FNDA:1,(anonymous_12)
FNDA:1,(anonymous_13)
FNDA:2,(anonymous_14)
FNDA:2,(anonymous_15)
FNDA:1,(anonymous_16)
FNDA:1,(anonymous_17)
FNDA:1,(anonymous_18)
FNDA:1,(anonymous_19)
FNDA:1,(anonymous_20)
FNDA:1,(anonymous_21)
FNDA:1,(anonymous_22)
FNDA:1,(anonymous_23)
FNDA:1,(anonymous_24)
FNDA:1,(anonymous_25)
FNDA:1,(anonymous_26)
FNDA:2,(anonymous_27)
FNDA:0,(anonymous_28)
FNDA:1,(anonymous_29)
FNDA:1,(anonymous_30)
DA:1,3
DA:9,3
DA:10,3
DA:11,3
DA:15,3
DA:16,10
DA:17,10
DA:18,7
DA:22,3
DA:23,9
DA:24,0
DA:33,0
DA:34,0
DA:36,0
DA:38,0
DA:41,3
DA:43,16
DA:52,16
DA:55,3
DA:57,2
DA:59,2
DA:63,2
DA:71,2
DA:75,3
DA:76,2
DA:79,3
DA:80,1
DA:81,1
DA:84,3
DA:85,1
DA:86,1
DA:100,3
DA:101,1
DA:102,0
DA:103,0
DA:104,0
DA:107,1
DA:108,1
DA:109,0
DA:110,0
DA:111,0
DA:114,1
DA:115,1
DA:116,1
DA:118,1
DA:119,1
DA:120,0
DA:121,0
DA:122,0
DA:125,1
DA:126,0
DA:127,0
DA:130,1
DA:132,1
DA:133,1
DA:135,0
DA:136,0
DA:138,0
DA:139,0
DA:141,0
DA:142,0
DA:143,0
DA:146,1
DA:147,1
DA:150,1
DA:155,3
DA:156,3
DA:157,3
DA:158,1
DA:159,1
DA:160,1
DA:164,2
DA:165,2
DA:166,1
DA:167,1
DA:168,1
DA:171,1
DA:172,1
DA:173,1
DA:174,1
DA:176,1
DA:188,1
DA:194,1
DA:195,1
DA:198,3
DA:199,1
DA:200,0
DA:201,0
DA:202,0
DA:205,1
DA:210,1
DA:212,1
DA:213,0
DA:217,0
DA:222,1
DA:234,1
DA:241,1
DA:245,1
DA:248,3
DA:249,1
DA:250,1
DA:253,3
DA:254,1
DA:255,1
DA:257,1
DA:261,1
DA:263,1
DA:277,1
DA:280,3
DA:281,1
DA:282,1
DA:283,0
DA:284,0
DA:285,0
DA:288,1
DA:289,1
DA:291,1
DA:293,1
DA:309,1
DA:310,1
DA:313,3
DA:314,2
DA:315,2
DA:316,0
DA:317,0
DA:318,0
DA:322,2
DA:323,1
DA:324,1
DA:325,1
DA:328,1
DA:329,1
DA:330,1
DA:332,1
DA:348,1
DA:349,1
DA:352,3
DA:353,2
DA:354,2
DA:355,0
DA:356,0
DA:357,0
DA:361,2
DA:362,1
DA:363,1
DA:364,1
DA:367,1
DA:368,1
DA:369,1
DA:371,1
DA:387,1
DA:388,1
DA:391,3
DA:393,1
DA:394,0
DA:395,0
DA:396,0
DA:400,1
DA:401,1
DA:404,1
DA:405,1
DA:409,1
DA:411,1
DA:413,1
DA:414,0
DA:417,0
DA:418,0
DA:421,1
DA:422,0
DA:425,0
DA:426,0
DA:431,1
DA:435,1
DA:438,1
DA:441,1
DA:443,1
DA:448,1
DA:472,1
DA:484,1
DA:491,3
DA:492,1
DA:493,1
DA:494,0
DA:495,0
DA:496,0
DA:500,1
DA:501,0
DA:502,0
DA:503,0
DA:506,1
DA:507,1
DA:508,1
DA:510,1
DA:526,1
DA:527,1
DA:530,3
DA:531,1
DA:532,1
DA:533,0
DA:534,0
DA:535,0
DA:537,1
DA:538,1
DA:547,3
DA:549,1
DA:551,1
DA:552,1
DA:555,1
DA:557,1
DA:559,1
DA:560,1
DA:563,1
DA:565,1
DA:567,1
DA:569,1
DA:571,1
DA:572,0
DA:579,1
DA:590,1
DA:592,1
DA:595,3
DA:596,1
DA:607,1
DA:615,3
DA:616,2
DA:617,2
DA:618,0
DA:619,0
DA:620,0
DA:623,2
DA:624,0
DA:625,0
DA:626,0
DA:629,2
DA:630,2
DA:631,2
DA:632,2
DA:633,2
DA:635,2
DA:636,2
DA:638,2
DA:658,2
DA:660,2
DA:664,2
DA:667,3
DA:668,0
DA:669,0
DA:670,0
DA:673,0
DA:676,3
DA:678,1
DA:679,0
DA:682,1
DA:686,1
DA:688,0
DA:692,0
DA:697,1
DA:706,1
DA:710,1
DA:715,3
DA:717,1
DA:719,1
DA:720,0
DA:721,0
DA:722,0
DA:725,1
DA:727,1
DA:729,1
DA:734,1
DA:739,1
DA:766,1
DA:774,1
DA:778,1
DA:781,3
LF:274
LH:202
BRDA:16,0,0,0
BRDA:16,0,1,10
BRDA:17,1,0,3
BRDA:17,1,1,7
BRDA:22,2,0,3
BRDA:23,3,0,9
BRDA:23,3,1,0
BRDA:52,4,0,16
BRDA:52,4,1,2
BRDA:57,5,0,0
BRDA:57,5,1,2
BRDA:71,6,0,2
BRDA:71,6,1,0
BRDA:81,7,0,1
BRDA:81,7,1,1
BRDA:101,8,0,0
BRDA:101,8,1,1
BRDA:101,9,0,1
BRDA:101,9,1,1
BRDA:107,10,0,1
BRDA:107,10,1,0
BRDA:108,11,0,0
BRDA:108,11,1,1
BRDA:119,12,0,0
BRDA:119,12,1,1
BRDA:125,13,0,0
BRDA:125,13,1,1
BRDA:130,14,0,1
BRDA:130,14,1,0
BRDA:130,14,2,0
BRDA:130,14,3,0
BRDA:138,15,0,0
BRDA:138,15,1,0
BRDA:157,16,0,1
BRDA:157,16,1,2
BRDA:165,17,0,1
BRDA:165,17,1,1
BRDA:174,18,0,1
BRDA:174,18,1,1
BRDA:199,19,0,0
BRDA:199,19,1,1
BRDA:199,20,0,1
BRDA:199,20,1,1
BRDA:212,21,0,0
BRDA:212,21,1,1
BRDA:249,22,0,0
BRDA:255,23,0,0
BRDA:255,23,1,1
BRDA:257,24,0,1
BRDA:257,24,1,0
BRDA:282,25,0,0
BRDA:282,25,1,1
BRDA:315,26,0,0
BRDA:315,26,1,2
BRDA:322,27,0,1
BRDA:322,27,1,1
BRDA:354,28,0,0
BRDA:354,28,1,2
BRDA:361,29,0,1
BRDA:361,29,1,1
BRDA:393,30,0,0
BRDA:393,30,1,1
BRDA:393,31,0,1
BRDA:393,31,1,1
BRDA:413,32,0,0
BRDA:413,32,1,1
BRDA:421,33,0,0
BRDA:421,33,1,1
BRDA:493,34,0,0
BRDA:493,34,1,1
BRDA:500,35,0,0
BRDA:500,35,1,1
BRDA:530,36,0,0
BRDA:532,37,0,0
BRDA:532,37,1,1
BRDA:571,38,0,0
BRDA:571,38,1,1
BRDA:596,39,0,0
BRDA:615,40,0,1
BRDA:617,41,0,0
BRDA:617,41,1,2
BRDA:623,42,0,0
BRDA:623,42,1,2
BRDA:661,43,0,2
BRDA:661,43,1,2
BRDA:669,44,0,0
BRDA:669,44,1,0
BRDA:678,45,0,0
BRDA:678,45,1,1
BRDA:686,46,0,0
BRDA:686,46,1,1
BRDA:719,47,0,0
BRDA:719,47,1,1
BRDA:731,48,0,1
BRDA:731,48,1,0
BRF:95
BRH:56
end_of_record
TN:
SF:src\utils\cognitoVerifier.js
FN:25,(anonymous_0)
FN:48,(anonymous_1)
FN:73,(anonymous_2)
FN:114,(anonymous_3)
FN:158,(anonymous_4)
FNF:5
FNH:5
FNDA:3,(anonymous_0)
FNDA:3,(anonymous_1)
FNDA:7,(anonymous_2)
FNDA:5,(anonymous_3)
FNDA:3,(anonymous_4)
DA:25,2
DA:26,3
DA:27,1
DA:28,1
DA:30,0
DA:35,3
DA:48,2
DA:49,3
DA:51,3
DA:63,2
DA:64,2
DA:73,2
DA:75,7
DA:82,5
DA:86,2
DA:87,2
DA:88,2
DA:114,2
DA:115,5
DA:116,5
DA:117,5
DA:118,1
DA:121,4
DA:122,1
DA:123,1
DA:124,1
DA:125,1
DA:128,3
DA:129,1
DA:130,1
DA:131,1
DA:132,1
DA:135,2
DA:136,1
DA:137,1
DA:138,1
DA:139,1
DA:143,1
DA:144,1
DA:145,1
DA:146,1
DA:147,1
DA:158,2
DA:159,3
DA:160,1
DA:163,2
DA:165,2
DA:166,1
DA:169,1
DA:172,2
LF:50
LH:49
BRDA:26,0,0,1
BRDA:26,0,1,2
BRDA:75,1,0,5
BRDA:75,1,1,2
BRDA:76,2,0,7
BRDA:76,2,1,6
BRDA:76,2,2,6
BRDA:76,2,3,5
BRDA:76,2,4,5
BRDA:121,3,0,1
BRDA:121,3,1,3
BRDA:128,4,0,1
BRDA:128,4,1,2
BRDA:128,5,0,3
BRDA:128,5,1,2
BRDA:135,6,0,1
BRDA:135,6,1,1
BRDA:135,7,0,2
BRDA:135,7,1,1
BRDA:159,8,0,1
BRDA:159,8,1,2
BRDA:165,9,0,1
BRDA:165,9,1,1
BRDA:165,10,0,2
BRDA:165,10,1,1
BRF:25
BRH:25
end_of_record
TN:
SF:src\utils\fileHandler.js
FNF:0
FNH:0
DA:1,4
DA:2,4
DA:4,4
DA:5,4
DA:8,4
DA:9,0
DA:12,4
DA:14,4
DA:15,4
DA:17,4
LF:10
LH:9
BRDA:8,0,0,0
BRDA:8,0,1,4
BRF:2
BRH:1
end_of_record
TN:
SF:src\utils\productApi.js
FN:10,(anonymous_0)
FNF:1
FNH:1
FNDA:1,(anonymous_0)
DA:1,4
DA:3,4
DA:10,4
DA:11,1
DA:12,1
DA:13,1
DA:15,0
DA:16,0
DA:20,4
LF:9
LH:7
BRDA:3,0,0,4
BRDA:3,0,1,0
BRDA:13,1,0,1
BRDA:13,1,1,0
BRDA:15,2,0,0
BRDA:15,2,1,0
BRF:6
BRH:2
end_of_record
TN:
SF:src\utils\responseHandler.js
FN:1,(anonymous_0)
FN:7,(anonymous_1)
FNF:2
FNH:2
FNDA:16,(anonymous_0)
FNDA:7,(anonymous_1)
DA:1,3
DA:2,16
DA:3,16
DA:4,16
DA:7,3
DA:8,7
DA:11,3
LF:7
LH:7
BRDA:1,0,0,13
BRDA:1,1,0,16
BRDA:3,2,0,0
BRDA:3,2,1,16
BRDA:7,3,0,0
BRF:5
BRH:3
end_of_record
TN:
SF:src\validations\inventoryValidation.js
FN:3,(anonymous_0)
FNF:1
FNH:1
FNDA:2,(anonymous_0)
DA:1,1
DA:3,1
DA:4,2
DA:5,2
DA:6,0
DA:8,2
DA:12,1
DA:20,1
DA:30,1
DA:38,1
DA:46,1
DA:53,1
LF:12
LH:11
BRDA:5,0,0,0
BRDA:5,0,1,2
BRF:2
BRH:1
end_of_record
