TN:
SF:src\config\cognitoConfig.js
FN:27,(anonymous_0)
FN:54,(anonymous_1)
FNF:2
FNH:2
FNDA:1,(anonymous_0)
FNDA:1,(anonymous_1)
DA:17,1
DA:27,1
DA:28,1
DA:30,1
DA:31,0
DA:34,1
DA:35,0
DA:38,1
DA:39,0
DA:42,1
DA:43,0
DA:54,1
DA:55,1
DA:56,1
DA:59,1
LF:15
LH:11
BRDA:30,0,0,0
BRDA:30,0,1,1
BRDA:34,1,0,0
BRDA:34,1,1,1
BRDA:38,2,0,0
BRDA:38,2,1,1
BRDA:42,3,0,0
BRDA:42,3,1,1
BRF:8
BRH:4
end_of_record
TN:
SF:src\controllers\categoryController.js
FN:5,(anonymous_0)
FN:19,(anonymous_1)
FN:29,(anonymous_2)
FN:42,(anonymous_3)
FN:60,(anonymous_4)
FNF:5
FNH:5
FNDA:2,(anonymous_0)
FNDA:2,(anonymous_1)
FNDA:3,(anonymous_2)
FNDA:2,(anonymous_3)
FNDA:2,(anonymous_4)
DA:1,1
DA:2,1
DA:3,1
DA:5,1
DA:6,2
DA:7,2
DA:8,1
DA:15,1
DA:19,1
DA:20,2
DA:21,2
DA:23,1
DA:25,1
DA:29,1
DA:30,3
DA:31,3
DA:33,2
DA:34,1
DA:36,1
DA:38,1
DA:42,1
DA:43,2
DA:45,2
DA:50,1
DA:51,0
DA:53,1
DA:56,1
DA:60,1
DA:61,2
DA:63,2
DA:66,2
DA:71,1
DA:75,1
DA:80,1
LF:34
LH:33
BRDA:33,0,0,1
BRDA:33,0,1,1
BRDA:50,1,0,0
BRDA:50,1,1,1
BRF:4
BRH:3
end_of_record
TN:
SF:src\middleware\authMiddleware.js
FN:56,(anonymous_0)
FNF:1
FNH:1
FNDA:4,(anonymous_0)
DA:17,1
DA:18,1
DA:56,1
DA:57,4
DA:59,4
DA:61,4
DA:62,1
DA:69,3
DA:71,3
DA:72,1
DA:79,2
DA:82,2
DA:86,1
DA:89,1
DA:92,1
DA:93,1
DA:95,1
DA:102,1
LF:18
LH:18
BRDA:61,0,0,1
BRDA:61,0,1,3
BRDA:71,1,0,1
BRDA:71,1,1,2
BRDA:92,2,0,1
BRDA:92,2,1,1
BRDA:93,3,0,1
BRDA:93,3,1,0
BRF:8
BRH:7
end_of_record
TN:
SF:src\middleware\errorMiddleware.js
FN:1,(anonymous_0)
FNF:1
FNH:1
FNDA:2,(anonymous_0)
DA:1,1
DA:2,2
DA:3,2
DA:10,1
LF:4
LH:4
BRDA:2,0,0,2
BRDA:2,0,1,1
BRDA:5,1,0,2
BRDA:5,1,1,1
BRDA:6,2,0,2
BRDA:6,2,1,0
BRF:6
BRH:5
end_of_record
TN:
SF:src\middleware\notFoundMiddleware.js
FN:1,(anonymous_0)
FNF:1
FNH:1
FNDA:1,(anonymous_0)
DA:1,1
DA:2,1
DA:5,1
LF:3
LH:3
BRF:0
BRH:0
end_of_record
TN:
SF:src\middleware\roleMiddleware.js
FN:3,(anonymous_0)
FN:4,(anonymous_1)
FN:12,(anonymous_2)
FNF:3
FNH:3
FNDA:4,(anonymous_0)
FNDA:4,(anonymous_1)
FNDA:2,(anonymous_2)
DA:1,1
DA:3,1
DA:4,4
DA:5,4
DA:6,4
DA:7,1
DA:10,2
DA:12,2
DA:13,2
DA:16,2
DA:17,1
DA:24,1
DA:26,1
DA:31,1
LF:14
LH:14
BRDA:6,0,0,1
BRDA:6,0,1,2
BRDA:10,1,0,2
BRDA:10,1,1,0
BRDA:16,2,0,1
BRDA:16,2,1,1
BRF:6
BRH:5
end_of_record
TN:
SF:src\services\categoryService.js
FN:20,(anonymous_0)
FN:44,(anonymous_1)
FN:68,(anonymous_2)
FN:77,(anonymous_3)
FN:86,(anonymous_4)
FN:94,(anonymous_5)
FN:131,(anonymous_6)
FN:144,(anonymous_7)
FN:188,(anonymous_8)
FN:193,(anonymous_9)
FN:228,(anonymous_10)
FNF:11
FNH:11
FNDA:1,(anonymous_0)
FNDA:2,(anonymous_1)
FNDA:2,(anonymous_2)
FNDA:2,(anonymous_3)
FNDA:1,(anonymous_4)
FNDA:1,(anonymous_5)
FNDA:4,(anonymous_6)
FNDA:3,(anonymous_7)
FNDA:5,(anonymous_8)
FNDA:5,(anonymous_9)
FNDA:1,(anonymous_10)
DA:1,2
DA:2,2
DA:8,2
DA:13,2
DA:18,2
DA:20,2
DA:22,1
DA:33,1
DA:40,1
DA:44,2
DA:53,2
DA:55,2
DA:61,2
DA:64,2
DA:65,1
DA:67,1
DA:69,2
DA:75,2
DA:76,1
DA:77,2
DA:82,2
DA:83,1
DA:85,1
DA:86,1
DA:91,2
DA:92,2
DA:94,2
DA:95,1
DA:96,0
DA:101,1
DA:106,2
DA:108,2
DA:110,2
DA:112,2
DA:114,2
DA:119,2
DA:131,2
DA:132,4
DA:141,4
DA:144,2
DA:146,3
DA:148,3
DA:151,2
DA:153,1
DA:155,1
DA:160,1
DA:162,1
DA:166,1
DA:170,0
DA:179,2
DA:180,2
DA:182,2
DA:184,2
DA:187,2
DA:188,5
DA:190,2
DA:191,2
DA:193,2
DA:194,5
DA:195,5
DA:198,2
DA:211,2
DA:212,2
DA:214,1
DA:218,1
DA:225,2
DA:228,2
DA:232,1
DA:239,2
LF:69
LH:67
BRDA:25,0,0,1
BRDA:25,0,1,0
BRDA:26,1,0,1
BRDA:26,1,1,1
BRDA:27,2,0,1
BRDA:27,2,1,1
BRDA:28,3,0,1
BRDA:28,3,1,1
BRDA:55,4,0,0
BRDA:64,5,0,1
BRDA:64,5,1,1
BRDA:69,6,0,2
BRDA:69,6,1,0
BRDA:75,7,0,1
BRDA:75,7,1,1
BRDA:82,8,0,1
BRDA:82,8,1,1
BRDA:91,9,0,2
BRDA:91,9,1,0
BRDA:92,10,0,1
BRDA:92,10,1,1
BRDA:95,11,0,0
BRDA:95,11,1,1
BRDA:108,12,0,2
BRDA:108,12,1,1
BRDA:110,13,0,2
BRDA:110,13,1,1
BRDA:141,14,0,4
BRDA:141,14,1,1
BRDA:148,15,0,1
BRDA:148,15,1,2
BRDA:151,16,0,1
BRDA:151,16,1,1
BRDA:151,17,0,2
BRDA:151,17,1,1
BRDA:155,18,0,1
BRDA:155,18,1,0
BRDA:156,19,0,1
BRDA:156,19,1,1
BRDA:156,19,2,1
BRF:40
BRH:34
end_of_record
TN:
SF:src\utils\cognitoVerifier.js
FN:25,(anonymous_0)
FN:48,(anonymous_1)
FN:73,(anonymous_2)
FN:114,(anonymous_3)
FN:158,(anonymous_4)
FNF:5
FNH:5
FNDA:3,(anonymous_0)
FNDA:3,(anonymous_1)
FNDA:7,(anonymous_2)
FNDA:5,(anonymous_3)
FNDA:3,(anonymous_4)
DA:25,2
DA:26,3
DA:27,1
DA:28,1
DA:30,0
DA:35,3
DA:48,2
DA:49,3
DA:51,3
DA:63,2
DA:64,2
DA:73,2
DA:75,7
DA:82,5
DA:86,2
DA:87,2
DA:88,2
DA:114,2
DA:115,5
DA:116,5
DA:117,5
DA:118,1
DA:121,4
DA:122,1
DA:123,1
DA:124,1
DA:125,1
DA:128,3
DA:129,1
DA:130,1
DA:131,1
DA:132,1
DA:135,2
DA:136,1
DA:137,1
DA:138,1
DA:139,1
DA:143,1
DA:144,1
DA:145,1
DA:146,1
DA:147,1
DA:158,2
DA:159,3
DA:160,1
DA:163,2
DA:165,2
DA:166,1
DA:169,1
DA:172,2
LF:50
LH:49
BRDA:26,0,0,1
BRDA:26,0,1,2
BRDA:75,1,0,5
BRDA:75,1,1,2
BRDA:76,2,0,7
BRDA:76,2,1,6
BRDA:76,2,2,6
BRDA:76,2,3,5
BRDA:76,2,4,5
BRDA:121,3,0,1
BRDA:121,3,1,3
BRDA:128,4,0,1
BRDA:128,4,1,2
BRDA:128,5,0,3
BRDA:128,5,1,2
BRDA:135,6,0,1
BRDA:135,6,1,1
BRDA:135,7,0,2
BRDA:135,7,1,1
BRDA:159,8,0,1
BRDA:159,8,1,2
BRDA:165,9,0,1
BRDA:165,9,1,1
BRDA:165,10,0,2
BRDA:165,10,1,1
BRF:25
BRH:25
end_of_record
TN:
SF:src\utils\fileHandler.js
FNF:0
FNH:0
DA:1,4
DA:2,4
DA:4,4
DA:5,4
DA:8,4
DA:9,0
DA:12,4
DA:14,4
DA:16,4
LF:9
LH:8
BRDA:8,0,0,0
BRDA:8,0,1,4
BRF:2
BRH:1
end_of_record
TN:
SF:src\utils\responseHandler.js
FN:1,(anonymous_0)
FN:7,(anonymous_1)
FNF:2
FNH:2
FNDA:6,(anonymous_0)
FNDA:5,(anonymous_1)
DA:1,3
DA:2,6
DA:3,6
DA:4,6
DA:7,3
DA:8,5
DA:11,3
LF:7
LH:7
BRDA:1,0,0,3
BRDA:1,1,0,5
BRDA:3,2,0,1
BRDA:3,2,1,5
BRDA:7,3,0,0
BRF:5
BRH:4
end_of_record
TN:
SF:src\utils\s3Client.js
FNF:0
FNH:0
DA:1,4
DA:3,4
DA:4,4
DA:7,4
DA:8,0
DA:11,4
LF:6
LH:5
BRDA:7,0,0,0
BRDA:7,0,1,4
BRF:2
BRH:1
end_of_record
TN:
SF:src\utils\s3Helper.js
FN:18,(anonymous_0)
FN:30,(anonymous_1)
FNF:2
FNH:1
FNDA:1,(anonymous_0)
FNDA:0,(anonymous_1)
DA:3,3
DA:5,3
DA:7,3
DA:8,3
DA:13,3
DA:15,3
DA:18,3
DA:19,1
DA:21,1
DA:30,3
DA:35,0
DA:37,0
DA:39,0
DA:45,0
DA:53,0
DA:55,0
DA:62,3
LF:17
LH:11
BRDA:19,0,0,0
BRDA:19,0,1,1
BRDA:33,1,0,0
BRF:3
BRH:1
end_of_record
TN:
SF:src\utils\snsPublisher.js
FN:12,(anonymous_0)
FNF:1
FNH:1
FNDA:1,(anonymous_0)
DA:1,3
DA:2,3
DA:4,3
DA:5,3
DA:8,3
DA:9,0
DA:12,3
DA:13,1
DA:23,1
DA:31,1
DA:36,3
LF:11
LH:10
BRDA:8,0,0,0
BRDA:8,0,1,3
BRF:2
BRH:1
end_of_record
TN:
SF:src\validations\categoryValidation.js
FN:3,(anonymous_0)
FNF:1
FNH:1
FNDA:2,(anonymous_0)
DA:1,1
DA:3,1
DA:4,2
DA:6,2
DA:7,1
DA:13,1
DA:16,1
DA:44,1
DA:69,1
LF:9
LH:9
BRDA:6,0,0,1
BRDA:6,0,1,1
BRF:2
BRH:2
end_of_record
