TN:
SF:src\app.js
FN:17,(anonymous_0)
FN:27,(anonymous_1)
FN:36,(anonymous_2)
FNF:3
FNH:3
FNDA:1,(anonymous_0)
FNDA:4,(anonymous_1)
FNDA:4,(anonymous_2)
DA:1,2
DA:2,2
DA:3,2
DA:4,2
DA:5,2
DA:6,2
DA:8,2
DA:9,2
DA:10,2
DA:12,2
DA:13,2
DA:14,2
DA:17,2
DA:18,1
DA:21,2
DA:22,2
DA:24,2
DA:25,2
DA:28,4
DA:29,4
DA:33,2
DA:34,2
DA:36,2
DA:37,4
DA:48,2
DA:50,2
DA:51,2
DA:53,2
DA:54,2
DA:56,2
LF:30
LH:30
BRDA:13,0,0,2
BRDA:13,0,1,0
BRDA:18,1,0,1
BRDA:18,1,1,0
BRDA:28,2,0,4
BRDA:28,2,1,3
BRDA:28,2,2,2
BRDA:28,2,3,2
BRDA:50,3,0,2
BRDA:50,3,1,0
BRF:10
BRH:7
end_of_record
TN:
SF:src\config\cognitoConfig.js
FN:27,(anonymous_0)
FN:54,(anonymous_1)
FNF:2
FNH:2
FNDA:1,(anonymous_0)
FNDA:1,(anonymous_1)
DA:17,3
DA:27,3
DA:28,1
DA:30,1
DA:31,0
DA:34,1
DA:35,0
DA:38,1
DA:39,0
DA:42,1
DA:43,0
DA:54,3
DA:55,1
DA:56,1
DA:59,3
LF:15
LH:11
BRDA:30,0,0,0
BRDA:30,0,1,1
BRDA:34,1,0,0
BRDA:34,1,1,1
BRDA:38,2,0,0
BRDA:38,2,1,1
BRDA:42,3,0,0
BRDA:42,3,1,1
BRF:8
BRH:4
end_of_record
TN:
SF:src\controllers\categoryController.js
FN:5,(anonymous_0)
FN:19,(anonymous_1)
FN:29,(anonymous_2)
FN:42,(anonymous_3)
FN:60,(anonymous_4)
FNF:5
FNH:5
FNDA:2,(anonymous_0)
FNDA:2,(anonymous_1)
FNDA:3,(anonymous_2)
FNDA:2,(anonymous_3)
FNDA:2,(anonymous_4)
DA:1,3
DA:2,3
DA:3,3
DA:5,3
DA:6,2
DA:7,2
DA:8,1
DA:15,1
DA:19,3
DA:20,2
DA:21,2
DA:23,1
DA:25,1
DA:29,3
DA:30,3
DA:31,3
DA:33,2
DA:34,1
DA:36,1
DA:38,1
DA:42,3
DA:43,2
DA:45,2
DA:50,1
DA:51,0
DA:53,1
DA:56,1
DA:60,3
DA:61,2
DA:63,2
DA:66,2
DA:71,1
DA:75,1
DA:80,3
LF:34
LH:33
BRDA:33,0,0,1
BRDA:33,0,1,1
BRDA:50,1,0,0
BRDA:50,1,1,1
BRF:4
BRH:3
end_of_record
TN:
SF:src\middleware\authMiddleware.js
FN:56,(anonymous_0)
FNF:1
FNH:1
FNDA:4,(anonymous_0)
DA:17,3
DA:18,3
DA:56,3
DA:57,4
DA:59,4
DA:61,4
DA:62,1
DA:69,3
DA:71,3
DA:72,1
DA:79,2
DA:82,2
DA:86,1
DA:89,1
DA:92,1
DA:93,1
DA:95,1
DA:102,3
LF:18
LH:18
BRDA:61,0,0,1
BRDA:61,0,1,3
BRDA:71,1,0,1
BRDA:71,1,1,2
BRDA:92,2,0,1
BRDA:92,2,1,1
BRDA:93,3,0,1
BRDA:93,3,1,0
BRF:8
BRH:7
end_of_record
TN:
SF:src\middleware\errorMiddleware.js
FN:1,(anonymous_0)
FNF:1
FNH:1
FNDA:2,(anonymous_0)
DA:1,3
DA:2,2
DA:3,2
DA:10,3
LF:4
LH:4
BRDA:2,0,0,2
BRDA:2,0,1,1
BRDA:5,1,0,2
BRDA:5,1,1,1
BRDA:6,2,0,2
BRDA:6,2,1,0
BRF:6
BRH:5
end_of_record
TN:
SF:src\middleware\notFoundMiddleware.js
FN:1,(anonymous_0)
FNF:1
FNH:1
FNDA:1,(anonymous_0)
DA:1,3
DA:2,1
DA:5,3
LF:3
LH:3
BRF:0
BRH:0
end_of_record
TN:
SF:src\middleware\roleMiddleware.js
FN:3,(anonymous_0)
FN:4,(anonymous_1)
FN:12,(anonymous_2)
FNF:3
FNH:3
FNDA:14,(anonymous_0)
FNDA:4,(anonymous_1)
FNDA:2,(anonymous_2)
DA:1,3
DA:3,3
DA:4,14
DA:5,4
DA:6,4
DA:7,1
DA:10,2
DA:12,2
DA:13,2
DA:16,2
DA:17,1
DA:24,1
DA:26,1
DA:31,3
LF:14
LH:14
BRDA:6,0,0,1
BRDA:6,0,1,2
BRDA:10,1,0,2
BRDA:10,1,1,0
BRDA:16,2,0,1
BRDA:16,2,1,1
BRF:6
BRH:5
end_of_record
TN:
SF:src\routes\categoryRoutes.js
FNF:0
FNH:0
DA:1,2
DA:2,2
DA:3,2
DA:4,2
DA:5,2
DA:8,2
DA:15,2
DA:22,2
DA:27,2
DA:34,2
DA:42,2
DA:49,2
LF:12
LH:12
BRF:0
BRH:0
end_of_record
TN:
SF:src\services\categoryService.js
FN:20,(anonymous_0)
FN:44,(anonymous_1)
FN:68,(anonymous_2)
FN:77,(anonymous_3)
FN:86,(anonymous_4)
FN:94,(anonymous_5)
FN:131,(anonymous_6)
FN:144,(anonymous_7)
FN:188,(anonymous_8)
FN:193,(anonymous_9)
FN:228,(anonymous_10)
FNF:11
FNH:11
FNDA:1,(anonymous_0)
FNDA:2,(anonymous_1)
FNDA:2,(anonymous_2)
FNDA:2,(anonymous_3)
FNDA:1,(anonymous_4)
FNDA:1,(anonymous_5)
FNDA:4,(anonymous_6)
FNDA:3,(anonymous_7)
FNDA:5,(anonymous_8)
FNDA:5,(anonymous_9)
FNDA:1,(anonymous_10)
DA:1,4
DA:2,4
DA:8,4
DA:13,4
DA:18,4
DA:20,4
DA:22,1
DA:33,1
DA:40,1
DA:44,4
DA:53,2
DA:55,2
DA:61,2
DA:64,2
DA:65,1
DA:67,1
DA:69,2
DA:75,2
DA:76,1
DA:77,2
DA:82,2
DA:83,1
DA:85,1
DA:86,1
DA:91,2
DA:92,2
DA:94,2
DA:95,1
DA:96,0
DA:101,1
DA:106,2
DA:108,2
DA:110,2
DA:112,2
DA:114,2
DA:119,2
DA:131,4
DA:132,4
DA:141,4
DA:144,4
DA:146,3
DA:148,3
DA:151,2
DA:153,1
DA:155,1
DA:160,1
DA:162,1
DA:166,1
DA:170,0
DA:179,2
DA:180,2
DA:182,2
DA:184,2
DA:187,2
DA:188,5
DA:190,2
DA:191,2
DA:193,2
DA:194,5
DA:195,5
DA:198,2
DA:211,2
DA:212,2
DA:214,1
DA:218,1
DA:225,2
DA:228,4
DA:232,1
DA:239,4
LF:69
LH:67
BRDA:25,0,0,1
BRDA:25,0,1,0
BRDA:26,1,0,1
BRDA:26,1,1,1
BRDA:27,2,0,1
BRDA:27,2,1,1
BRDA:28,3,0,1
BRDA:28,3,1,1
BRDA:55,4,0,0
BRDA:64,5,0,1
BRDA:64,5,1,1
BRDA:69,6,0,2
BRDA:69,6,1,0
BRDA:75,7,0,1
BRDA:75,7,1,1
BRDA:82,8,0,1
BRDA:82,8,1,1
BRDA:91,9,0,2
BRDA:91,9,1,0
BRDA:92,10,0,1
BRDA:92,10,1,1
BRDA:95,11,0,0
BRDA:95,11,1,1
BRDA:108,12,0,2
BRDA:108,12,1,1
BRDA:110,13,0,2
BRDA:110,13,1,1
BRDA:141,14,0,4
BRDA:141,14,1,1
BRDA:148,15,0,1
BRDA:148,15,1,2
BRDA:151,16,0,1
BRDA:151,16,1,1
BRDA:151,17,0,2
BRDA:151,17,1,1
BRDA:155,18,0,1
BRDA:155,18,1,0
BRDA:156,19,0,1
BRDA:156,19,1,1
BRDA:156,19,2,1
BRF:40
BRH:34
end_of_record
TN:
SF:src\utils\cognitoVerifier.js
FN:25,(anonymous_0)
FN:48,(anonymous_1)
FN:73,(anonymous_2)
FN:114,(anonymous_3)
FN:158,(anonymous_4)
FNF:5
FNH:5
FNDA:3,(anonymous_0)
FNDA:3,(anonymous_1)
FNDA:7,(anonymous_2)
FNDA:5,(anonymous_3)
FNDA:3,(anonymous_4)
DA:25,4
DA:26,3
DA:27,1
DA:28,1
DA:30,0
DA:35,3
DA:48,4
DA:49,3
DA:51,3
DA:63,4
DA:64,4
DA:73,4
DA:75,7
DA:82,5
DA:86,2
DA:87,2
DA:88,2
DA:114,4
DA:115,5
DA:116,5
DA:117,5
DA:118,1
DA:121,4
DA:122,1
DA:123,1
DA:124,1
DA:125,1
DA:128,3
DA:129,1
DA:130,1
DA:131,1
DA:132,1
DA:135,2
DA:136,1
DA:137,1
DA:138,1
DA:139,1
DA:143,1
DA:144,1
DA:145,1
DA:146,1
DA:147,1
DA:158,4
DA:159,3
DA:160,1
DA:163,2
DA:165,2
DA:166,1
DA:169,1
DA:172,4
LF:50
LH:49
BRDA:26,0,0,1
BRDA:26,0,1,2
BRDA:75,1,0,5
BRDA:75,1,1,2
BRDA:76,2,0,7
BRDA:76,2,1,6
BRDA:76,2,2,6
BRDA:76,2,3,5
BRDA:76,2,4,5
BRDA:121,3,0,1
BRDA:121,3,1,3
BRDA:128,4,0,1
BRDA:128,4,1,2
BRDA:128,5,0,3
BRDA:128,5,1,2
BRDA:135,6,0,1
BRDA:135,6,1,1
BRDA:135,7,0,2
BRDA:135,7,1,1
BRDA:159,8,0,1
BRDA:159,8,1,2
BRDA:165,9,0,1
BRDA:165,9,1,1
BRDA:165,10,0,2
BRDA:165,10,1,1
BRF:25
BRH:25
end_of_record
TN:
SF:src\utils\fileHandler.js
FNF:0
FNH:0
DA:1,6
DA:2,6
DA:4,6
DA:5,6
DA:8,6
DA:9,2
DA:12,6
DA:14,6
DA:16,6
LF:9
LH:9
BRDA:8,0,0,2
BRDA:8,0,1,4
BRF:2
BRH:2
end_of_record
TN:
SF:src\utils\responseHandler.js
FN:1,(anonymous_0)
FN:7,(anonymous_1)
FNF:2
FNH:2
FNDA:6,(anonymous_0)
FNDA:5,(anonymous_1)
DA:1,5
DA:2,6
DA:3,6
DA:4,6
DA:7,5
DA:8,5
DA:11,5
LF:7
LH:7
BRDA:1,0,0,3
BRDA:1,1,0,5
BRDA:3,2,0,1
BRDA:3,2,1,5
BRDA:7,3,0,0
BRF:5
BRH:4
end_of_record
TN:
SF:src\utils\s3Client.js
FNF:0
FNH:0
DA:1,6
DA:3,6
DA:4,6
DA:7,6
DA:8,2
DA:11,6
LF:6
LH:6
BRDA:7,0,0,2
BRDA:7,0,1,4
BRF:2
BRH:2
end_of_record
TN:
SF:src\utils\s3Helper.js
FN:18,(anonymous_0)
FN:30,(anonymous_1)
FNF:2
FNH:1
FNDA:1,(anonymous_0)
FNDA:0,(anonymous_1)
DA:3,5
DA:5,5
DA:7,5
DA:8,5
DA:13,5
DA:15,5
DA:18,5
DA:19,1
DA:21,1
DA:30,5
DA:35,0
DA:37,0
DA:39,0
DA:45,0
DA:53,0
DA:55,0
DA:62,5
LF:17
LH:11
BRDA:19,0,0,0
BRDA:19,0,1,1
BRDA:33,1,0,0
BRF:3
BRH:1
end_of_record
TN:
SF:src\utils\snsPublisher.js
FN:12,(anonymous_0)
FNF:1
FNH:1
FNDA:1,(anonymous_0)
DA:1,5
DA:2,5
DA:4,5
DA:5,5
DA:8,5
DA:9,2
DA:12,5
DA:13,1
DA:23,1
DA:31,1
DA:36,5
LF:11
LH:11
BRDA:8,0,0,2
BRDA:8,0,1,3
BRF:2
BRH:2
end_of_record
TN:
SF:src\validations\categoryValidation.js
FN:3,(anonymous_0)
FNF:1
FNH:1
FNDA:2,(anonymous_0)
DA:1,3
DA:3,3
DA:4,2
DA:6,2
DA:7,1
DA:13,1
DA:16,3
DA:44,3
DA:69,3
LF:9
LH:9
BRDA:6,0,0,1
BRDA:6,0,1,1
BRF:2
BRH:2
end_of_record
