TN:
SF:src\config\cognitoConfig.js
FN:27,(anonymous_0)
FN:54,(anonymous_1)
FNF:2
FNH:2
FNDA:4,(anonymous_0)
FNDA:4,(anonymous_1)
DA:17,5
DA:27,5
DA:28,4
DA:30,4
DA:31,1
DA:34,4
DA:35,1
DA:38,4
DA:39,1
DA:42,4
DA:43,3
DA:54,5
DA:55,4
DA:56,1
DA:59,5
LF:15
LH:15
BRDA:30,0,0,1
BRDA:30,0,1,3
BRDA:34,1,0,1
BRDA:34,1,1,3
BRDA:38,2,0,1
BRDA:38,2,1,3
BRDA:42,3,0,3
BRDA:42,3,1,1
BRF:8
BRH:8
end_of_record
TN:
SF:src\config\dynamodb.js
FNF:0
FNH:0
DA:1,3
DA:2,3
DA:3,3
DA:5,3
DA:6,3
DA:9,3
DA:10,0
DA:13,3
DA:23,3
LF:9
LH:8
BRDA:9,0,0,0
BRDA:9,0,1,3
BRF:2
BRH:1
end_of_record
TN:
SF:src\controllers\couponController.js
FN:5,(anonymous_0)
FN:30,(anonymous_1)
FN:44,(anonymous_2)
FN:60,(anonymous_3)
FN:88,(anonymous_4)
FN:102,(anonymous_5)
FNF:6
FNH:6
FNDA:3,(anonymous_0)
FNDA:2,(anonymous_1)
FNDA:2,(anonymous_2)
FNDA:3,(anonymous_3)
FNDA:2,(anonymous_4)
FNDA:3,(anonymous_5)
DA:1,1
DA:2,1
DA:5,1
DA:6,3
DA:7,3
DA:9,3
DA:10,1
DA:17,2
DA:19,1
DA:25,1
DA:30,1
DA:31,2
DA:32,2
DA:34,1
DA:39,1
DA:44,1
DA:45,2
DA:46,2
DA:50,1
DA:55,1
DA:60,1
DA:61,3
DA:62,3
DA:64,3
DA:65,1
DA:72,2
DA:77,1
DA:83,1
DA:88,1
DA:89,2
DA:90,2
DA:92,1
DA:97,1
DA:102,1
DA:103,3
DA:105,3
DA:106,3
DA:108,3
DA:110,3
DA:111,1
DA:113,1
DA:120,2
DA:122,1
DA:128,1
DA:132,1
LF:45
LH:45
BRDA:9,0,0,1
BRDA:9,0,1,2
BRDA:64,1,0,1
BRDA:64,1,1,2
BRDA:110,2,0,1
BRDA:110,2,1,2
BRF:6
BRH:6
end_of_record
TN:
SF:src\middleware\authMiddleware.js
FN:56,(anonymous_0)
FNF:1
FNH:1
FNDA:4,(anonymous_0)
DA:17,1
DA:18,1
DA:56,1
DA:57,4
DA:59,4
DA:61,4
DA:62,1
DA:69,3
DA:71,3
DA:72,1
DA:79,2
DA:82,2
DA:86,1
DA:89,1
DA:92,1
DA:93,1
DA:95,1
DA:102,1
LF:18
LH:18
BRDA:61,0,0,1
BRDA:61,0,1,3
BRDA:71,1,0,1
BRDA:71,1,1,2
BRDA:92,2,0,1
BRDA:92,2,1,1
BRDA:93,3,0,1
BRDA:93,3,1,0
BRF:8
BRH:7
end_of_record
TN:
SF:src\middleware\errorMiddleware.js
FN:1,(anonymous_0)
FNF:1
FNH:1
FNDA:2,(anonymous_0)
DA:1,1
DA:2,2
DA:3,2
DA:10,1
LF:4
LH:4
BRDA:2,0,0,2
BRDA:2,0,1,1
BRDA:5,1,0,2
BRDA:5,1,1,1
BRDA:6,2,0,2
BRDA:6,2,1,0
BRF:6
BRH:5
end_of_record
TN:
SF:src\middleware\notFoundMiddleware.js
FN:1,(anonymous_0)
FNF:1
FNH:1
FNDA:1,(anonymous_0)
DA:1,1
DA:2,1
DA:5,1
LF:3
LH:3
BRF:0
BRH:0
end_of_record
TN:
SF:src\middleware\roleMiddleware.js
FN:3,(anonymous_0)
FN:4,(anonymous_1)
FN:12,(anonymous_2)
FNF:3
FNH:3
FNDA:4,(anonymous_0)
FNDA:4,(anonymous_1)
FNDA:2,(anonymous_2)
DA:1,1
DA:3,1
DA:4,4
DA:5,4
DA:6,4
DA:7,1
DA:10,2
DA:12,2
DA:13,2
DA:16,2
DA:17,1
DA:24,1
DA:26,1
DA:31,1
LF:14
LH:14
BRDA:6,0,0,1
BRDA:6,0,1,2
BRDA:10,1,0,2
BRDA:10,1,1,0
BRDA:16,2,0,1
BRDA:16,2,1,1
BRF:6
BRH:5
end_of_record
TN:
SF:src\services\couponService.js
FN:16,(anonymous_0)
FN:82,(anonymous_1)
FN:92,(anonymous_2)
FN:103,(anonymous_3)
FN:123,(anonymous_4)
FN:146,(anonymous_5)
FN:169,(anonymous_6)
FN:226,(anonymous_7)
FN:236,(anonymous_8)
FN:266,(anonymous_9)
FN:316,(anonymous_10)
FNF:11
FNH:11
FNDA:2,(anonymous_0)
FNDA:1,(anonymous_1)
FNDA:1,(anonymous_2)
FNDA:12,(anonymous_3)
FNDA:1,(anonymous_4)
FNDA:1,(anonymous_5)
FNDA:9,(anonymous_6)
FNDA:2,(anonymous_7)
FNDA:2,(anonymous_8)
FNDA:3,(anonymous_9)
FNDA:3,(anonymous_10)
DA:7,2
DA:9,2
DA:11,2
DA:16,2
DA:17,2
DA:20,2
DA:29,2
DA:30,1
DA:33,1
DA:35,1
DA:69,1
DA:76,1
DA:82,2
DA:83,1
DA:89,1
DA:91,1
DA:93,1
DA:97,1
DA:103,2
DA:104,12
DA:113,12
DA:114,1
DA:117,11
DA:123,2
DA:124,1
DA:126,1
DA:133,1
DA:140,1
DA:146,2
DA:147,1
DA:149,1
DA:158,1
DA:169,2
DA:175,9
DA:181,9
DA:182,1
DA:185,8
DA:189,1
DA:192,7
DA:196,1
DA:205,6
DA:207,6
DA:213,1
DA:222,1
DA:226,2
DA:227,2
DA:232,2
DA:236,2
DA:237,2
DA:242,2
DA:246,1
DA:249,5
DA:254,2
DA:265,3
DA:266,3
DA:270,3
DA:272,3
DA:274,1
DA:276,2
DA:278,2
DA:284,3
DA:285,1
DA:289,3
DA:291,3
DA:316,3
DA:325,2
LF:66
LH:66
BRDA:29,0,0,1
BRDA:29,0,1,1
BRDA:40,1,0,1
BRDA:40,1,1,1
BRDA:49,2,0,1
BRDA:49,2,1,1
BRDA:52,3,0,1
BRDA:52,3,1,1
BRDA:55,4,0,1
BRDA:55,4,1,1
BRDA:60,5,0,1
BRDA:60,5,1,0
BRDA:89,6,0,1
BRDA:89,6,1,0
BRDA:113,7,0,1
BRDA:113,7,1,11
BRDA:172,8,0,3
BRDA:181,9,0,1
BRDA:181,9,1,8
BRDA:185,10,0,1
BRDA:185,10,1,7
BRDA:186,11,0,8
BRDA:186,11,1,1
BRDA:192,12,0,1
BRDA:192,12,1,6
BRDA:207,13,0,1
BRDA:207,13,1,2
BRDA:207,13,2,2
BRDA:207,13,3,1
BRDA:207,14,0,6
BRDA:207,14,1,0
BRDA:214,15,0,0
BRDA:214,15,1,1
BRDA:249,16,0,2
BRDA:249,16,1,3
BRDA:250,17,0,5
BRDA:250,17,1,3
BRDA:250,17,2,4
BRDA:255,18,0,1
BRDA:255,18,1,1
BRDA:272,19,0,1
BRDA:272,19,1,2
BRDA:276,20,0,2
BRDA:276,20,1,0
BRDA:284,21,0,1
BRDA:284,21,1,2
BRDA:299,22,0,3
BRDA:299,22,1,0
BRDA:317,23,0,3
BRDA:317,23,1,2
BRDA:318,24,0,3
BRDA:318,24,1,2
BRDA:319,25,0,3
BRDA:319,25,1,3
BRDA:320,26,0,3
BRDA:320,26,1,3
BRF:56
BRH:50
end_of_record
TN:
SF:src\utils\cognitoVerifier.js
FN:25,(anonymous_0)
FN:48,(anonymous_1)
FN:73,(anonymous_2)
FN:114,(anonymous_3)
FN:158,(anonymous_4)
FNF:5
FNH:5
FNDA:3,(anonymous_0)
FNDA:3,(anonymous_1)
FNDA:7,(anonymous_2)
FNDA:5,(anonymous_3)
FNDA:3,(anonymous_4)
DA:25,2
DA:26,3
DA:27,1
DA:28,1
DA:30,0
DA:35,3
DA:48,2
DA:49,3
DA:51,3
DA:63,2
DA:64,2
DA:73,2
DA:75,7
DA:82,5
DA:86,2
DA:87,2
DA:88,2
DA:114,2
DA:115,5
DA:116,5
DA:117,5
DA:118,1
DA:121,4
DA:122,1
DA:123,1
DA:124,1
DA:125,1
DA:128,3
DA:129,1
DA:130,1
DA:131,1
DA:132,1
DA:135,2
DA:136,1
DA:137,1
DA:138,1
DA:139,1
DA:143,1
DA:144,1
DA:145,1
DA:146,1
DA:147,1
DA:158,2
DA:159,3
DA:160,1
DA:163,2
DA:165,2
DA:166,1
DA:169,1
DA:172,2
LF:50
LH:49
BRDA:26,0,0,1
BRDA:26,0,1,2
BRDA:75,1,0,5
BRDA:75,1,1,2
BRDA:76,2,0,7
BRDA:76,2,1,6
BRDA:76,2,2,6
BRDA:76,2,3,5
BRDA:76,2,4,5
BRDA:121,3,0,1
BRDA:121,3,1,3
BRDA:128,4,0,1
BRDA:128,4,1,2
BRDA:128,5,0,3
BRDA:128,5,1,2
BRDA:135,6,0,1
BRDA:135,6,1,1
BRDA:135,7,0,2
BRDA:135,7,1,1
BRDA:159,8,0,1
BRDA:159,8,1,2
BRDA:165,9,0,1
BRDA:165,9,1,1
BRDA:165,10,0,2
BRDA:165,10,1,1
BRF:25
BRH:25
end_of_record
TN:
SF:src\utils\fileHandler.js
FNF:0
FNH:0
DA:1,2
DA:2,2
DA:4,2
DA:5,2
DA:8,2
DA:9,0
DA:12,2
DA:14,2
DA:16,2
LF:9
LH:8
BRDA:8,0,0,0
BRDA:8,0,1,2
BRF:2
BRH:1
end_of_record
TN:
SF:src\utils\responseHandler.js
FN:1,(anonymous_0)
FN:7,(anonymous_1)
FNF:2
FNH:2
FNDA:1,(anonymous_0)
FNDA:4,(anonymous_1)
DA:1,2
DA:2,1
DA:3,1
DA:4,1
DA:7,2
DA:8,4
DA:11,2
LF:7
LH:7
BRDA:1,0,0,0
BRDA:1,1,0,1
BRDA:3,2,0,0
BRDA:3,2,1,1
BRDA:7,3,0,0
BRF:5
BRH:2
end_of_record
TN:
SF:src\validations\couponValidation.js
FNF:0
FNH:0
DA:1,1
DA:4,1
DA:63,1
DA:104,1
DA:112,1
DA:128,1
LF:6
LH:6
BRF:0
BRH:0
end_of_record
