TN:
SF:src\app.js
FN:17,(anonymous_0)
FN:27,(anonymous_1)
FN:36,(anonymous_2)
FNF:3
FNH:3
FNDA:1,(anonymous_0)
FNDA:4,(anonymous_1)
FNDA:4,(anonymous_2)
DA:1,2
DA:2,2
DA:3,2
DA:4,2
DA:5,2
DA:6,2
DA:8,2
DA:9,2
DA:10,2
DA:12,2
DA:13,2
DA:14,2
DA:17,2
DA:18,1
DA:21,2
DA:22,2
DA:24,2
DA:25,2
DA:28,4
DA:29,4
DA:33,2
DA:34,2
DA:36,2
DA:37,4
DA:46,2
DA:48,2
DA:49,2
DA:51,2
DA:52,2
DA:54,2
LF:30
LH:30
BRDA:13,0,0,2
BRDA:13,0,1,0
BRDA:18,1,0,1
BRDA:18,1,1,0
BRDA:28,2,0,4
BRDA:28,2,1,3
BRDA:28,2,2,2
BRDA:28,2,3,2
BRDA:39,3,0,4
BRDA:39,3,1,0
BRDA:48,4,0,2
BRDA:48,4,1,0
BRF:12
BRH:8
end_of_record
TN:
SF:src\config\mailConfig.js
FN:3,(anonymous_0)
FNF:1
FNH:1
FNDA:7,(anonymous_0)
DA:1,7
DA:3,7
DA:4,7
DA:15,7
LF:4
LH:4
BRDA:6,0,0,7
BRDA:6,0,1,7
BRF:2
BRH:2
end_of_record
TN:
SF:src\controllers\notificationController.js
FN:4,(anonymous_0)
FN:14,(anonymous_1)
FNF:2
FNH:2
FNDA:2,(anonymous_0)
FNDA:1,(anonymous_1)
DA:1,3
DA:2,3
DA:4,3
DA:5,2
DA:6,2
DA:7,2
DA:8,1
DA:10,1
DA:14,3
DA:15,1
DA:16,1
DA:18,0
DA:22,3
LF:13
LH:12
BRDA:6,0,0,2
BRDA:6,0,1,0
BRF:2
BRH:1
end_of_record
TN:
SF:src\handlers\paymentEventHandler.js
FN:3,(anonymous_0)
FNF:1
FNH:1
FNDA:1,(anonymous_0)
DA:1,1
DA:3,1
DA:4,1
DA:6,1
DA:7,0
DA:8,0
DA:11,1
DA:12,1
DA:13,1
DA:14,1
DA:17,1
DA:21,1
DA:22,1
DA:23,1
DA:25,1
DA:47,1
DA:49,1
DA:51,1
DA:55,0
DA:59,0
DA:62,0
DA:63,0
DA:67,1
LF:23
LH:17
BRDA:6,0,0,0
BRDA:6,0,1,1
BRDA:6,1,0,1
BRDA:6,1,1,1
BRDA:6,1,2,1
BRDA:17,2,0,0
BRDA:17,2,1,1
BRDA:25,3,0,1
BRDA:25,3,1,1
BRDA:25,3,2,1
BRDA:25,3,3,1
BRDA:25,3,4,1
BRDA:25,3,5,1
BRDA:25,3,6,1
BRDA:25,3,7,1
BRDA:25,3,8,1
BRDA:25,3,9,1
BRDA:25,3,10,0
BRF:18
BRH:15
end_of_record
TN:
SF:src\middleware\errorMiddleware.js
FN:1,(anonymous_0)
FNF:1
FNH:1
FNDA:2,(anonymous_0)
DA:1,3
DA:2,2
DA:3,2
DA:10,3
LF:4
LH:4
BRDA:2,0,0,2
BRDA:2,0,1,1
BRDA:5,1,0,2
BRDA:5,1,1,1
BRDA:6,2,0,2
BRDA:6,2,1,0
BRF:6
BRH:5
end_of_record
TN:
SF:src\middleware\notFoundMiddleware.js
FN:1,(anonymous_0)
FNF:1
FNH:1
FNDA:1,(anonymous_0)
DA:1,3
DA:2,1
DA:5,3
LF:3
LH:3
BRF:0
BRH:0
end_of_record
TN:
SF:src\routes\notificationRoutes.js
FNF:0
FNH:0
DA:1,2
DA:2,2
DA:4,2
DA:5,2
DA:7,2
LF:5
LH:5
BRF:0
BRH:0
end_of_record
TN:
SF:src\services\emailService.js
FN:3,(anonymous_0)
FNF:1
FNH:1
FNDA:7,(anonymous_0)
DA:1,6
DA:3,6
DA:4,7
DA:5,1
DA:8,6
DA:10,6
DA:18,6
DA:20,6
DA:21,6
DA:22,6
DA:23,6
DA:25,0
DA:26,0
DA:30,6
LF:14
LH:12
BRDA:4,0,0,1
BRDA:4,0,1,6
BRDA:11,1,0,6
BRDA:11,1,1,0
BRF:4
BRH:3
end_of_record
TN:
SF:src\services\notificationService.js
FN:25,(anonymous_0)
FN:27,(anonymous_1)
FN:30,(anonymous_2)
FN:66,(anonymous_3)
FN:166,(anonymous_4)
FNF:5
FNH:5
FNDA:2,(anonymous_0)
FNDA:1,(anonymous_1)
FNDA:1,(anonymous_2)
FNDA:3,(anonymous_3)
FNDA:6,(anonymous_4)
DA:1,5
DA:3,5
DA:25,5
DA:26,2
DA:27,2
DA:29,2
DA:30,1
DA:33,2
DA:35,2
DA:49,2
DA:63,2
DA:66,5
DA:68,3
DA:71,3
DA:73,2
DA:129,1
DA:166,5
DA:168,6
DA:169,1
DA:175,5
DA:177,2
DA:179,2
DA:183,3
DA:185,3
DA:189,5
DA:196,5
DA:200,5
DA:206,5
LF:28
LH:28
BRDA:26,0,0,1
BRDA:26,0,1,1
BRDA:27,1,0,1
BRDA:27,1,1,0
BRDA:30,2,0,1
BRDA:30,2,1,0
BRDA:30,3,0,1
BRDA:30,3,1,0
BRDA:37,4,0,2
BRDA:37,4,1,0
BRDA:38,5,0,2
BRDA:38,5,1,1
BRDA:39,6,0,2
BRDA:39,6,1,1
BRDA:40,7,0,2
BRDA:40,7,1,1
BRDA:41,8,0,2
BRDA:41,8,1,0
BRDA:42,9,0,2
BRDA:42,9,1,1
BRDA:43,10,0,2
BRDA:43,10,1,1
BRDA:44,11,0,2
BRDA:44,11,1,1
BRDA:51,12,0,2
BRDA:51,12,1,0
BRDA:52,13,0,2
BRDA:52,13,1,1
BRDA:53,14,0,2
BRDA:53,14,1,1
BRDA:54,15,0,2
BRDA:54,15,1,1
BRDA:55,16,0,2
BRDA:55,16,1,0
BRDA:56,17,0,2
BRDA:56,17,1,1
BRDA:57,18,0,2
BRDA:57,18,1,1
BRDA:58,19,0,2
BRDA:58,19,1,1
BRDA:71,20,0,2
BRDA:71,20,1,1
BRDA:91,21,0,2
BRDA:91,21,1,2
BRDA:95,22,0,1
BRDA:95,22,1,1
BRDA:116,23,0,2
BRDA:116,23,1,2
BRDA:118,24,0,1
BRDA:118,24,1,1
BRDA:120,25,0,1
BRDA:120,25,1,0
BRDA:168,26,0,1
BRDA:168,26,1,5
BRDA:168,27,0,6
BRDA:168,27,1,5
BRDA:175,28,0,2
BRDA:175,28,1,3
BRF:58
BRH:50
end_of_record
TN:
SF:src\utils\responseHandler.js
FN:1,(anonymous_0)
FN:7,(anonymous_1)
FNF:2
FNH:2
FNDA:3,(anonymous_0)
FNDA:1,(anonymous_1)
DA:1,4
DA:2,3
DA:3,3
DA:4,3
DA:7,4
DA:8,1
DA:11,4
LF:7
LH:7
BRDA:1,0,0,1
BRDA:1,1,0,3
BRDA:3,2,0,0
BRDA:3,2,1,3
BRDA:7,3,0,0
BRF:5
BRH:3
end_of_record
TN:
SF:src\validations\notificationValidation.js
FN:3,(anonymous_0)
FNF:1
FNH:1
FNDA:1,(anonymous_0)
DA:1,1
DA:3,1
DA:4,1
DA:5,1
DA:6,0
DA:8,1
DA:11,1
DA:24,1
LF:8
LH:7
BRDA:5,0,0,0
BRDA:5,0,1,1
BRF:2
BRH:1
end_of_record
