TN:
SF:src\app.js
FN:17,(anonymous_0)
FN:27,(anonymous_1)
FN:36,(anonymous_2)
FNF:3
FNH:3
FNDA:1,(anonymous_0)
FNDA:4,(anonymous_1)
FNDA:4,(anonymous_2)
DA:1,2
DA:2,2
DA:3,2
DA:4,2
DA:5,2
DA:6,2
DA:8,2
DA:9,2
DA:10,2
DA:12,2
DA:13,2
DA:14,2
DA:17,2
DA:18,1
DA:21,2
DA:22,2
DA:24,2
DA:25,2
DA:28,4
DA:29,4
DA:33,2
DA:34,2
DA:36,2
DA:37,4
DA:46,2
DA:48,2
DA:49,2
DA:51,2
DA:52,2
DA:54,2
LF:30
LH:30
BRDA:13,0,0,2
BRDA:13,0,1,0
BRDA:18,1,0,1
BRDA:18,1,1,0
BRDA:28,2,0,4
BRDA:28,2,1,3
BRDA:28,2,2,2
BRDA:28,2,3,2
BRDA:48,3,0,2
BRDA:48,3,1,0
BRF:10
BRH:7
end_of_record
TN:
SF:src\config\cognitoConfig.js
FN:27,(anonymous_0)
FN:54,(anonymous_1)
FNF:2
FNH:2
FNDA:4,(anonymous_0)
FNDA:1,(anonymous_1)
DA:17,3
DA:27,3
DA:28,4
DA:30,4
DA:31,1
DA:34,4
DA:35,1
DA:38,4
DA:39,1
DA:42,4
DA:43,3
DA:54,3
DA:55,1
DA:56,1
DA:59,3
LF:15
LH:15
BRDA:30,0,0,1
BRDA:30,0,1,3
BRDA:34,1,0,1
BRDA:34,1,1,3
BRDA:38,2,0,1
BRDA:38,2,1,3
BRDA:42,3,0,3
BRDA:42,3,1,1
BRF:8
BRH:8
end_of_record
TN:
SF:src\constants\orderConstants.js
FNF:0
FNH:0
DA:14,8
DA:43,8
DA:55,8
DA:64,8
DA:70,8
DA:108,8
LF:6
LH:6
BRF:0
BRH:0
end_of_record
TN:
SF:src\controllers\orderController.js
FN:6,(anonymous_0)
FN:28,(anonymous_1)
FN:42,(anonymous_2)
FN:52,(anonymous_3)
FN:61,(anonymous_4)
FN:70,(anonymous_5)
FN:79,(anonymous_6)
FN:100,(anonymous_7)
FNF:8
FNH:8
FNDA:2,(anonymous_0)
FNDA:2,(anonymous_1)
FNDA:3,(anonymous_2)
FNDA:2,(anonymous_3)
FNDA:2,(anonymous_4)
FNDA:2,(anonymous_5)
FNDA:6,(anonymous_6)
FNDA:2,(anonymous_7)
DA:1,3
DA:2,3
DA:3,3
DA:4,3
DA:6,3
DA:7,2
DA:8,2
DA:10,2
DA:11,2
DA:13,2
DA:22,1
DA:24,1
DA:28,3
DA:29,2
DA:30,2
DA:31,1
DA:38,1
DA:42,3
DA:43,3
DA:44,3
DA:45,2
DA:46,1
DA:48,1
DA:52,3
DA:53,2
DA:54,2
DA:55,1
DA:57,1
DA:61,3
DA:62,2
DA:63,2
DA:64,1
DA:66,1
DA:70,3
DA:71,2
DA:72,2
DA:73,1
DA:75,1
DA:79,3
DA:80,6
DA:81,6
DA:82,5
DA:85,4
DA:86,4
DA:87,4
DA:88,2
DA:91,2
DA:92,2
DA:94,2
DA:96,1
DA:100,3
DA:101,2
DA:102,2
DA:103,1
DA:105,1
DA:109,3
LF:56
LH:56
BRDA:45,0,0,1
BRDA:45,0,1,1
BRDA:82,1,0,1
BRDA:82,1,1,4
BRDA:85,2,0,4
BRDA:85,2,1,2
BRDA:87,3,0,2
BRDA:87,3,1,2
BRDA:87,4,0,4
BRDA:87,4,1,3
BRF:10
BRH:10
end_of_record
TN:
SF:src\handlers\paymentEventHandler.js
FN:3,(anonymous_0)
FNF:1
FNH:1
FNDA:3,(anonymous_0)
DA:1,1
DA:3,1
DA:4,3
DA:6,3
DA:7,1
DA:8,1
DA:11,2
DA:12,3
DA:13,3
DA:14,3
DA:15,3
DA:16,3
DA:17,3
DA:19,3
DA:20,3
DA:22,2
DA:23,1
DA:25,1
DA:28,1
DA:29,1
DA:33,2
LF:21
LH:21
BRDA:6,0,0,1
BRDA:6,0,1,2
BRDA:6,1,0,3
BRDA:6,1,1,2
BRDA:6,1,2,2
BRDA:17,2,0,3
BRDA:17,2,1,3
BRDA:22,3,0,1
BRDA:22,3,1,1
BRDA:22,4,0,2
BRDA:22,4,1,2
BRF:11
BRH:11
end_of_record
TN:
SF:src\middleware\authMiddleware.js
FN:56,(anonymous_0)
FNF:1
FNH:1
FNDA:5,(anonymous_0)
DA:17,3
DA:18,3
DA:56,3
DA:57,5
DA:59,5
DA:61,5
DA:62,1
DA:69,4
DA:71,4
DA:72,1
DA:79,3
DA:82,3
DA:86,1
DA:89,1
DA:92,2
DA:93,2
DA:95,2
DA:102,3
LF:18
LH:18
BRDA:61,0,0,1
BRDA:61,0,1,4
BRDA:71,1,0,1
BRDA:71,1,1,3
BRDA:92,2,0,2
BRDA:92,2,1,1
BRDA:93,3,0,2
BRDA:93,3,1,1
BRF:8
BRH:8
end_of_record
TN:
SF:src\middleware\errorMiddleware.js
FN:1,(anonymous_0)
FNF:1
FNH:1
FNDA:3,(anonymous_0)
DA:1,3
DA:2,3
DA:3,3
DA:4,3
DA:11,3
LF:5
LH:5
BRDA:3,0,0,3
BRDA:3,0,1,2
BRDA:6,1,0,3
BRDA:6,1,1,1
BRDA:7,2,0,3
BRDA:7,2,1,1
BRF:6
BRH:6
end_of_record
TN:
SF:src\middleware\notFoundMiddleware.js
FN:1,(anonymous_0)
FNF:1
FNH:1
FNDA:1,(anonymous_0)
DA:1,3
DA:2,1
DA:5,3
LF:3
LH:3
BRF:0
BRH:0
end_of_record
TN:
SF:src\middleware\roleMiddleware.js
FN:3,(anonymous_0)
FN:4,(anonymous_1)
FN:12,(anonymous_2)
FNF:3
FNH:3
FNDA:19,(anonymous_0)
FNDA:5,(anonymous_1)
FNDA:3,(anonymous_2)
DA:1,3
DA:3,3
DA:4,19
DA:5,5
DA:6,5
DA:7,1
DA:10,3
DA:12,3
DA:13,3
DA:16,3
DA:17,2
DA:24,1
DA:26,1
DA:31,3
LF:14
LH:14
BRDA:6,0,0,1
BRDA:6,0,1,3
BRDA:10,1,0,3
BRDA:10,1,1,1
BRDA:16,2,0,2
BRDA:16,2,1,1
BRF:6
BRH:6
end_of_record
TN:
SF:src\routes\orderRoutes.js
FNF:0
FNH:0
DA:1,2
DA:2,2
DA:3,2
DA:5,2
DA:6,2
DA:9,2
DA:19,2
DA:25,2
DA:34,2
DA:42,2
DA:50,2
DA:58,2
DA:67,2
DA:74,2
LF:14
LH:14
BRF:0
BRH:0
end_of_record
TN:
SF:src\services\orderExpirationService.js
FN:14,(anonymous_0)
FN:22,(anonymous_1)
FN:25,(anonymous_2)
FN:61,(anonymous_3)
FN:82,(anonymous_4)
FN:84,(anonymous_5)
FN:85,(anonymous_6)
FNF:7
FNH:7
FNDA:4,(anonymous_0)
FNDA:2,(anonymous_1)
FNDA:2,(anonymous_2)
FNDA:5,(anonymous_3)
FNDA:4,(anonymous_4)
FNDA:4,(anonymous_5)
FNDA:1,(anonymous_6)
DA:1,4
DA:2,4
DA:3,4
DA:4,4
DA:14,4
DA:15,4
DA:17,4
DA:20,4
DA:21,2
DA:22,2
DA:25,2
DA:26,2
DA:27,2
DA:28,1
DA:30,1
DA:36,4
DA:49,3
DA:61,4
DA:62,5
DA:64,5
DA:75,5
DA:76,2
DA:77,2
DA:80,3
DA:82,4
DA:84,4
DA:85,3
DA:87,3
DA:93,4
LF:29
LH:29
BRDA:20,0,0,2
BRDA:20,0,1,2
BRDA:20,1,0,4
BRDA:20,1,1,3
BRDA:27,2,0,1
BRDA:27,2,1,1
BRDA:64,3,0,1
BRDA:75,4,0,2
BRDA:75,4,1,3
BRF:9
BRH:9
end_of_record
TN:
SF:src\services\orderService.js
FN:20,(anonymous_0)
FN:27,(anonymous_1)
FN:99,(anonymous_2)
FN:105,(anonymous_3)
FN:118,(anonymous_4)
FN:125,(anonymous_5)
FN:134,(anonymous_6)
FN:190,(anonymous_7)
FN:364,(anonymous_8)
FN:372,(anonymous_9)
FN:387,(anonymous_10)
FN:396,(anonymous_11)
FN:405,(anonymous_12)
FN:414,(anonymous_13)
FN:418,(anonymous_14)
FN:424,(anonymous_15)
FN:428,(anonymous_16)
FN:434,(anonymous_17)
FN:436,(anonymous_18)
FN:438,(anonymous_19)
FN:439,(anonymous_20)
FN:441,(anonymous_21)
FN:442,(anonymous_22)
FN:458,(anonymous_23)
FN:459,(anonymous_24)
FN:460,(anonymous_25)
FN:461,(anonymous_26)
FN:462,(anonymous_27)
FN:466,(anonymous_28)
FN:467,(anonymous_29)
FN:468,(anonymous_30)
FN:472,(anonymous_31)
FN:478,(anonymous_32)
FN:479,(anonymous_33)
FN:506,(anonymous_34)
FN:511,(anonymous_35)
FN:522,(anonymous_36)
FN:525,(anonymous_37)
FN:529,(anonymous_38)
FN:544,(anonymous_39)
FN:655,(anonymous_40)
FN:786,(anonymous_41)
FN:810,(anonymous_42)
FN:825,(anonymous_43)
FN:864,(anonymous_44)
FN:865,(anonymous_45)
FN:869,(anonymous_46)
FN:873,(anonymous_47)
FN:876,(anonymous_48)
FN:938,(anonymous_49)
FNF:50
FNH:50
FNDA:3,(anonymous_0)
FNDA:10,(anonymous_1)
FNDA:8,(anonymous_2)
FNDA:8,(anonymous_3)
FNDA:7,(anonymous_4)
FNDA:7,(anonymous_5)
FNDA:8,(anonymous_6)
FNDA:5,(anonymous_7)
FNDA:10,(anonymous_8)
FNDA:54,(anonymous_9)
FNDA:1,(anonymous_10)
FNDA:1,(anonymous_11)
FNDA:1,(anonymous_12)
FNDA:1,(anonymous_13)
FNDA:1,(anonymous_14)
FNDA:1,(anonymous_15)
FNDA:1,(anonymous_16)
FNDA:8,(anonymous_17)
FNDA:16,(anonymous_18)
FNDA:8,(anonymous_19)
FNDA:8,(anonymous_20)
FNDA:8,(anonymous_21)
FNDA:8,(anonymous_22)
FNDA:90,(anonymous_23)
FNDA:90,(anonymous_24)
FNDA:90,(anonymous_25)
FNDA:90,(anonymous_26)
FNDA:90,(anonymous_27)
FNDA:90,(anonymous_28)
FNDA:90,(anonymous_29)
FNDA:90,(anonymous_30)
FNDA:90,(anonymous_31)
FNDA:90,(anonymous_32)
FNDA:20,(anonymous_33)
FNDA:25,(anonymous_34)
FNDA:1,(anonymous_35)
FNDA:1,(anonymous_36)
FNDA:6,(anonymous_37)
FNDA:1,(anonymous_38)
FNDA:11,(anonymous_39)
FNDA:12,(anonymous_40)
FNDA:6,(anonymous_41)
FNDA:2,(anonymous_42)
FNDA:1,(anonymous_43)
FNDA:5,(anonymous_44)
FNDA:5,(anonymous_45)
FNDA:1,(anonymous_46)
FNDA:6,(anonymous_47)
FNDA:1,(anonymous_48)
FNDA:7,(anonymous_49)
DA:1,5
DA:2,5
DA:3,5
DA:4,5
DA:5,5
DA:6,5
DA:7,5
DA:8,5
DA:15,5
DA:16,5
DA:20,5
DA:21,3
DA:22,3
DA:27,5
DA:29,10
DA:31,10
DA:33,10
DA:35,10
DA:37,10
DA:38,10
DA:40,10
DA:41,10
DA:43,10
DA:44,1
DA:50,9
DA:51,1
DA:58,8
DA:65,8
DA:66,7
DA:67,7
DA:68,7
DA:83,7
DA:85,7
DA:89,8
DA:90,8
DA:93,8
DA:96,8
DA:98,8
DA:99,8
DA:102,8
DA:104,8
DA:105,8
DA:111,8
DA:112,8
DA:114,8
DA:115,8
DA:117,8
DA:118,7
DA:124,8
DA:125,7
DA:131,8
DA:133,8
DA:137,8
DA:140,8
DA:142,8
DA:143,1
DA:144,1
DA:147,7
DA:148,1
DA:149,1
DA:152,6
DA:153,1
DA:156,1
DA:159,5
DA:160,3
DA:167,5
DA:189,8
DA:190,5
DA:193,8
DA:194,8
DA:195,8
DA:197,8
DA:198,3
DA:207,5
DA:208,5
DA:209,5
DA:210,5
DA:211,5
DA:213,2
DA:215,2
DA:216,2
DA:222,1
DA:223,1
DA:225,1
DA:232,1
DA:237,1
DA:245,1
DA:248,4
DA:250,4
DA:252,4
DA:256,4
DA:258,4
DA:263,3
DA:269,1
DA:279,3
DA:282,3
DA:284,3
DA:326,3
DA:327,3
DA:328,3
DA:334,3
DA:337,3
DA:338,3
DA:339,3
DA:340,2
DA:341,2
DA:345,1
DA:352,3
DA:353,3
DA:354,3
DA:355,3
DA:359,3
DA:364,5
DA:365,10
DA:367,10
DA:370,10
DA:371,6
DA:372,6
DA:373,54
DA:374,54
DA:375,54
DA:376,54
DA:377,54
DA:378,54
DA:380,54
DA:385,10
DA:386,1
DA:387,1
DA:388,1
DA:389,1
DA:394,10
DA:395,1
DA:396,1
DA:397,1
DA:398,1
DA:403,10
DA:404,1
DA:405,1
DA:406,1
DA:407,1
DA:412,10
DA:413,1
DA:414,1
DA:416,10
DA:417,1
DA:418,1
DA:422,10
DA:423,1
DA:424,1
DA:426,10
DA:427,1
DA:428,1
DA:432,10
DA:433,10
DA:434,8
DA:435,4
DA:436,16
DA:437,3
DA:438,8
DA:439,8
DA:440,2
DA:441,8
DA:442,8
DA:446,10
DA:447,10
DA:448,10
DA:449,10
DA:450,10
DA:452,10
DA:453,10
DA:454,10
DA:455,10
DA:458,90
DA:459,90
DA:460,90
DA:461,90
DA:462,10
DA:463,90
DA:464,90
DA:466,90
DA:467,90
DA:468,10
DA:469,90
DA:470,90
DA:472,10
DA:473,90
DA:474,90
DA:475,90
DA:477,10
DA:478,90
DA:479,20
DA:481,10
DA:494,10
DA:506,5
DA:507,25
DA:508,25
DA:511,5
DA:512,1
DA:522,1
DA:525,5
DA:526,6
DA:529,5
DA:530,1
DA:544,5
DA:545,11
DA:546,3
DA:547,3
DA:548,3
DA:551,8
DA:552,8
DA:553,1
DA:554,1
DA:555,1
DA:558,7
DA:559,7
DA:560,1
DA:561,1
DA:562,1
DA:565,6
DA:566,1
DA:567,1
DA:570,5
DA:574,5
DA:576,2
DA:577,2
DA:578,2
DA:580,1
DA:581,1
DA:582,1
DA:584,1
DA:585,1
DA:586,1
DA:588,1
DA:589,1
DA:590,1
DA:594,4
DA:596,4
DA:634,4
DA:635,2
DA:636,2
DA:638,1
DA:642,1
DA:649,4
DA:650,4
DA:655,5
DA:656,12
DA:657,12
DA:659,11
DA:660,1
DA:667,10
DA:669,10
DA:670,2
DA:678,8
DA:709,8
DA:711,8
DA:713,8
DA:717,1
DA:722,1
DA:726,2
DA:731,1
DA:735,1
DA:740,1
DA:744,1
DA:749,1
DA:753,1
DA:758,1
DA:762,1
DA:767,1
DA:770,1
DA:775,1
DA:781,8
DA:786,5
DA:787,6
DA:788,6
DA:790,5
DA:791,1
DA:796,4
DA:800,4
DA:803,3
DA:805,2
DA:809,2
DA:811,2
DA:818,1
DA:820,1
DA:824,1
DA:826,1
DA:833,4
DA:847,4
DA:848,4
DA:850,3
DA:854,1
DA:860,4
DA:861,4
DA:864,5
DA:865,5
DA:867,5
DA:869,5
DA:870,1
DA:873,5
DA:874,6
DA:876,5
DA:877,1
DA:880,5
DA:883,5
DA:884,5
DA:885,5
DA:886,5
DA:887,5
DA:890,5
DA:893,5
DA:894,5
DA:895,5
DA:896,5
DA:899,5
DA:900,5
DA:901,5
DA:902,5
DA:903,5
DA:904,5
DA:905,5
DA:908,5
DA:910,5
DA:912,5
DA:915,5
DA:916,5
DA:917,5
DA:918,5
DA:919,5
DA:922,5
DA:923,5
DA:924,5
DA:925,5
DA:928,5
DA:929,5
DA:931,5
DA:932,5
DA:933,5
DA:934,5
DA:937,5
DA:938,5
DA:940,7
DA:941,5
DA:943,7
DA:944,7
DA:945,7
DA:946,7
DA:947,7
DA:949,7
DA:953,5
DA:954,5
DA:957,5
DA:960,5
DA:961,5
DA:962,5
DA:963,5
DA:964,5
DA:965,5
DA:968,5
DA:969,5
DA:970,5
DA:972,5
DA:973,5
DA:974,5
DA:976,5
DA:977,5
DA:978,5
DA:980,5
DA:981,1
DA:982,1
DA:983,1
DA:986,5
DA:988,5
DA:990,5
DA:991,5
DA:994,5
DA:995,1
DA:997,1
DA:998,1
DA:999,1
DA:1003,5
DA:1004,5
DA:1005,5
DA:1006,5
DA:1008,5
DA:1012,5
LF:385
LH:385
BRDA:21,0,0,3
BRDA:21,0,1,3
BRDA:43,1,0,1
BRDA:43,1,1,9
BRDA:50,2,0,1
BRDA:50,2,1,8
BRDA:50,3,0,9
BRDA:50,3,1,9
BRDA:58,4,0,8
BRDA:58,4,1,7
BRDA:58,4,2,7
BRDA:58,4,3,1
BRDA:58,4,4,1
BRDA:58,4,5,1
BRDA:65,5,0,7
BRDA:65,5,1,1
BRDA:142,6,0,1
BRDA:142,6,1,7
BRDA:147,7,0,1
BRDA:147,7,1,6
BRDA:147,8,0,7
BRDA:147,8,1,6
BRDA:152,9,0,1
BRDA:152,9,1,5
BRDA:159,10,0,3
BRDA:159,10,1,2
BRDA:197,11,0,3
BRDA:197,11,1,5
BRDA:211,12,0,2
BRDA:211,12,1,3
BRDA:304,13,0,3
BRDA:304,13,1,2
BRDA:321,14,0,3
BRDA:321,14,1,1
BRDA:364,15,0,0
BRDA:365,16,0,0
BRDA:370,17,0,6
BRDA:370,17,1,4
BRDA:373,18,0,54
BRDA:373,18,1,54
BRDA:374,19,0,54
BRDA:374,19,1,12
BRDA:375,20,0,54
BRDA:375,20,1,12
BRDA:375,20,2,12
BRDA:376,21,0,54
BRDA:376,21,1,6
BRDA:376,21,2,6
BRDA:377,22,0,54
BRDA:377,22,1,6
BRDA:377,22,2,6
BRDA:378,23,0,54
BRDA:378,23,1,12
BRDA:378,23,2,12
BRDA:380,24,0,54
BRDA:380,24,1,53
BRDA:380,24,2,52
BRDA:380,24,3,51
BRDA:380,24,4,50
BRDA:380,24,5,49
BRDA:385,25,0,1
BRDA:385,25,1,9
BRDA:388,26,0,1
BRDA:388,26,1,0
BRDA:388,26,2,0
BRDA:394,27,0,1
BRDA:394,27,1,9
BRDA:397,28,0,1
BRDA:397,28,1,0
BRDA:403,29,0,1
BRDA:403,29,1,9
BRDA:406,30,0,1
BRDA:406,30,1,0
BRDA:412,31,0,1
BRDA:412,31,1,9
BRDA:414,32,0,1
BRDA:414,32,1,1
BRDA:416,33,0,1
BRDA:416,33,1,9
BRDA:418,34,0,1
BRDA:418,34,1,1
BRDA:422,35,0,1
BRDA:422,35,1,9
BRDA:422,36,0,10
BRDA:422,36,1,2
BRDA:424,37,0,1
BRDA:424,37,1,0
BRDA:426,38,0,1
BRDA:426,38,1,9
BRDA:426,39,0,10
BRDA:426,39,1,2
BRDA:428,40,0,1
BRDA:428,40,1,0
BRDA:432,41,0,5
BRDA:432,41,1,5
BRDA:433,42,0,6
BRDA:433,42,1,4
BRDA:435,43,0,1
BRDA:435,43,1,3
BRDA:437,44,0,1
BRDA:437,44,1,2
BRDA:439,45,0,8
BRDA:439,45,1,0
BRDA:439,46,0,8
BRDA:439,46,1,0
BRDA:440,47,0,1
BRDA:440,47,1,1
BRDA:442,48,0,8
BRDA:442,48,1,0
BRDA:442,49,0,8
BRDA:442,49,1,0
BRDA:447,50,0,10
BRDA:447,50,1,8
BRDA:448,51,0,10
BRDA:448,51,1,8
BRDA:449,52,0,1
BRDA:449,52,1,9
BRDA:450,53,0,1
BRDA:450,53,1,9
BRDA:458,54,0,90
BRDA:458,54,1,50
BRDA:459,55,0,90
BRDA:459,55,1,0
BRDA:460,56,0,90
BRDA:460,56,1,0
BRDA:461,57,0,90
BRDA:461,57,1,0
BRDA:463,58,0,90
BRDA:463,58,1,0
BRDA:464,59,0,90
BRDA:464,59,1,80
BRDA:466,60,0,90
BRDA:466,60,1,0
BRDA:467,61,0,90
BRDA:467,61,1,0
BRDA:469,62,0,90
BRDA:469,62,1,0
BRDA:470,63,0,90
BRDA:470,63,1,80
BRDA:470,63,2,70
BRDA:470,63,3,60
BRDA:473,64,0,90
BRDA:473,64,1,0
BRDA:474,65,0,90
BRDA:474,65,1,0
BRDA:475,66,0,90
BRDA:475,66,1,80
BRDA:475,66,2,70
BRDA:475,66,3,40
BRDA:475,67,0,40
BRDA:475,67,1,0
BRDA:478,68,0,90
BRDA:478,68,1,0
BRDA:479,69,0,20
BRDA:479,69,1,0
BRDA:501,70,0,10
BRDA:501,70,1,1
BRDA:508,71,0,25
BRDA:508,71,1,3
BRDA:512,72,0,0
BRDA:526,73,0,6
BRDA:526,73,1,1
BRDA:545,74,0,3
BRDA:545,74,1,8
BRDA:545,75,0,11
BRDA:545,75,1,10
BRDA:551,76,0,8
BRDA:551,76,1,1
BRDA:552,77,0,1
BRDA:552,77,1,7
BRDA:559,78,0,1
BRDA:559,78,1,6
BRDA:565,79,0,1
BRDA:565,79,1,5
BRDA:574,80,0,2
BRDA:574,80,1,1
BRDA:574,80,2,1
BRDA:574,80,3,1
BRDA:634,81,0,2
BRDA:634,81,1,2
BRDA:657,82,0,1
BRDA:657,82,1,11
BRDA:659,83,0,1
BRDA:659,83,1,10
BRDA:667,84,0,10
BRDA:667,84,1,1
BRDA:669,85,0,2
BRDA:669,85,1,8
BRDA:713,86,0,1
BRDA:713,86,1,2
BRDA:713,86,2,1
BRDA:713,86,3,1
BRDA:713,86,4,1
BRDA:713,86,5,1
BRDA:713,86,6,1
BRDA:788,87,0,1
BRDA:788,87,1,5
BRDA:790,88,0,1
BRDA:790,88,1,4
BRDA:800,89,0,3
BRDA:800,89,1,1
BRDA:800,90,0,4
BRDA:800,90,1,4
BRDA:803,91,0,2
BRDA:803,91,1,1
BRDA:818,92,0,1
BRDA:818,92,1,0
BRDA:901,93,0,5
BRDA:901,93,1,0
BRDA:901,93,2,0
BRDA:917,94,0,5
BRDA:917,94,1,1
BRDA:919,95,0,5
BRDA:919,95,1,1
BRDA:924,96,0,5
BRDA:924,96,1,5
BRDA:925,97,0,5
BRDA:925,97,1,1
BRDA:925,98,0,5
BRDA:925,98,1,1
BRDA:925,99,0,5
BRDA:925,99,1,5
BRDA:938,100,0,5
BRDA:938,100,1,0
BRDA:940,101,0,5
BRDA:940,101,1,2
BRDA:963,102,0,5
BRDA:963,102,1,5
BRDA:964,103,0,5
BRDA:964,103,1,5
BRDA:965,104,0,5
BRDA:965,104,1,5
BRDA:970,105,0,5
BRDA:970,105,1,5
BRDA:970,105,2,0
BRDA:980,106,0,1
BRDA:980,106,1,4
BRDA:991,107,0,5
BRDA:991,107,1,0
BRDA:994,108,0,1
BRDA:994,108,1,4
BRDA:999,109,0,1
BRDA:999,109,1,0
BRF:243
BRH:211
end_of_record
TN:
SF:src\utils\cartApi.js
FN:4,(anonymous_0)
FN:16,(anonymous_1)
FN:23,(anonymous_2)
FN:29,(anonymous_3)
FN:40,(anonymous_4)
FNF:5
FNH:5
FNDA:2,(anonymous_0)
FNDA:2,(anonymous_1)
FNDA:3,(anonymous_2)
FNDA:3,(anonymous_3)
FNDA:1,(anonymous_4)
DA:1,6
DA:2,6
DA:4,6
DA:5,2
DA:13,2
DA:16,6
DA:17,2
DA:20,2
DA:23,6
DA:25,3
DA:29,3
DA:37,3
DA:40,6
DA:41,1
DA:46,6
LF:15
LH:15
BRDA:5,0,0,1
BRDA:13,1,0,1
BRDA:13,1,1,1
BRDA:20,2,0,2
BRDA:20,2,1,1
BRDA:37,3,0,3
BRDA:37,3,1,3
BRF:7
BRH:7
end_of_record
TN:
SF:src\utils\cognitoVerifier.js
FN:25,(anonymous_0)
FN:48,(anonymous_1)
FN:73,(anonymous_2)
FN:114,(anonymous_3)
FN:158,(anonymous_4)
FNF:5
FNH:5
FNDA:3,(anonymous_0)
FNDA:3,(anonymous_1)
FNDA:7,(anonymous_2)
FNDA:5,(anonymous_3)
FNDA:3,(anonymous_4)
DA:25,4
DA:26,3
DA:27,1
DA:28,1
DA:30,0
DA:35,3
DA:48,4
DA:49,3
DA:51,3
DA:63,4
DA:64,4
DA:73,4
DA:75,7
DA:82,5
DA:86,2
DA:87,2
DA:88,2
DA:114,4
DA:115,5
DA:116,5
DA:117,5
DA:118,1
DA:121,4
DA:122,1
DA:123,1
DA:124,1
DA:125,1
DA:128,3
DA:129,1
DA:130,1
DA:131,1
DA:132,1
DA:135,2
DA:136,1
DA:137,1
DA:138,1
DA:139,1
DA:143,1
DA:144,1
DA:145,1
DA:146,1
DA:147,1
DA:158,4
DA:159,3
DA:160,1
DA:163,2
DA:165,2
DA:166,1
DA:169,1
DA:172,4
LF:50
LH:49
BRDA:26,0,0,1
BRDA:26,0,1,2
BRDA:75,1,0,5
BRDA:75,1,1,2
BRDA:76,2,0,7
BRDA:76,2,1,6
BRDA:76,2,2,6
BRDA:76,2,3,5
BRDA:76,2,4,5
BRDA:121,3,0,1
BRDA:121,3,1,3
BRDA:128,4,0,1
BRDA:128,4,1,2
BRDA:128,5,0,3
BRDA:128,5,1,2
BRDA:135,6,0,1
BRDA:135,6,1,1
BRDA:135,7,0,2
BRDA:135,7,1,1
BRDA:159,8,0,1
BRDA:159,8,1,2
BRDA:165,9,0,1
BRDA:165,9,1,1
BRDA:165,10,0,2
BRDA:165,10,1,1
BRF:25
BRH:25
end_of_record
TN:
SF:src\utils\couponClient.js
FN:12,(anonymous_0)
FNF:1
FNH:1
FNDA:5,(anonymous_0)
DA:1,6
DA:3,6
DA:12,6
DA:13,5
DA:15,5
DA:17,5
DA:23,5
DA:35,2
DA:39,3
DA:41,3
DA:43,3
DA:45,3
DA:46,2
DA:51,1
DA:55,6
LF:15
LH:15
BRDA:12,0,0,1
BRDA:45,1,0,2
BRDA:45,1,1,1
BRDA:47,2,0,2
BRDA:47,2,1,1
BRF:5
BRH:5
end_of_record
TN:
SF:src\utils\fileHandler.js
FNF:0
FNH:0
DA:1,10
DA:2,10
DA:4,10
DA:5,10
DA:8,10
DA:9,2
DA:12,10
DA:18,10
DA:19,10
DA:20,10
DA:22,10
LF:11
LH:11
BRDA:8,0,0,2
BRDA:8,0,1,8
BRF:2
BRH:2
end_of_record
TN:
SF:src\utils\inventoryApi.js
FN:11,(anonymous_0)
FN:34,(anonymous_1)
FN:67,(anonymous_2)
FN:85,(anonymous_3)
FN:108,(anonymous_4)
FN:136,(anonymous_5)
FN:154,(anonymous_6)
FNF:7
FNH:7
FNDA:6,(anonymous_0)
FNDA:5,(anonymous_1)
FNDA:5,(anonymous_2)
FNDA:4,(anonymous_3)
FNDA:3,(anonymous_4)
FNDA:4,(anonymous_5)
FNDA:4,(anonymous_6)
DA:1,8
DA:4,8
DA:11,8
DA:12,6
DA:13,6
DA:22,3
DA:24,3
DA:26,2
DA:34,8
DA:35,5
DA:37,5
DA:49,2
DA:53,3
DA:67,8
DA:68,5
DA:82,2
DA:85,8
DA:87,4
DA:100,1
DA:108,8
DA:109,3
DA:110,3
DA:124,2
DA:126,1
DA:132,1
DA:136,8
DA:137,4
DA:151,1
DA:154,8
DA:155,4
DA:169,1
DA:172,8
LF:32
LH:32
BRDA:4,0,0,8
BRDA:4,0,1,1
BRDA:22,1,0,3
BRDA:22,1,1,1
BRDA:24,2,0,1
BRDA:24,2,1,2
BRDA:28,3,0,2
BRDA:28,3,1,2
BRDA:49,4,0,2
BRDA:49,4,1,1
BRDA:55,5,0,3
BRDA:55,5,1,2
BRDA:82,6,0,2
BRDA:82,6,1,1
BRDA:124,7,0,2
BRDA:124,7,1,1
BRDA:128,8,0,1
BRDA:128,8,1,0
BRF:18
BRH:17
end_of_record
TN:
SF:src\utils\orderEventPublisher.js
FN:12,(anonymous_0)
FN:43,(anonymous_1)
FN:73,(anonymous_2)
FN:107,(anonymous_3)
FNF:4
FNH:4
FNDA:4,(anonymous_0)
FNDA:2,(anonymous_1)
FNDA:5,(anonymous_2)
FNDA:7,(anonymous_3)
DA:1,6
DA:2,6
DA:4,6
DA:5,6
DA:8,6
DA:9,2
DA:12,6
DA:13,4
DA:30,4
DA:38,3
DA:43,6
DA:44,2
DA:60,2
DA:68,1
DA:73,6
DA:74,5
DA:94,5
DA:102,4
DA:107,6
DA:109,7
DA:110,7
DA:111,7
DA:112,7
DA:113,7
DA:114,7
DA:116,7
DA:136,7
DA:137,7
DA:139,7
DA:147,6
DA:150,6
LF:31
LH:31
BRDA:8,0,0,2
BRDA:8,0,1,4
BRDA:73,1,0,5
BRF:3
BRH:3
end_of_record
TN:
SF:src\utils\responseHandler.js
FN:1,(anonymous_0)
FN:7,(anonymous_1)
FNF:2
FNH:2
FNDA:7,(anonymous_0)
FNDA:7,(anonymous_1)
DA:1,5
DA:2,7
DA:3,7
DA:4,7
DA:7,5
DA:8,7
DA:11,5
LF:7
LH:7
BRDA:1,0,0,4
BRDA:1,1,0,6
BRDA:3,2,0,1
BRDA:3,2,1,6
BRDA:7,3,0,0
BRF:5
BRH:4
end_of_record
TN:
SF:src\utils\userApi.js
FN:9,(anonymous_0)
FN:33,(anonymous_1)
FNF:2
FNH:2
FNDA:5,(anonymous_0)
FNDA:4,(anonymous_1)
DA:1,7
DA:4,7
DA:9,7
DA:10,5
DA:11,5
DA:20,2
DA:22,3
DA:33,7
DA:34,4
DA:35,4
DA:45,1
DA:47,3
DA:55,7
LF:13
LH:13
BRDA:4,0,0,7
BRDA:4,0,1,1
BRDA:24,1,0,3
BRDA:24,1,1,2
BRDA:49,2,0,3
BRDA:49,2,1,2
BRF:6
BRH:6
end_of_record
TN:
SF:src\validations\orderValidation.js
FN:5,(anonymous_0)
FNF:1
FNH:1
FNDA:4,(anonymous_0)
DA:1,3
DA:3,3
DA:5,3
DA:6,4
DA:7,4
DA:8,2
DA:9,2
DA:11,2
DA:14,3
DA:36,3
DA:46,3
LF:11
LH:11
BRDA:7,0,0,2
BRDA:7,0,1,2
BRF:2
BRH:2
end_of_record
