TN:
SF:src\config\cognitoClient.js
FN:7,(anonymous_0)
FNF:1
FNH:1
FNDA:4,(anonymous_0)
DA:3,3
DA:7,3
DA:8,4
DA:9,2
DA:14,4
DA:17,3
LF:6
LH:6
BRDA:8,0,0,2
BRDA:8,0,1,2
BRDA:10,1,0,2
BRDA:10,1,1,0
BRF:4
BRH:3
end_of_record
TN:
SF:src\constants\groups.js
FNF:0
FNH:0
DA:3,1
LF:1
LH:1
BRF:0
BRH:0
end_of_record
TN:
SF:src\handlers\postConfirmationHandler.js
FN:7,(anonymous_0)
FNF:1
FNH:1
FNDA:2,(anonymous_0)
DA:3,1
DA:4,1
DA:5,1
DA:7,1
DA:8,2
DA:9,2
DA:10,1
DA:13,1
DA:15,1
DA:20,1
DA:25,1
DA:27,1
DA:33,1
DA:35,1
DA:41,1
DA:45,1
LF:16
LH:16
BRDA:9,0,0,1
BRDA:9,0,1,1
BRDA:9,1,0,2
BRDA:9,1,1,2
BRDA:9,1,2,1
BRDA:13,2,0,1
BRDA:13,2,1,1
BRDA:37,3,0,1
BRDA:37,3,1,1
BRDA:38,4,0,1
BRDA:38,4,1,1
BRF:11
BRH:11
end_of_record
TN:
SF:src\services\cognitoService.js
FN:7,(anonymous_0)
FNF:1
FNH:1
FNDA:5,(anonymous_0)
DA:3,2
DA:4,2
DA:5,2
DA:7,2
DA:8,5
DA:9,1
DA:12,4
DA:13,1
DA:16,3
DA:18,3
DA:19,1
DA:22,2
DA:24,2
DA:30,2
DA:31,2
DA:32,1
DA:38,1
DA:45,1
DA:51,1
DA:55,2
LF:20
LH:20
BRDA:8,0,0,1
BRDA:8,0,1,4
BRDA:12,1,0,1
BRDA:12,1,1,3
BRDA:18,2,0,1
BRDA:18,2,1,2
BRF:6
BRH:6
end_of_record
TN:
SF:src\utils\logger.js
FN:3,(anonymous_0)
FN:13,(anonymous_1)
FN:14,(anonymous_2)
FN:15,(anonymous_3)
FNF:4
FNH:4
FNDA:9,(anonymous_0)
FNDA:5,(anonymous_1)
FNDA:1,(anonymous_2)
FNDA:3,(anonymous_3)
DA:3,4
DA:4,9
DA:10,9
DA:13,5
DA:14,4
DA:15,4
DA:17,4
LF:7
LH:7
BRDA:3,0,0,0
BRF:1
BRH:0
end_of_record
