TN:
SF:src\config\cognitoConfig.js
FN:27,(anonymous_0)
FN:54,(anonymous_1)
FNF:2
FNH:2
FNDA:1,(anonymous_0)
FNDA:1,(anonymous_1)
DA:17,1
DA:27,1
DA:28,1
DA:30,1
DA:31,0
DA:34,1
DA:35,0
DA:38,1
DA:39,0
DA:42,1
DA:43,0
DA:54,1
DA:55,1
DA:56,1
DA:59,1
LF:15
LH:11
BRDA:30,0,0,0
BRDA:30,0,1,1
BRDA:34,1,0,0
BRDA:34,1,1,1
BRDA:38,2,0,0
BRDA:38,2,1,1
BRDA:42,3,0,0
BRDA:42,3,1,1
BRF:8
BRH:4
end_of_record
TN:
SF:src\controllers\productController.js
FN:4,(anonymous_0)
FN:14,(anonymous_1)
FN:23,(anonymous_2)
FN:33,(anonymous_3)
FN:52,(anonymous_4)
FN:61,(anonymous_5)
FN:71,(anonymous_6)
FN:81,(anonymous_7)
FN:96,(anonymous_8)
FNF:9
FNH:9
FNDA:2,(anonymous_0)
FNDA:2,(anonymous_1)
FNDA:3,(anonymous_2)
FNDA:2,(anonymous_3)
FNDA:2,(anonymous_4)
FNDA:3,(anonymous_5)
FNDA:3,(anonymous_6)
FNDA:2,(anonymous_7)
FNDA:2,(anonymous_8)
DA:1,1
DA:2,1
DA:4,1
DA:5,2
DA:6,2
DA:7,2
DA:8,1
DA:10,1
DA:14,1
DA:15,2
DA:16,2
DA:17,1
DA:19,1
DA:23,1
DA:24,3
DA:25,3
DA:26,2
DA:27,1
DA:29,1
DA:33,1
DA:34,2
DA:36,2
DA:39,2
DA:41,1
DA:48,1
DA:52,1
DA:53,2
DA:54,2
DA:55,1
DA:57,1
DA:61,1
DA:62,3
DA:63,3
DA:64,2
DA:65,1
DA:67,1
DA:71,1
DA:72,3
DA:73,3
DA:74,2
DA:75,1
DA:77,1
DA:81,1
DA:82,2
DA:83,2
DA:85,2
DA:87,1
DA:92,1
DA:96,1
DA:97,2
DA:98,2
DA:100,2
DA:102,1
DA:104,1
DA:108,1
LF:55
LH:55
BRDA:26,0,0,1
BRDA:26,0,1,1
BRDA:64,1,0,1
BRDA:64,1,1,1
BRDA:74,2,0,1
BRDA:74,2,1,1
BRF:6
BRH:6
end_of_record
TN:
SF:src\middleware\authMiddleware.js
FN:56,(anonymous_0)
FNF:1
FNH:1
FNDA:4,(anonymous_0)
DA:17,1
DA:18,1
DA:56,1
DA:57,4
DA:59,4
DA:61,4
DA:62,1
DA:69,3
DA:71,3
DA:72,1
DA:79,2
DA:82,2
DA:86,1
DA:89,1
DA:92,1
DA:93,1
DA:95,1
DA:102,1
LF:18
LH:18
BRDA:61,0,0,1
BRDA:61,0,1,3
BRDA:71,1,0,1
BRDA:71,1,1,2
BRDA:92,2,0,1
BRDA:92,2,1,1
BRDA:93,3,0,1
BRDA:93,3,1,0
BRF:8
BRH:7
end_of_record
TN:
SF:src\middleware\errorMiddleware.js
FN:1,(anonymous_0)
FNF:1
FNH:1
FNDA:2,(anonymous_0)
DA:1,1
DA:2,2
DA:3,2
DA:10,1
LF:4
LH:4
BRDA:2,0,0,2
BRDA:2,0,1,1
BRDA:5,1,0,2
BRDA:5,1,1,1
BRDA:6,2,0,2
BRDA:6,2,1,0
BRF:6
BRH:5
end_of_record
TN:
SF:src\middleware\notFoundMiddleware.js
FN:1,(anonymous_0)
FNF:1
FNH:1
FNDA:1,(anonymous_0)
DA:1,1
DA:2,1
DA:5,1
LF:3
LH:3
BRF:0
BRH:0
end_of_record
TN:
SF:src\middleware\roleMiddleware.js
FN:3,(anonymous_0)
FN:4,(anonymous_1)
FN:12,(anonymous_2)
FNF:3
FNH:3
FNDA:4,(anonymous_0)
FNDA:4,(anonymous_1)
FNDA:2,(anonymous_2)
DA:1,1
DA:3,1
DA:4,4
DA:5,4
DA:6,4
DA:7,1
DA:10,2
DA:12,2
DA:13,2
DA:16,2
DA:17,1
DA:24,1
DA:26,1
DA:31,1
LF:14
LH:14
BRDA:6,0,0,1
BRDA:6,0,1,2
BRDA:10,1,0,2
BRDA:10,1,1,0
BRDA:16,2,0,1
BRDA:16,2,1,1
BRF:6
BRH:5
end_of_record
TN:
SF:src\services\productService.js
FN:18,(anonymous_0)
FN:62,(anonymous_1)
FN:73,(anonymous_2)
FN:77,(anonymous_3)
FN:82,(anonymous_4)
FN:88,(anonymous_5)
FN:93,(anonymous_6)
FN:97,(anonymous_7)
FN:117,(anonymous_8)
FN:121,(anonymous_9)
FN:177,(anonymous_10)
FN:189,(anonymous_11)
FN:200,(anonymous_12)
FN:209,(anonymous_13)
FN:212,(anonymous_14)
FN:226,(anonymous_15)
FN:243,(anonymous_16)
FN:254,(anonymous_17)
FN:255,(anonymous_18)
FN:256,(anonymous_19)
FN:271,(anonymous_20)
FN:288,(anonymous_21)
FN:292,(anonymous_22)
FN:334,(anonymous_23)
FN:362,(anonymous_24)
FN:397,(anonymous_25)
FNF:26
FNH:24
FNDA:6,(anonymous_0)
FNDA:2,(anonymous_1)
FNDA:0,(anonymous_2)
FNDA:1,(anonymous_3)
FNDA:1,(anonymous_4)
FNDA:1,(anonymous_5)
FNDA:1,(anonymous_6)
FNDA:1,(anonymous_7)
FNDA:6,(anonymous_8)
FNDA:3,(anonymous_9)
FNDA:3,(anonymous_10)
FNDA:1,(anonymous_11)
FNDA:2,(anonymous_12)
FNDA:1,(anonymous_13)
FNDA:1,(anonymous_14)
FNDA:7,(anonymous_15)
FNDA:4,(anonymous_16)
FNDA:5,(anonymous_17)
FNDA:5,(anonymous_18)
FNDA:5,(anonymous_19)
FNDA:1,(anonymous_20)
FNDA:0,(anonymous_21)
FNDA:2,(anonymous_22)
FNDA:1,(anonymous_23)
FNDA:2,(anonymous_24)
FNDA:2,(anonymous_25)
DA:1,3
DA:2,3
DA:3,3
DA:4,3
DA:5,3
DA:6,3
DA:7,3
DA:15,3
DA:16,3
DA:18,3
DA:19,6
DA:21,6
DA:22,6
DA:23,6
DA:25,6
DA:26,1
DA:27,1
DA:28,1
DA:30,6
DA:31,1
DA:32,1
DA:33,1
DA:35,6
DA:36,1
DA:37,1
DA:38,1
DA:40,6
DA:41,1
DA:42,1
DA:43,1
DA:46,6
DA:55,6
DA:57,6
DA:59,6
DA:60,1
DA:61,1
DA:63,2
DA:70,6
DA:71,6
DA:73,1
DA:74,1
DA:77,1
DA:78,1
DA:81,1
DA:82,1
DA:84,1
DA:87,1
DA:88,1
DA:90,1
DA:93,1
DA:94,1
DA:97,1
DA:98,1
DA:101,0
DA:105,6
DA:106,6
DA:107,6
DA:108,6
DA:109,6
DA:111,6
DA:117,3
DA:118,6
DA:119,6
DA:121,3
DA:122,3
DA:124,3
DA:125,3
DA:127,3
DA:128,1
DA:129,1
DA:130,1
DA:133,2
DA:134,1
DA:135,1
DA:136,1
DA:139,1
DA:141,1
DA:157,1
DA:159,1
DA:166,1
DA:168,1
DA:170,1
DA:172,1
DA:174,1
DA:177,3
DA:179,3
DA:180,2
DA:181,2
DA:182,2
DA:185,1
DA:189,1
DA:197,1
DA:200,3
DA:201,2
DA:202,2
DA:204,1
DA:206,1
DA:207,1
DA:209,1
DA:211,1
DA:212,1
DA:215,1
DA:216,1
DA:217,1
DA:219,0
DA:224,1
DA:225,1
DA:226,7
DA:228,1
DA:231,1
DA:232,1
DA:233,1
DA:234,1
DA:235,1
DA:238,0
DA:243,1
DA:244,4
DA:245,0
DA:249,1
DA:251,1
DA:252,1
DA:254,5
DA:255,5
DA:256,5
DA:258,1
DA:268,1
DA:271,3
DA:272,1
DA:287,1
DA:288,0
DA:292,3
DA:294,2
DA:296,2
DA:299,1
DA:300,1
DA:301,1
DA:302,1
DA:308,1
DA:318,1
DA:319,1
DA:321,1
DA:325,0
DA:331,1
DA:334,3
DA:335,1
DA:337,1
DA:339,1
DA:341,1
DA:347,1
DA:351,1
DA:353,1
DA:360,3
DA:362,3
DA:363,2
DA:364,1
DA:367,1
DA:369,1
DA:370,1
DA:371,1
DA:373,1
DA:375,1
DA:381,1
DA:385,1
DA:392,1
DA:397,3
DA:398,2
DA:400,2
DA:402,2
DA:407,2
DA:417,2
DA:422,2
DA:423,1
DA:438,1
DA:443,2
DA:447,0
DA:453,3
LF:176
LH:169
BRDA:25,0,0,1
BRDA:25,0,1,5
BRDA:30,1,0,1
BRDA:30,1,1,5
BRDA:35,2,0,1
BRDA:35,2,1,5
BRDA:40,3,0,1
BRDA:40,3,1,5
BRDA:48,4,0,6
BRDA:48,4,1,1
BRDA:55,5,0,0
BRDA:59,6,0,1
BRDA:59,6,1,5
BRDA:63,7,0,2
BRDA:63,7,1,1
BRDA:63,7,2,1
BRDA:63,7,3,1
BRDA:70,8,0,6
BRDA:70,8,1,0
BRDA:71,9,0,1
BRDA:71,9,1,1
BRDA:71,9,2,1
BRDA:71,9,3,1
BRDA:71,9,4,1
BRDA:71,9,5,1
BRDA:71,9,6,0
BRDA:106,10,0,6
BRDA:106,10,1,5
BRDA:107,11,0,6
BRDA:107,11,1,5
BRDA:119,12,0,6
BRDA:119,12,1,3
BRDA:127,13,0,1
BRDA:127,13,1,2
BRDA:133,14,0,1
BRDA:133,14,1,1
BRDA:149,15,0,1
BRDA:149,15,1,1
BRDA:150,16,0,1
BRDA:150,16,1,1
BRDA:151,17,0,1
BRDA:151,17,1,1
BRDA:152,18,0,1
BRDA:152,18,1,1
BRDA:179,19,0,2
BRDA:179,19,1,1
BRDA:179,20,0,3
BRDA:179,20,1,2
BRDA:197,21,0,1
BRDA:197,21,1,0
BRDA:202,22,0,1
BRDA:202,22,1,1
BRDA:204,23,0,1
BRDA:204,23,1,0
BRDA:204,24,0,1
BRDA:204,24,1,1
BRDA:206,25,0,1
BRDA:206,25,1,0
BRDA:207,26,0,1
BRDA:207,26,1,0
BRDA:228,27,0,1
BRDA:228,27,1,0
BRDA:231,28,0,1
BRDA:231,28,1,0
BRDA:234,29,0,1
BRDA:234,29,1,0
BRDA:234,30,0,1
BRDA:234,30,1,1
BRDA:244,31,0,0
BRDA:244,31,1,4
BRDA:244,32,0,4
BRDA:244,32,1,4
BRDA:244,32,2,4
BRDA:252,33,0,0
BRDA:252,33,1,1
BRDA:272,34,0,0
BRDA:296,35,0,1
BRDA:296,35,1,1
BRDA:299,36,0,1
BRDA:299,36,1,0
BRDA:299,37,0,1
BRDA:299,37,1,1
BRDA:301,38,0,1
BRDA:301,38,1,0
BRDA:363,39,0,1
BRDA:363,39,1,1
BRDA:363,40,0,2
BRDA:363,40,1,1
BRDA:370,41,0,1
BRDA:370,41,1,0
BRDA:370,42,0,0
BRDA:370,42,1,0
BRDA:370,42,2,0
BRDA:398,43,0,2
BRDA:398,43,1,0
BRF:95
BRH:75
end_of_record
TN:
SF:src\utils\categoryApi.js
FN:5,(anonymous_0)
FNF:1
FNH:1
FNDA:1,(anonymous_0)
DA:1,4
DA:3,4
DA:5,4
DA:6,1
DA:7,1
DA:9,1
DA:10,1
DA:17,1
DA:19,1
DA:21,0
DA:22,0
DA:24,0
DA:25,0
DA:26,0
DA:29,0
DA:33,4
LF:16
LH:10
BRDA:24,0,0,0
BRDA:24,0,1,0
BRF:2
BRH:0
end_of_record
TN:
SF:src\utils\cleanProductStock.js
FN:31,(anonymous_0)
FN:37,(anonymous_1)
FN:63,(anonymous_2)
FNF:3
FNH:1
FNDA:1,(anonymous_0)
FNDA:0,(anonymous_1)
FNDA:0,(anonymous_2)
DA:11,1
DA:13,1
DA:18,1
DA:20,1
DA:28,1
DA:29,1
DA:31,1
DA:32,1
DA:34,1
DA:37,1
DA:39,1
DA:40,1
DA:41,1
DA:44,0
DA:46,0
DA:47,0
DA:56,0
DA:59,0
DA:60,0
DA:63,1
DA:64,0
DA:65,0
LF:22
LH:14
BRDA:34,0,0,0
BRDA:39,1,0,1
BRDA:39,1,1,0
BRF:3
BRH:1
end_of_record
TN:
SF:src\utils\cognitoVerifier.js
FN:25,(anonymous_0)
FN:48,(anonymous_1)
FN:73,(anonymous_2)
FN:114,(anonymous_3)
FN:158,(anonymous_4)
FNF:5
FNH:5
FNDA:3,(anonymous_0)
FNDA:3,(anonymous_1)
FNDA:7,(anonymous_2)
FNDA:5,(anonymous_3)
FNDA:3,(anonymous_4)
DA:25,2
DA:26,3
DA:27,1
DA:28,1
DA:30,0
DA:35,3
DA:48,2
DA:49,3
DA:51,3
DA:63,2
DA:64,2
DA:73,2
DA:75,7
DA:82,5
DA:86,2
DA:87,2
DA:88,2
DA:114,2
DA:115,5
DA:116,5
DA:117,5
DA:118,1
DA:121,4
DA:122,1
DA:123,1
DA:124,1
DA:125,1
DA:128,3
DA:129,1
DA:130,1
DA:131,1
DA:132,1
DA:135,2
DA:136,1
DA:137,1
DA:138,1
DA:139,1
DA:143,1
DA:144,1
DA:145,1
DA:146,1
DA:147,1
DA:158,2
DA:159,3
DA:160,1
DA:163,2
DA:165,2
DA:166,1
DA:169,1
DA:172,2
LF:50
LH:49
BRDA:26,0,0,1
BRDA:26,0,1,2
BRDA:75,1,0,5
BRDA:75,1,1,2
BRDA:76,2,0,7
BRDA:76,2,1,6
BRDA:76,2,2,6
BRDA:76,2,3,5
BRDA:76,2,4,5
BRDA:121,3,0,1
BRDA:121,3,1,3
BRDA:128,4,0,1
BRDA:128,4,1,2
BRDA:128,5,0,3
BRDA:128,5,1,2
BRDA:135,6,0,1
BRDA:135,6,1,1
BRDA:135,7,0,2
BRDA:135,7,1,1
BRDA:159,8,0,1
BRDA:159,8,1,2
BRDA:165,9,0,1
BRDA:165,9,1,1
BRDA:165,10,0,2
BRDA:165,10,1,1
BRF:25
BRH:25
end_of_record
TN:
SF:src\utils\fileHandler.js
FNF:0
FNH:0
DA:1,4
DA:2,4
DA:4,4
DA:8,4
DA:10,4
DA:12,4
LF:6
LH:6
BRF:0
BRH:0
end_of_record
TN:
SF:src\utils\productPublisher.js
FN:7,(anonymous_0)
FN:29,(anonymous_1)
FNF:2
FNH:2
FNDA:1,(anonymous_0)
FNDA:1,(anonymous_1)
DA:1,4
DA:3,4
DA:7,4
DA:8,1
DA:16,1
DA:24,1
DA:29,4
DA:30,1
DA:35,1
DA:43,1
DA:50,4
LF:11
LH:11
BRF:0
BRH:0
end_of_record
TN:
SF:src\utils\responseHandler.js
FN:1,(anonymous_0)
FN:7,(anonymous_1)
FNF:2
FNH:2
FNDA:8,(anonymous_0)
FNDA:7,(anonymous_1)
DA:1,3
DA:2,8
DA:3,8
DA:4,8
DA:7,3
DA:8,7
DA:11,3
LF:7
LH:7
BRDA:1,0,0,5
BRDA:1,1,0,7
BRDA:3,2,0,1
BRDA:3,2,1,7
BRDA:7,3,0,0
BRF:5
BRH:4
end_of_record
TN:
SF:src\utils\s3Client.js
FNF:0
FNH:0
DA:1,6
DA:2,6
DA:6,6
LF:3
LH:3
BRF:0
BRH:0
end_of_record
TN:
SF:src\utils\s3Helper.js
FN:3,(anonymous_0)
FNF:1
FNH:1
FNDA:1,(anonymous_0)
DA:1,4
DA:3,4
DA:4,1
DA:6,1
DA:14,4
LF:5
LH:5
BRDA:4,0,0,0
BRDA:4,0,1,1
BRF:2
BRH:1
end_of_record
